Change Component Comment : Designator=H1 Old Comment=M3 New Comment=HOLD
Change Component Comment : Designator=H2 Old Comment=M3 New Comment=HOLD
Change Component Comment : Designator=H3 Old Comment=M3 New Comment=HOLD
Change Component Comment : Designator=H4 Old Comment=M3 New Comment=HOLD
Added Component: Designator=H5(M3)
Added Component: Designator=H6(M3)
Added Component: Designator=H7(M3)
Added Component: Designator=H(M3)
Added Pin To Net: NetName=SHIELD Pin=H5-1
Added Pin To Net: NetName=SHIELD Pin=H5-1
Added Pin To Net: NetName=SHIELD Pin=H5-1
Added Pin To Net: NetName=SHIELD Pin=H5-1
Added Pin To Net: NetName=SHIELD Pin=H5-1
Added Pin To Net: NetName=SHIELD Pin=H5-1
Added Pin To Net: NetName=SHIELD Pin=H5-1
Added Pin To Net: NetName=SHIELD Pin=H5-1
Added Pin To Net: NetName=SHIELD Pin=H5-1
Added Pin To Net: NetName=SHIELD Pin=H6-1
Added Pin To Net: NetName=SHIELD Pin=H6-1
Added Pin To Net: NetName=SHIELD Pin=H6-1
Added Pin To Net: NetName=SHIELD Pin=H6-1
Added Pin To Net: NetName=SHIELD Pin=H6-1
Added Pin To Net: NetName=SHIELD Pin=H6-1
Added Pin To Net: NetName=SHIELD Pin=H6-1
Added Pin To Net: NetName=SHIELD Pin=H6-1
Added Pin To Net: NetName=SHIELD Pin=H6-1
Added Pin To Net: NetName=SHIELD Pin=H7-1
Added Pin To Net: NetName=SHIELD Pin=H7-1
Added Pin To Net: NetName=SHIELD Pin=H7-1
Added Pin To Net: NetName=SHIELD Pin=H7-1
Added Pin To Net: NetName=SHIELD Pin=H7-1
Added Pin To Net: NetName=SHIELD Pin=H7-1
Added Pin To Net: NetName=SHIELD Pin=H7-1
Added Pin To Net: NetName=SHIELD Pin=H7-1
Added Pin To Net: NetName=SHIELD Pin=H7-1
Added Pin To Net: NetName=SHIELD Pin=H-1
Added Pin To Net: NetName=SHIELD Pin=H-1
Added Pin To Net: NetName=SHIELD Pin=H-1
Added Pin To Net: NetName=SHIELD Pin=H-1
Added Pin To Net: NetName=SHIELD Pin=H-1
Added Pin To Net: NetName=SHIELD Pin=H-1
Added Pin To Net: NetName=SHIELD Pin=H-1
Added Pin To Net: NetName=SHIELD Pin=H-1
Added Pin To Net: NetName=SHIELD Pin=H-1
Added Member To Class: ClassName=COMMUNICATION Member=Component H5 HOLD
Added Member To Class: ClassName=COMMUNICATION Member=Component H6 HOLD
Added Member To Class: ClassName=COMMUNICATION Member=Component H7 HOLD
Added Member To Class: ClassName=COMMUNICATION Member=Component H HOLD
