Removed Pin From Net: NetName=LATCH Pin=D53-1
Removed Pin From Net: NetName=SW_EXT_CS Pin=D53-3
Removed Pin From Net: NetName=DAC_CS Pin=D54-1
Removed Pin From Net: NetName=SW_INT_CS Pin=D54-3
Removed Pin From Net: NetName=SCK_LD Pin=D55-1
Removed Pin From Net: NetName=MISO_LD Pin=D55-3
Removed Pin From Net: NetName=MOSI_LD Pin=D56-1
Removed Pin From Net: NetName=MOSI_LD Pin=D56-3
Removed Pin From Net: NetName=12V_EXP Pin=J2-3
Removed Pin From Net: NetName=SW_INT_CS Pin=J2-4
Removed Pin From Net: NetName=DAC_CS Pin=J2-5
Removed Pin From Net: NetName=SW_EXT_CS Pin=J2-6
Removed Pin From Net: NetName=LATCH Pin=J2-7
Removed Pin From Net: NetName=I_MO_EXT Pin=J2-8
Removed Pin From Net: NetName=I_MO_INT Pin=J2-9
Removed Pin From Net: NetName=SCK_LD Pin=J2-10
Removed Pin From Net: NetName=MISO_LD Pin=J2-11
Removed Pin From Net: NetName=MOSI_LD Pin=J2-12
Removed Pin From Net: NetName=SW_INT_CS Pin=TP4-1
Removed Pin From Net: NetName=MOSI_LD Pin=TP5-1
Removed Pin From Net: NetName=MISO_LD Pin=TP6-1
Removed Pin From Net: NetName=SCK_LD Pin=TP7-1
Removed Pin From Net: NetName=SW_EXT_CS Pin=TP8-1
Removed Pin From Net: NetName=LATCH Pin=TP9-1
Removed Pin From Net: NetName=DAC_CS Pin=TP10-1
Removed Member From Class: ClassName=COMMUNICATION Member=TP9
Removed Member From Class: ClassName=COMMUNICATION Member=TP10
Added Pin To Net: NetName=SCK_LD Pin=D53-1
Added Pin To Net: NetName=SCK_LD Pin=D53-3
Added Pin To Net: NetName=MOSI_LD Pin=D54-1
Added Pin To Net: NetName=MISO_LD Pin=D54-3
Added Pin To Net: NetName=LATCH Pin=D55-1
Added Pin To Net: NetName=DAC_CS Pin=D55-3
Added Pin To Net: NetName=SW_EXT_CS Pin=D56-1
Added Pin To Net: NetName=SW_INT_CS Pin=D56-3
Added Pin To Net: NetName=SCK_LD Pin=J2-3
Added Pin To Net: NetName=MISO_LD Pin=J2-4
Added Pin To Net: NetName=MOSI_LD Pin=J2-5
Added Pin To Net: NetName=I_MO_INT Pin=J2-6
Added Pin To Net: NetName=I_MO_EXT Pin=J2-7
Added Pin To Net: NetName=LATCH Pin=J2-9
Added Pin To Net: NetName=DAC_CS Pin=J2-10
Added Pin To Net: NetName=SW_EXT_CS Pin=J2-11
Added Pin To Net: NetName=SW_INT_CS Pin=J2-12
Added Pin To Net: NetName=SCK_LD Pin=TP4-1
Added Pin To Net: NetName=MISO_LD Pin=TP5-1
Added Pin To Net: NetName=MOSI_LD Pin=TP6-1
Added Pin To Net: NetName=I_MO_EXT Pin=TP7-1
Added Pin To Net: NetName=I_MO_INT Pin=TP8-1
