Added Component: Designator=C1(SM-0603)
Add component (AddParameter): Name = "Value"; Value = "103"; VariantName = "[No Variations]"
Added Component: Designator=C2(SM-0603)
Add component (AddParameter): Name = "Value"; Value = "103"; VariantName = "[No Variations]"
Added Component: Designator=C3(CAP TANT 2312)
Add component (AddParameter): Name = "LatestRevisionDate"; Value = "17-Jul-2002"; VariantName = "[No Variations]"
Add component (AddParameter): Name = "LatestRevisionNote"; Value = "Re-released for DXP Platform."; VariantName = "[No Variations]"
Add component (AddParameter): Name = "PackageReference"; Value = "POLAR0.8"; VariantName = "[No Variations]"
Add component (AddParameter): Name = "Published"; Value = "8-Jun-2000"; VariantName = "[No Variations]"
Add component (AddParameter): Name = "Publisher"; Value = "Altium Limited"; VariantName = "[No Variations]"
Added Component: Designator=C4(CAP TANT 2312)
Add component (AddParameter): Name = "LatestRevisionDate"; Value = "17-Jul-2002"; VariantName = "[No Variations]"
Add component (AddParameter): Name = "LatestRevisionNote"; Value = "Re-released for DXP Platform."; VariantName = "[No Variations]"
Add component (AddParameter): Name = "PackageReference"; Value = "POLAR0.8"; VariantName = "[No Variations]"
Add component (AddParameter): Name = "Published"; Value = "8-Jun-2000"; VariantName = "[No Variations]"
Add component (AddParameter): Name = "Publisher"; Value = "Altium Limited"; VariantName = "[No Variations]"
Added Component: Designator=C5(SM-0603)
Add component (AddParameter): Name = "Value"; Value = "103"; VariantName = "[No Variations]"
Added Component: Designator=C6(SM-0603)
Add component (AddParameter): Name = "Value"; Value = "103"; VariantName = "[No Variations]"
Added Component: Designator=C7(SM-0603)
Add component (AddParameter): Name = "Value"; Value = "103"; VariantName = "[No Variations]"
Added Component: Designator=C8(SM-0603)
Add component (AddParameter): Name = "Value"; Value = "103"; VariantName = "[No Variations]"
Added Component: Designator=C9(SM-0603)
Add component (AddParameter): Name = "Value"; Value = "103"; VariantName = "[No Variations]"
Added Component: Designator=C10(SM-0603)
Add component (AddParameter): Name = "Value"; Value = "103"; VariantName = "[No Variations]"
Added Component: Designator=C11(SM-0603)
Add component (AddParameter): Name = "Value"; Value = "103"; VariantName = "[No Variations]"
Added Component: Designator=C12(SM-0603)
Add component (AddParameter): Name = "Value"; Value = "103"; VariantName = "[No Variations]"
Added Component: Designator=C13(SM-0603)
Add component (AddParameter): Name = "Value"; Value = "103"; VariantName = "[No Variations]"
Added Component: Designator=C14(SM-0603)
Add component (AddParameter): Name = "Value"; Value = "103"; VariantName = "[No Variations]"
Added Component: Designator=C15(SM-0603)
Add component (AddParameter): Name = "Value"; Value = "103"; VariantName = "[No Variations]"
Added Component: Designator=C16(SM-0603)
Add component (AddParameter): Name = "Value"; Value = "103"; VariantName = "[No Variations]"
Added Component: Designator=C17(SM-0603)
Add component (AddParameter): Name = "Value"; Value = "103"; VariantName = "[No Variations]"
Added Component: Designator=C18(SM-0603)
Add component (AddParameter): Name = "Value"; Value = "103"; VariantName = "[No Variations]"
Added Component: Designator=C19(SM-0603)
Add component (AddParameter): Name = "Value"; Value = "103"; VariantName = "[No Variations]"
Added Component: Designator=C20(SM-0603)
Add component (AddParameter): Name = "Value"; Value = "103"; VariantName = "[No Variations]"
Added Component: Designator=C21(SM-0603)
Add component (AddParameter): Name = "Value"; Value = "103"; VariantName = "[No Variations]"
Added Component: Designator=C22(SM-0603)
Add component (AddParameter): Name = "Value"; Value = "103"; VariantName = "[No Variations]"
Added Component: Designator=C23(SM-0603)
Add component (AddParameter): Name = "Value"; Value = "103"; VariantName = "[No Variations]"
Added Component: Designator=C24(SM-0603)
Add component (AddParameter): Name = "Value"; Value = "103"; VariantName = "[No Variations]"
Added Component: Designator=C25(SM-0603)
Add component (AddParameter): Name = "Value"; Value = "103"; VariantName = "[No Variations]"
Added Component: Designator=C26(SM-0603)
Add component (AddParameter): Name = "Value"; Value = "103"; VariantName = "[No Variations]"
Added Component: Designator=C27(SM-0603)
Add component (AddParameter): Name = "Value"; Value = "103"; VariantName = "[No Variations]"
Added Component: Designator=C28(SM-0603)
Add component (AddParameter): Name = "Value"; Value = "103"; VariantName = "[No Variations]"
Added Component: Designator=C29(SM-0603)
Add component (AddParameter): Name = "Value"; Value = "103"; VariantName = "[No Variations]"
Added Component: Designator=C30(SM-0603)
Add component (AddParameter): Name = "Value"; Value = "103"; VariantName = "[No Variations]"
Added Component: Designator=C31(SM-0603)
Add component (AddParameter): Name = "Value"; Value = "103"; VariantName = "[No Variations]"
Added Component: Designator=C32(SM-0603)
Add component (AddParameter): Name = "Value"; Value = "103"; VariantName = "[No Variations]"
Added Component: Designator=C33(SM-0603)
Add component (AddParameter): Name = "Value"; Value = "103"; VariantName = "[No Variations]"
Added Component: Designator=C34(SM-0603)
Add component (AddParameter): Name = "Value"; Value = "103"; VariantName = "[No Variations]"
Added Component: Designator=C35(SM-0603)
Add component (AddParameter): Name = "Value"; Value = "103"; VariantName = "[No Variations]"
Added Component: Designator=C36(SM-0603)
Add component (AddParameter): Name = "Value"; Value = "103"; VariantName = "[No Variations]"
Added Component: Designator=C37(SM-0603)
Add component (AddParameter): Name = "Value"; Value = "103"; VariantName = "[No Variations]"
Added Component: Designator=C38(CAP TANT 2312)
Add component (AddParameter): Name = "LatestRevisionDate"; Value = "17-Jul-2002"; VariantName = "[No Variations]"
Add component (AddParameter): Name = "LatestRevisionNote"; Value = "Re-released for DXP Platform."; VariantName = "[No Variations]"
Add component (AddParameter): Name = "PackageReference"; Value = "POLAR0.8"; VariantName = "[No Variations]"
Add component (AddParameter): Name = "Published"; Value = "8-Jun-2000"; VariantName = "[No Variations]"
Add component (AddParameter): Name = "Publisher"; Value = "Altium Limited"; VariantName = "[No Variations]"
Added Component: Designator=C39(CAP TANT 2312)
Add component (AddParameter): Name = "LatestRevisionDate"; Value = "17-Jul-2002"; VariantName = "[No Variations]"
Add component (AddParameter): Name = "LatestRevisionNote"; Value = "Re-released for DXP Platform."; VariantName = "[No Variations]"
Add component (AddParameter): Name = "PackageReference"; Value = "POLAR0.8"; VariantName = "[No Variations]"
Add component (AddParameter): Name = "Published"; Value = "8-Jun-2000"; VariantName = "[No Variations]"
Add component (AddParameter): Name = "Publisher"; Value = "Altium Limited"; VariantName = "[No Variations]"
Added Component: Designator=C40(SM-0603)
Add component (AddParameter): Name = "Value"; Value = "103"; VariantName = "[No Variations]"
Added Component: Designator=C41(SM-0603)
Add component (AddParameter): Name = "Value"; Value = "103"; VariantName = "[No Variations]"
Added Component: Designator=D1(SOD23)
Add component (AddParameter): Name = "Code - JEDEC"; Value = "DO-214-AB"; VariantName = "[No Variations]"
Add component (AddParameter): Name = "Published"; Value = "8-Jun-2000"; VariantName = "[No Variations]"
Add component (AddParameter): Name = "Publisher"; Value = "Altium Limited"; VariantName = "[No Variations]"
Add component (AddParameter): Name = "Revision"; Value = "July-2002: Re-released for DXP Platform."; VariantName = "[No Variations]"
Add component (AddParameter): Name = "Value"; Value = "1N5007"; VariantName = "[No Variations]"
Added Component: Designator=D2(SOD23)
Add component (AddParameter): Name = "Code - JEDEC"; Value = "DO-214-AB"; VariantName = "[No Variations]"
Add component (AddParameter): Name = "Published"; Value = "8-Jun-2000"; VariantName = "[No Variations]"
Add component (AddParameter): Name = "Publisher"; Value = "Altium Limited"; VariantName = "[No Variations]"
Add component (AddParameter): Name = "Revision"; Value = "July-2002: Re-released for DXP Platform."; VariantName = "[No Variations]"
Add component (AddParameter): Name = "Value"; Value = "1N5007"; VariantName = "[No Variations]"
Added Component: Designator=D3(SOD23)
Add component (AddParameter): Name = "Code - JEDEC"; Value = "DO-214-AB"; VariantName = "[No Variations]"
Add component (AddParameter): Name = "Published"; Value = "8-Jun-2000"; VariantName = "[No Variations]"
Add component (AddParameter): Name = "Publisher"; Value = "Altium Limited"; VariantName = "[No Variations]"
Add component (AddParameter): Name = "Revision"; Value = "July-2002: Re-released for DXP Platform."; VariantName = "[No Variations]"
Add component (AddParameter): Name = "Value"; Value = "1N5007"; VariantName = "[No Variations]"
Added Component: Designator=D4(SOD23)
Add component (AddParameter): Name = "Code - JEDEC"; Value = "DO-214-AB"; VariantName = "[No Variations]"
Add component (AddParameter): Name = "Published"; Value = "8-Jun-2000"; VariantName = "[No Variations]"
Add component (AddParameter): Name = "Publisher"; Value = "Altium Limited"; VariantName = "[No Variations]"
Add component (AddParameter): Name = "Revision"; Value = "July-2002: Re-released for DXP Platform."; VariantName = "[No Variations]"
Add component (AddParameter): Name = "Value"; Value = "1N5007"; VariantName = "[No Variations]"
Added Component: Designator=D5(SOD23)
Add component (AddParameter): Name = "Code - JEDEC"; Value = "DO-214-AB"; VariantName = "[No Variations]"
Add component (AddParameter): Name = "Published"; Value = "8-Jun-2000"; VariantName = "[No Variations]"
Add component (AddParameter): Name = "Publisher"; Value = "Altium Limited"; VariantName = "[No Variations]"
Add component (AddParameter): Name = "Revision"; Value = "July-2002: Re-released for DXP Platform."; VariantName = "[No Variations]"
Add component (AddParameter): Name = "Value"; Value = "1N5007"; VariantName = "[No Variations]"
Added Component: Designator=D6(SOD23)
Add component (AddParameter): Name = "Code - JEDEC"; Value = "DO-214-AB"; VariantName = "[No Variations]"
Add component (AddParameter): Name = "Published"; Value = "8-Jun-2000"; VariantName = "[No Variations]"
Add component (AddParameter): Name = "Publisher"; Value = "Altium Limited"; VariantName = "[No Variations]"
Add component (AddParameter): Name = "Revision"; Value = "July-2002: Re-released for DXP Platform."; VariantName = "[No Variations]"
Add component (AddParameter): Name = "Value"; Value = "1N5007"; VariantName = "[No Variations]"
Added Component: Designator=D7(SOD23)
Add component (AddParameter): Name = "Code - JEDEC"; Value = "DO-214-AB"; VariantName = "[No Variations]"
Add component (AddParameter): Name = "Published"; Value = "8-Jun-2000"; VariantName = "[No Variations]"
Add component (AddParameter): Name = "Publisher"; Value = "Altium Limited"; VariantName = "[No Variations]"
Add component (AddParameter): Name = "Revision"; Value = "July-2002: Re-released for DXP Platform."; VariantName = "[No Variations]"
Add component (AddParameter): Name = "Value"; Value = "1N5007"; VariantName = "[No Variations]"
Added Component: Designator=D8(SOD23)
Add component (AddParameter): Name = "Code - JEDEC"; Value = "DO-214-AB"; VariantName = "[No Variations]"
Add component (AddParameter): Name = "Published"; Value = "8-Jun-2000"; VariantName = "[No Variations]"
Add component (AddParameter): Name = "Publisher"; Value = "Altium Limited"; VariantName = "[No Variations]"
Add component (AddParameter): Name = "Revision"; Value = "July-2002: Re-released for DXP Platform."; VariantName = "[No Variations]"
Add component (AddParameter): Name = "Value"; Value = "1N5007"; VariantName = "[No Variations]"
Added Component: Designator=D9(SOD23)
Add component (AddParameter): Name = "Code - JEDEC"; Value = "DO-214-AB"; VariantName = "[No Variations]"
Add component (AddParameter): Name = "Published"; Value = "8-Jun-2000"; VariantName = "[No Variations]"
Add component (AddParameter): Name = "Publisher"; Value = "Altium Limited"; VariantName = "[No Variations]"
Add component (AddParameter): Name = "Revision"; Value = "July-2002: Re-released for DXP Platform."; VariantName = "[No Variations]"
Add component (AddParameter): Name = "Value"; Value = "1N5007"; VariantName = "[No Variations]"
Added Component: Designator=D10(SOD23)
Add component (AddParameter): Name = "Code - JEDEC"; Value = "DO-214-AB"; VariantName = "[No Variations]"
Add component (AddParameter): Name = "Published"; Value = "8-Jun-2000"; VariantName = "[No Variations]"
Add component (AddParameter): Name = "Publisher"; Value = "Altium Limited"; VariantName = "[No Variations]"
Add component (AddParameter): Name = "Revision"; Value = "July-2002: Re-released for DXP Platform."; VariantName = "[No Variations]"
Add component (AddParameter): Name = "Value"; Value = "1N5007"; VariantName = "[No Variations]"
Added Component: Designator=D11(SOD23)
Add component (AddParameter): Name = "Code - JEDEC"; Value = "DO-214-AB"; VariantName = "[No Variations]"
Add component (AddParameter): Name = "Published"; Value = "8-Jun-2000"; VariantName = "[No Variations]"
Add component (AddParameter): Name = "Publisher"; Value = "Altium Limited"; VariantName = "[No Variations]"
Add component (AddParameter): Name = "Revision"; Value = "July-2002: Re-released for DXP Platform."; VariantName = "[No Variations]"
Add component (AddParameter): Name = "Value"; Value = "1N5007"; VariantName = "[No Variations]"
Added Component: Designator=D12(SOD23)
Add component (AddParameter): Name = "Code - JEDEC"; Value = "DO-214-AB"; VariantName = "[No Variations]"
Add component (AddParameter): Name = "Published"; Value = "8-Jun-2000"; VariantName = "[No Variations]"
Add component (AddParameter): Name = "Publisher"; Value = "Altium Limited"; VariantName = "[No Variations]"
Add component (AddParameter): Name = "Revision"; Value = "July-2002: Re-released for DXP Platform."; VariantName = "[No Variations]"
Add component (AddParameter): Name = "Value"; Value = "1N5007"; VariantName = "[No Variations]"
Added Component: Designator=D13(SOD23)
Add component (AddParameter): Name = "Code - JEDEC"; Value = "DO-214-AB"; VariantName = "[No Variations]"
Add component (AddParameter): Name = "Published"; Value = "8-Jun-2000"; VariantName = "[No Variations]"
Add component (AddParameter): Name = "Publisher"; Value = "Altium Limited"; VariantName = "[No Variations]"
Add component (AddParameter): Name = "Revision"; Value = "July-2002: Re-released for DXP Platform."; VariantName = "[No Variations]"
Add component (AddParameter): Name = "Value"; Value = "1N5007"; VariantName = "[No Variations]"
Added Component: Designator=D14(SOD23)
Add component (AddParameter): Name = "Code - JEDEC"; Value = "DO-214-AB"; VariantName = "[No Variations]"
Add component (AddParameter): Name = "Published"; Value = "8-Jun-2000"; VariantName = "[No Variations]"
Add component (AddParameter): Name = "Publisher"; Value = "Altium Limited"; VariantName = "[No Variations]"
Add component (AddParameter): Name = "Revision"; Value = "July-2002: Re-released for DXP Platform."; VariantName = "[No Variations]"
Add component (AddParameter): Name = "Value"; Value = "1N5007"; VariantName = "[No Variations]"
Added Component: Designator=D15(SOD23)
Add component (AddParameter): Name = "Code - JEDEC"; Value = "DO-214-AB"; VariantName = "[No Variations]"
Add component (AddParameter): Name = "Published"; Value = "8-Jun-2000"; VariantName = "[No Variations]"
Add component (AddParameter): Name = "Publisher"; Value = "Altium Limited"; VariantName = "[No Variations]"
Add component (AddParameter): Name = "Revision"; Value = "July-2002: Re-released for DXP Platform."; VariantName = "[No Variations]"
Add component (AddParameter): Name = "Value"; Value = "1N5007"; VariantName = "[No Variations]"
Added Component: Designator=D16(SOD23)
Add component (AddParameter): Name = "Code - JEDEC"; Value = "DO-214-AB"; VariantName = "[No Variations]"
Add component (AddParameter): Name = "Published"; Value = "8-Jun-2000"; VariantName = "[No Variations]"
Add component (AddParameter): Name = "Publisher"; Value = "Altium Limited"; VariantName = "[No Variations]"
Add component (AddParameter): Name = "Revision"; Value = "July-2002: Re-released for DXP Platform."; VariantName = "[No Variations]"
Add component (AddParameter): Name = "Value"; Value = "1N5007"; VariantName = "[No Variations]"
Added Component: Designator=D17(SOD23)
Add component (AddParameter): Name = "Code - JEDEC"; Value = "DO-214-AB"; VariantName = "[No Variations]"
Add component (AddParameter): Name = "Published"; Value = "8-Jun-2000"; VariantName = "[No Variations]"
Add component (AddParameter): Name = "Publisher"; Value = "Altium Limited"; VariantName = "[No Variations]"
Add component (AddParameter): Name = "Revision"; Value = "July-2002: Re-released for DXP Platform."; VariantName = "[No Variations]"
Add component (AddParameter): Name = "Value"; Value = "1N5007"; VariantName = "[No Variations]"
Added Component: Designator=D18(SOD23)
Add component (AddParameter): Name = "Code - JEDEC"; Value = "DO-214-AB"; VariantName = "[No Variations]"
Add component (AddParameter): Name = "Published"; Value = "8-Jun-2000"; VariantName = "[No Variations]"
Add component (AddParameter): Name = "Publisher"; Value = "Altium Limited"; VariantName = "[No Variations]"
Add component (AddParameter): Name = "Revision"; Value = "July-2002: Re-released for DXP Platform."; VariantName = "[No Variations]"
Add component (AddParameter): Name = "Value"; Value = "1N5007"; VariantName = "[No Variations]"
Added Component: Designator=D19(SOD23)
Add component (AddParameter): Name = "Code - JEDEC"; Value = "DO-214-AB"; VariantName = "[No Variations]"
Add component (AddParameter): Name = "Published"; Value = "8-Jun-2000"; VariantName = "[No Variations]"
Add component (AddParameter): Name = "Publisher"; Value = "Altium Limited"; VariantName = "[No Variations]"
Add component (AddParameter): Name = "Revision"; Value = "July-2002: Re-released for DXP Platform."; VariantName = "[No Variations]"
Add component (AddParameter): Name = "Value"; Value = "1N5007"; VariantName = "[No Variations]"
Added Component: Designator=D20(SOD23)
Add component (AddParameter): Name = "Code - JEDEC"; Value = "DO-214-AB"; VariantName = "[No Variations]"
Add component (AddParameter): Name = "Published"; Value = "8-Jun-2000"; VariantName = "[No Variations]"
Add component (AddParameter): Name = "Publisher"; Value = "Altium Limited"; VariantName = "[No Variations]"
Add component (AddParameter): Name = "Revision"; Value = "July-2002: Re-released for DXP Platform."; VariantName = "[No Variations]"
Add component (AddParameter): Name = "Value"; Value = "1N5007"; VariantName = "[No Variations]"
Added Component: Designator=D21(SOD23)
Add component (AddParameter): Name = "Code - JEDEC"; Value = "DO-214-AB"; VariantName = "[No Variations]"
Add component (AddParameter): Name = "Published"; Value = "8-Jun-2000"; VariantName = "[No Variations]"
Add component (AddParameter): Name = "Publisher"; Value = "Altium Limited"; VariantName = "[No Variations]"
Add component (AddParameter): Name = "Revision"; Value = "July-2002: Re-released for DXP Platform."; VariantName = "[No Variations]"
Add component (AddParameter): Name = "Value"; Value = "1N5007"; VariantName = "[No Variations]"
Added Component: Designator=D22(SOD23)
Add component (AddParameter): Name = "Code - JEDEC"; Value = "DO-214-AB"; VariantName = "[No Variations]"
Add component (AddParameter): Name = "Published"; Value = "8-Jun-2000"; VariantName = "[No Variations]"
Add component (AddParameter): Name = "Publisher"; Value = "Altium Limited"; VariantName = "[No Variations]"
Add component (AddParameter): Name = "Revision"; Value = "July-2002: Re-released for DXP Platform."; VariantName = "[No Variations]"
Add component (AddParameter): Name = "Value"; Value = "1N5007"; VariantName = "[No Variations]"
Added Component: Designator=D23(SOD23)
Add component (AddParameter): Name = "Code - JEDEC"; Value = "DO-214-AB"; VariantName = "[No Variations]"
Add component (AddParameter): Name = "Published"; Value = "8-Jun-2000"; VariantName = "[No Variations]"
Add component (AddParameter): Name = "Publisher"; Value = "Altium Limited"; VariantName = "[No Variations]"
Add component (AddParameter): Name = "Revision"; Value = "July-2002: Re-released for DXP Platform."; VariantName = "[No Variations]"
Add component (AddParameter): Name = "Value"; Value = "1N5007"; VariantName = "[No Variations]"
Added Component: Designator=D24(SOD23)
Add component (AddParameter): Name = "Code - JEDEC"; Value = "DO-214-AB"; VariantName = "[No Variations]"
Add component (AddParameter): Name = "Published"; Value = "8-Jun-2000"; VariantName = "[No Variations]"
Add component (AddParameter): Name = "Publisher"; Value = "Altium Limited"; VariantName = "[No Variations]"
Add component (AddParameter): Name = "Revision"; Value = "July-2002: Re-released for DXP Platform."; VariantName = "[No Variations]"
Add component (AddParameter): Name = "Value"; Value = "1N5007"; VariantName = "[No Variations]"
Added Component: Designator=D25(SOD23)
Add component (AddParameter): Name = "Code - JEDEC"; Value = "DO-214-AB"; VariantName = "[No Variations]"
Add component (AddParameter): Name = "Published"; Value = "8-Jun-2000"; VariantName = "[No Variations]"
Add component (AddParameter): Name = "Publisher"; Value = "Altium Limited"; VariantName = "[No Variations]"
Add component (AddParameter): Name = "Revision"; Value = "July-2002: Re-released for DXP Platform."; VariantName = "[No Variations]"
Add component (AddParameter): Name = "Value"; Value = "1N5007"; VariantName = "[No Variations]"
Added Component: Designator=D26(SOD23)
Add component (AddParameter): Name = "Code - JEDEC"; Value = "DO-214-AB"; VariantName = "[No Variations]"
Add component (AddParameter): Name = "Published"; Value = "8-Jun-2000"; VariantName = "[No Variations]"
Add component (AddParameter): Name = "Publisher"; Value = "Altium Limited"; VariantName = "[No Variations]"
Add component (AddParameter): Name = "Revision"; Value = "July-2002: Re-released for DXP Platform."; VariantName = "[No Variations]"
Add component (AddParameter): Name = "Value"; Value = "1N5007"; VariantName = "[No Variations]"
Added Component: Designator=D27(SOD23)
Add component (AddParameter): Name = "Code - JEDEC"; Value = "DO-214-AB"; VariantName = "[No Variations]"
Add component (AddParameter): Name = "Published"; Value = "8-Jun-2000"; VariantName = "[No Variations]"
Add component (AddParameter): Name = "Publisher"; Value = "Altium Limited"; VariantName = "[No Variations]"
Add component (AddParameter): Name = "Revision"; Value = "July-2002: Re-released for DXP Platform."; VariantName = "[No Variations]"
Add component (AddParameter): Name = "Value"; Value = "1N5007"; VariantName = "[No Variations]"
Added Component: Designator=D28(SOD23)
Add component (AddParameter): Name = "Code - JEDEC"; Value = "DO-214-AB"; VariantName = "[No Variations]"
Add component (AddParameter): Name = "Published"; Value = "8-Jun-2000"; VariantName = "[No Variations]"
Add component (AddParameter): Name = "Publisher"; Value = "Altium Limited"; VariantName = "[No Variations]"
Add component (AddParameter): Name = "Revision"; Value = "July-2002: Re-released for DXP Platform."; VariantName = "[No Variations]"
Add component (AddParameter): Name = "Value"; Value = "1N5007"; VariantName = "[No Variations]"
Added Component: Designator=D29(SOD23)
Add component (AddParameter): Name = "Code - JEDEC"; Value = "DO-214-AB"; VariantName = "[No Variations]"
Add component (AddParameter): Name = "Published"; Value = "8-Jun-2000"; VariantName = "[No Variations]"
Add component (AddParameter): Name = "Publisher"; Value = "Altium Limited"; VariantName = "[No Variations]"
Add component (AddParameter): Name = "Revision"; Value = "July-2002: Re-released for DXP Platform."; VariantName = "[No Variations]"
Add component (AddParameter): Name = "Value"; Value = "1N5007"; VariantName = "[No Variations]"
Added Component: Designator=D30(SOD23)
Add component (AddParameter): Name = "Code - JEDEC"; Value = "DO-214-AB"; VariantName = "[No Variations]"
Add component (AddParameter): Name = "Published"; Value = "8-Jun-2000"; VariantName = "[No Variations]"
Add component (AddParameter): Name = "Publisher"; Value = "Altium Limited"; VariantName = "[No Variations]"
Add component (AddParameter): Name = "Revision"; Value = "July-2002: Re-released for DXP Platform."; VariantName = "[No Variations]"
Add component (AddParameter): Name = "Value"; Value = "1N5007"; VariantName = "[No Variations]"
Added Component: Designator=D31(SOD23)
Add component (AddParameter): Name = "Code - JEDEC"; Value = "DO-214-AB"; VariantName = "[No Variations]"
Add component (AddParameter): Name = "Published"; Value = "8-Jun-2000"; VariantName = "[No Variations]"
Add component (AddParameter): Name = "Publisher"; Value = "Altium Limited"; VariantName = "[No Variations]"
Add component (AddParameter): Name = "Revision"; Value = "July-2002: Re-released for DXP Platform."; VariantName = "[No Variations]"
Add component (AddParameter): Name = "Value"; Value = "1N5007"; VariantName = "[No Variations]"
Added Component: Designator=D32(SOD23)
Add component (AddParameter): Name = "Code - JEDEC"; Value = "DO-214-AB"; VariantName = "[No Variations]"
Add component (AddParameter): Name = "Published"; Value = "8-Jun-2000"; VariantName = "[No Variations]"
Add component (AddParameter): Name = "Publisher"; Value = "Altium Limited"; VariantName = "[No Variations]"
Add component (AddParameter): Name = "Revision"; Value = "July-2002: Re-released for DXP Platform."; VariantName = "[No Variations]"
Add component (AddParameter): Name = "Value"; Value = "1N5007"; VariantName = "[No Variations]"
Added Component: Designator=D33(SOD23)
Add component (AddParameter): Name = "Code - JEDEC"; Value = "DO-214-AB"; VariantName = "[No Variations]"
Add component (AddParameter): Name = "Published"; Value = "8-Jun-2000"; VariantName = "[No Variations]"
Add component (AddParameter): Name = "Publisher"; Value = "Altium Limited"; VariantName = "[No Variations]"
Add component (AddParameter): Name = "Revision"; Value = "July-2002: Re-released for DXP Platform."; VariantName = "[No Variations]"
Add component (AddParameter): Name = "Value"; Value = "1N5007"; VariantName = "[No Variations]"
Added Component: Designator=D34(SOD23)
Add component (AddParameter): Name = "Code - JEDEC"; Value = "DO-214-AB"; VariantName = "[No Variations]"
Add component (AddParameter): Name = "Published"; Value = "8-Jun-2000"; VariantName = "[No Variations]"
Add component (AddParameter): Name = "Publisher"; Value = "Altium Limited"; VariantName = "[No Variations]"
Add component (AddParameter): Name = "Revision"; Value = "July-2002: Re-released for DXP Platform."; VariantName = "[No Variations]"
Add component (AddParameter): Name = "Value"; Value = "1N5007"; VariantName = "[No Variations]"
Added Component: Designator=D35(SOD23)
Add component (AddParameter): Name = "Code - JEDEC"; Value = "DO-214-AB"; VariantName = "[No Variations]"
Add component (AddParameter): Name = "Published"; Value = "8-Jun-2000"; VariantName = "[No Variations]"
Add component (AddParameter): Name = "Publisher"; Value = "Altium Limited"; VariantName = "[No Variations]"
Add component (AddParameter): Name = "Revision"; Value = "July-2002: Re-released for DXP Platform."; VariantName = "[No Variations]"
Add component (AddParameter): Name = "Value"; Value = "1N5007"; VariantName = "[No Variations]"
Added Component: Designator=D36(SOD23)
Add component (AddParameter): Name = "Code - JEDEC"; Value = "DO-214-AB"; VariantName = "[No Variations]"
Add component (AddParameter): Name = "Published"; Value = "8-Jun-2000"; VariantName = "[No Variations]"
Add component (AddParameter): Name = "Publisher"; Value = "Altium Limited"; VariantName = "[No Variations]"
Add component (AddParameter): Name = "Revision"; Value = "July-2002: Re-released for DXP Platform."; VariantName = "[No Variations]"
Add component (AddParameter): Name = "Value"; Value = "1N5007"; VariantName = "[No Variations]"
Added Component: Designator=D37(SOD23)
Add component (AddParameter): Name = "Code - JEDEC"; Value = "DO-214-AB"; VariantName = "[No Variations]"
Add component (AddParameter): Name = "Published"; Value = "8-Jun-2000"; VariantName = "[No Variations]"
Add component (AddParameter): Name = "Publisher"; Value = "Altium Limited"; VariantName = "[No Variations]"
Add component (AddParameter): Name = "Revision"; Value = "July-2002: Re-released for DXP Platform."; VariantName = "[No Variations]"
Add component (AddParameter): Name = "Value"; Value = "1N5007"; VariantName = "[No Variations]"
Added Component: Designator=D38(SOD23)
Add component (AddParameter): Name = "Code - JEDEC"; Value = "DO-214-AB"; VariantName = "[No Variations]"
Add component (AddParameter): Name = "Published"; Value = "8-Jun-2000"; VariantName = "[No Variations]"
Add component (AddParameter): Name = "Publisher"; Value = "Altium Limited"; VariantName = "[No Variations]"
Add component (AddParameter): Name = "Revision"; Value = "July-2002: Re-released for DXP Platform."; VariantName = "[No Variations]"
Add component (AddParameter): Name = "Value"; Value = "1N5007"; VariantName = "[No Variations]"
Added Component: Designator=D39(SOD23)
Add component (AddParameter): Name = "Code - JEDEC"; Value = "DO-214-AB"; VariantName = "[No Variations]"
Add component (AddParameter): Name = "Published"; Value = "8-Jun-2000"; VariantName = "[No Variations]"
Add component (AddParameter): Name = "Publisher"; Value = "Altium Limited"; VariantName = "[No Variations]"
Add component (AddParameter): Name = "Revision"; Value = "July-2002: Re-released for DXP Platform."; VariantName = "[No Variations]"
Add component (AddParameter): Name = "Value"; Value = "1N5007"; VariantName = "[No Variations]"
Added Component: Designator=D40(SOD23)
Add component (AddParameter): Name = "Code - JEDEC"; Value = "DO-214-AB"; VariantName = "[No Variations]"
Add component (AddParameter): Name = "Published"; Value = "8-Jun-2000"; VariantName = "[No Variations]"
Add component (AddParameter): Name = "Publisher"; Value = "Altium Limited"; VariantName = "[No Variations]"
Add component (AddParameter): Name = "Revision"; Value = "July-2002: Re-released for DXP Platform."; VariantName = "[No Variations]"
Add component (AddParameter): Name = "Value"; Value = "1N5007"; VariantName = "[No Variations]"
Added Component: Designator=D41(SOD23)
Add component (AddParameter): Name = "Code - JEDEC"; Value = "DO-214-AB"; VariantName = "[No Variations]"
Add component (AddParameter): Name = "Published"; Value = "8-Jun-2000"; VariantName = "[No Variations]"
Add component (AddParameter): Name = "Publisher"; Value = "Altium Limited"; VariantName = "[No Variations]"
Add component (AddParameter): Name = "Revision"; Value = "July-2002: Re-released for DXP Platform."; VariantName = "[No Variations]"
Add component (AddParameter): Name = "Value"; Value = "1N5007"; VariantName = "[No Variations]"
Added Component: Designator=D42(SOD23)
Add component (AddParameter): Name = "Code - JEDEC"; Value = "DO-214-AB"; VariantName = "[No Variations]"
Add component (AddParameter): Name = "Published"; Value = "8-Jun-2000"; VariantName = "[No Variations]"
Add component (AddParameter): Name = "Publisher"; Value = "Altium Limited"; VariantName = "[No Variations]"
Add component (AddParameter): Name = "Revision"; Value = "July-2002: Re-released for DXP Platform."; VariantName = "[No Variations]"
Add component (AddParameter): Name = "Value"; Value = "1N5007"; VariantName = "[No Variations]"
Added Component: Designator=D43(SOD23)
Add component (AddParameter): Name = "Code - JEDEC"; Value = "DO-214-AB"; VariantName = "[No Variations]"
Add component (AddParameter): Name = "Published"; Value = "8-Jun-2000"; VariantName = "[No Variations]"
Add component (AddParameter): Name = "Publisher"; Value = "Altium Limited"; VariantName = "[No Variations]"
Add component (AddParameter): Name = "Revision"; Value = "July-2002: Re-released for DXP Platform."; VariantName = "[No Variations]"
Add component (AddParameter): Name = "Value"; Value = "1N5007"; VariantName = "[No Variations]"
Added Component: Designator=D44(SOD23)
Add component (AddParameter): Name = "Code - JEDEC"; Value = "DO-214-AB"; VariantName = "[No Variations]"
Add component (AddParameter): Name = "Published"; Value = "8-Jun-2000"; VariantName = "[No Variations]"
Add component (AddParameter): Name = "Publisher"; Value = "Altium Limited"; VariantName = "[No Variations]"
Add component (AddParameter): Name = "Revision"; Value = "July-2002: Re-released for DXP Platform."; VariantName = "[No Variations]"
Add component (AddParameter): Name = "Value"; Value = "1N5007"; VariantName = "[No Variations]"
Added Component: Designator=D45(SOD23)
Add component (AddParameter): Name = "Code - JEDEC"; Value = "DO-214-AB"; VariantName = "[No Variations]"
Add component (AddParameter): Name = "Published"; Value = "8-Jun-2000"; VariantName = "[No Variations]"
Add component (AddParameter): Name = "Publisher"; Value = "Altium Limited"; VariantName = "[No Variations]"
Add component (AddParameter): Name = "Revision"; Value = "July-2002: Re-released for DXP Platform."; VariantName = "[No Variations]"
Add component (AddParameter): Name = "Value"; Value = "1N5007"; VariantName = "[No Variations]"
Added Component: Designator=D46(SOD23)
Add component (AddParameter): Name = "Code - JEDEC"; Value = "DO-214-AB"; VariantName = "[No Variations]"
Add component (AddParameter): Name = "Published"; Value = "8-Jun-2000"; VariantName = "[No Variations]"
Add component (AddParameter): Name = "Publisher"; Value = "Altium Limited"; VariantName = "[No Variations]"
Add component (AddParameter): Name = "Revision"; Value = "July-2002: Re-released for DXP Platform."; VariantName = "[No Variations]"
Add component (AddParameter): Name = "Value"; Value = "1N5007"; VariantName = "[No Variations]"
Added Component: Designator=D47(SOD23)
Add component (AddParameter): Name = "Code - JEDEC"; Value = "DO-214-AB"; VariantName = "[No Variations]"
Add component (AddParameter): Name = "Published"; Value = "8-Jun-2000"; VariantName = "[No Variations]"
Add component (AddParameter): Name = "Publisher"; Value = "Altium Limited"; VariantName = "[No Variations]"
Add component (AddParameter): Name = "Revision"; Value = "July-2002: Re-released for DXP Platform."; VariantName = "[No Variations]"
Add component (AddParameter): Name = "Value"; Value = "1N5007"; VariantName = "[No Variations]"
Added Component: Designator=D48(SOD23)
Add component (AddParameter): Name = "Code - JEDEC"; Value = "DO-214-AB"; VariantName = "[No Variations]"
Add component (AddParameter): Name = "Published"; Value = "8-Jun-2000"; VariantName = "[No Variations]"
Add component (AddParameter): Name = "Publisher"; Value = "Altium Limited"; VariantName = "[No Variations]"
Add component (AddParameter): Name = "Revision"; Value = "July-2002: Re-released for DXP Platform."; VariantName = "[No Variations]"
Add component (AddParameter): Name = "Value"; Value = "1N5007"; VariantName = "[No Variations]"
Added Component: Designator=D49(SOT23-123)
Added Component: Designator=D50(SOT23-123)
Added Component: Designator=D51(SOT23-123)
Added Component: Designator=D52(SOT23-123)
Added Component: Designator=D53(SOT23-123)
Added Component: Designator=D54(SOT23-123)
Added Component: Designator=D55(SOT23-123)
Added Component: Designator=D56(SOT23-123)
Added Component: Designator=D57(SOT23-123)
Added Component: Designator=D58(DIO-SMD-A)
Add component (AddParameter): Name = "Code - JEDEC"; Value = "DO-214-AB"; VariantName = "[No Variations]"
Add component (AddParameter): Name = "Published"; Value = "8-Jun-2000"; VariantName = "[No Variations]"
Add component (AddParameter): Name = "Publisher"; Value = "Altium Limited"; VariantName = "[No Variations]"
Add component (AddParameter): Name = "Revision"; Value = "July-2002: Re-released for DXP Platform."; VariantName = "[No Variations]"
Add component (AddParameter): Name = "Value"; Value = "1N5007"; VariantName = "[No Variations]"
Added Component: Designator=DS1(GREENLED_0603)
Add component (AddParameter): Name = "Value"; Value = "LED 3 - 5 ly 2 Colour"; VariantName = "[No Variations]"
Added Component: Designator=DS2(GREENLED_0603)
Add component (AddParameter): Name = "Value"; Value = "LED 3 - 5 ly 2 Colour"; VariantName = "[No Variations]"
Added Component: Designator=L1(FER 0805/2012)
Add component (AddParameter): Name = "Value"; Value = "1.5uH"; VariantName = "[No Variations]"
Added Component: Designator=L2(SRP7050TA)
Added Component: Designator=LD1(LASER)
Added Component: Designator=LD2(LASER)
Added Component: Designator=LD3(LASER)
Added Component: Designator=LD4(LASER)
Added Component: Designator=LD5(LASER)
Added Component: Designator=LD6(LASER)
Added Component: Designator=LD7(LASER)
Added Component: Designator=LD8(LASER)
Added Component: Designator=LD9(LASER)
Added Component: Designator=LD10(LASER)
Added Component: Designator=LD11(LASER)
Added Component: Designator=LD12(LASER)
Added Component: Designator=LD13(LASER)
Added Component: Designator=LD14(LASER)
Added Component: Designator=LD15(LASER)
Added Component: Designator=LD16(LASER)
Added Component: Designator=LD17(LASER)
Added Component: Designator=LD18(LASER)
Added Component: Designator=LD19(LASER)
Added Component: Designator=LD20(LASER)
Added Component: Designator=LD21(LASER)
Added Component: Designator=LD22(LASER)
Added Component: Designator=LD23(LASER)
Added Component: Designator=LD24(LASER)
Added Component: Designator=LD25(LASER)
Added Component: Designator=LD26(LASER)
Added Component: Designator=LD27(LASER)
Added Component: Designator=LD28(LASER)
Added Component: Designator=LD29(LASER)
Added Component: Designator=LD30(LASER)
Added Component: Designator=LD31(LASER)
Added Component: Designator=LD32(LASER)
Added Component: Designator=LD33(LASER)
Added Component: Designator=LD34(LASER)
Added Component: Designator=LD35(LASER)
Added Component: Designator=LD36(LASER)
Added Component: Designator=LD37(LASER)
Added Component: Designator=LD38(LASER)
Added Component: Designator=LD39(LASER)
Added Component: Designator=LD40(LASER)
Added Component: Designator=LD41(LASER)
Added Component: Designator=LD42(LASER)
Added Component: Designator=LD43(LASER)
Added Component: Designator=LD44(LASER)
Added Component: Designator=LD45(LASER)
Added Component: Designator=LD46(LASER)
Added Component: Designator=LD47(LASER)
Added Component: Designator=LD48(LASER)
Added Component: Designator=Q1(SOT23-132)
Added Component: Designator=Q2(SOT23-132)
Added Component: Designator=R1(RES-SMD-0603)
Add component (AddParameter): Name = "Class"; Value = "Passive"; VariantName = "[No Variations]"
Add component (AddParameter): Name = "Manufacturer"; Value = "Generic Components"; VariantName = "[No Variations]"
Add component (AddParameter): Name = "Published"; Value = "08/06/2000"; VariantName = "[No Variations]"
Add component (AddParameter): Name = "Publisher"; Value = "Altium Hobart Technology Centre"; VariantName = "[No Variations]"
Added Component: Designator=R2(RES-SMD-0603)
Add component (AddParameter): Name = "Class"; Value = "Passive"; VariantName = "[No Variations]"
Add component (AddParameter): Name = "Manufacturer"; Value = "Generic Components"; VariantName = "[No Variations]"
Add component (AddParameter): Name = "Published"; Value = "08/06/2000"; VariantName = "[No Variations]"
Add component (AddParameter): Name = "Publisher"; Value = "Altium Hobart Technology Centre"; VariantName = "[No Variations]"
Added Component: Designator=R3(RES-SMD-0603)
Add component (AddParameter): Name = "Class"; Value = "Passive"; VariantName = "[No Variations]"
Add component (AddParameter): Name = "Manufacturer"; Value = "Generic Components"; VariantName = "[No Variations]"
Add component (AddParameter): Name = "Published"; Value = "08/06/2000"; VariantName = "[No Variations]"
Add component (AddParameter): Name = "Publisher"; Value = "Altium Hobart Technology Centre"; VariantName = "[No Variations]"
Added Component: Designator=R4(RES-SMD-0603)
Add component (AddParameter): Name = "Class"; Value = "Passive"; VariantName = "[No Variations]"
Add component (AddParameter): Name = "Manufacturer"; Value = "Generic Components"; VariantName = "[No Variations]"
Add component (AddParameter): Name = "Published"; Value = "08/06/2000"; VariantName = "[No Variations]"
Add component (AddParameter): Name = "Publisher"; Value = "Altium Hobart Technology Centre"; VariantName = "[No Variations]"
Added Component: Designator=R5(RES-SMD-0603)
Add component (AddParameter): Name = "Class"; Value = "Passive"; VariantName = "[No Variations]"
Add component (AddParameter): Name = "Manufacturer"; Value = "Generic Components"; VariantName = "[No Variations]"
Add component (AddParameter): Name = "Published"; Value = "08/06/2000"; VariantName = "[No Variations]"
Add component (AddParameter): Name = "Publisher"; Value = "Altium Hobart Technology Centre"; VariantName = "[No Variations]"
Added Component: Designator=R6(RES-SMD-0603)
Add component (AddParameter): Name = "Class"; Value = "Passive"; VariantName = "[No Variations]"
Add component (AddParameter): Name = "Manufacturer"; Value = "Generic Components"; VariantName = "[No Variations]"
Add component (AddParameter): Name = "Published"; Value = "08/06/2000"; VariantName = "[No Variations]"
Add component (AddParameter): Name = "Publisher"; Value = "Altium Hobart Technology Centre"; VariantName = "[No Variations]"
Added Component: Designator=R7(RES-SMD-0603)
Add component (AddParameter): Name = "Class"; Value = "Passive"; VariantName = "[No Variations]"
Add component (AddParameter): Name = "Manufacturer"; Value = "Generic Components"; VariantName = "[No Variations]"
Add component (AddParameter): Name = "Published"; Value = "08/06/2000"; VariantName = "[No Variations]"
Add component (AddParameter): Name = "Publisher"; Value = "Altium Hobart Technology Centre"; VariantName = "[No Variations]"
Added Component: Designator=R8(RES-SMD-0603)
Add component (AddParameter): Name = "Class"; Value = "Passive"; VariantName = "[No Variations]"
Add component (AddParameter): Name = "Manufacturer"; Value = "Generic Components"; VariantName = "[No Variations]"
Add component (AddParameter): Name = "Published"; Value = "08/06/2000"; VariantName = "[No Variations]"
Add component (AddParameter): Name = "Publisher"; Value = "Altium Hobart Technology Centre"; VariantName = "[No Variations]"
Added Component: Designator=R9(RES-SMD-1206)
Add component (AddParameter): Name = "Class"; Value = "Passive"; VariantName = "[No Variations]"
Add component (AddParameter): Name = "Manufacturer"; Value = "Generic Components"; VariantName = "[No Variations]"
Add component (AddParameter): Name = "Published"; Value = "08/06/2000"; VariantName = "[No Variations]"
Add component (AddParameter): Name = "Publisher"; Value = "Altium Hobart Technology Centre"; VariantName = "[No Variations]"
Added Component: Designator=R10(RES-SMD-0603)
Add component (AddParameter): Name = "Class"; Value = "Passive"; VariantName = "[No Variations]"
Add component (AddParameter): Name = "Manufacturer"; Value = "Generic Components"; VariantName = "[No Variations]"
Add component (AddParameter): Name = "Published"; Value = "08/06/2000"; VariantName = "[No Variations]"
Add component (AddParameter): Name = "Publisher"; Value = "Altium Hobart Technology Centre"; VariantName = "[No Variations]"
Added Component: Designator=R11(RES-SMD-0603)
Add component (AddParameter): Name = "Class"; Value = "Passive"; VariantName = "[No Variations]"
Add component (AddParameter): Name = "Manufacturer"; Value = "Generic Components"; VariantName = "[No Variations]"
Add component (AddParameter): Name = "Published"; Value = "08/06/2000"; VariantName = "[No Variations]"
Add component (AddParameter): Name = "Publisher"; Value = "Altium Hobart Technology Centre"; VariantName = "[No Variations]"
Added Component: Designator=R12(RES-SMD-0603)
Add component (AddParameter): Name = "Class"; Value = "Passive"; VariantName = "[No Variations]"
Add component (AddParameter): Name = "Manufacturer"; Value = "Generic Components"; VariantName = "[No Variations]"
Add component (AddParameter): Name = "Published"; Value = "08/06/2000"; VariantName = "[No Variations]"
Add component (AddParameter): Name = "Publisher"; Value = "Altium Hobart Technology Centre"; VariantName = "[No Variations]"
Added Component: Designator=R13(RES-SMD-0603)
Add component (AddParameter): Name = "Class"; Value = "Passive"; VariantName = "[No Variations]"
Add component (AddParameter): Name = "Manufacturer"; Value = "Generic Components"; VariantName = "[No Variations]"
Add component (AddParameter): Name = "Published"; Value = "08/06/2000"; VariantName = "[No Variations]"
Add component (AddParameter): Name = "Publisher"; Value = "Altium Hobart Technology Centre"; VariantName = "[No Variations]"
Added Component: Designator=R14(RES-SMD-1206)
Add component (AddParameter): Name = "Class"; Value = "Passive"; VariantName = "[No Variations]"
Add component (AddParameter): Name = "Manufacturer"; Value = "Generic Components"; VariantName = "[No Variations]"
Add component (AddParameter): Name = "Published"; Value = "08/06/2000"; VariantName = "[No Variations]"
Add component (AddParameter): Name = "Publisher"; Value = "Altium Hobart Technology Centre"; VariantName = "[No Variations]"
Added Component: Designator=R15(RES-SMD-0603)
Add component (AddParameter): Name = "Class"; Value = "Passive"; VariantName = "[No Variations]"
Add component (AddParameter): Name = "Manufacturer"; Value = "Generic Components"; VariantName = "[No Variations]"
Add component (AddParameter): Name = "Published"; Value = "08/06/2000"; VariantName = "[No Variations]"
Add component (AddParameter): Name = "Publisher"; Value = "Altium Hobart Technology Centre"; VariantName = "[No Variations]"
Added Component: Designator=R16(RES-SMD-0603)
Add component (AddParameter): Name = "Class"; Value = "Passive"; VariantName = "[No Variations]"
Add component (AddParameter): Name = "Manufacturer"; Value = "Generic Components"; VariantName = "[No Variations]"
Add component (AddParameter): Name = "Published"; Value = "08/06/2000"; VariantName = "[No Variations]"
Add component (AddParameter): Name = "Publisher"; Value = "Altium Hobart Technology Centre"; VariantName = "[No Variations]"
Added Component: Designator=R17(RES-SMD-0603)
Add component (AddParameter): Name = "Class"; Value = "Passive"; VariantName = "[No Variations]"
Add component (AddParameter): Name = "Manufacturer"; Value = "Generic Components"; VariantName = "[No Variations]"
Add component (AddParameter): Name = "Published"; Value = "08/06/2000"; VariantName = "[No Variations]"
Add component (AddParameter): Name = "Publisher"; Value = "Altium Hobart Technology Centre"; VariantName = "[No Variations]"
Added Component: Designator=R18(RES-SMD-0603)
Add component (AddParameter): Name = "Class"; Value = "Passive"; VariantName = "[No Variations]"
Add component (AddParameter): Name = "Manufacturer"; Value = "Generic Components"; VariantName = "[No Variations]"
Add component (AddParameter): Name = "Published"; Value = "08/06/2000"; VariantName = "[No Variations]"
Add component (AddParameter): Name = "Publisher"; Value = "Altium Hobart Technology Centre"; VariantName = "[No Variations]"
Added Component: Designator=R19(RES-SMD-0603)
Add component (AddParameter): Name = "Class"; Value = "Passive"; VariantName = "[No Variations]"
Add component (AddParameter): Name = "Manufacturer"; Value = "Generic Components"; VariantName = "[No Variations]"
Add component (AddParameter): Name = "Published"; Value = "08/06/2000"; VariantName = "[No Variations]"
Add component (AddParameter): Name = "Publisher"; Value = "Altium Hobart Technology Centre"; VariantName = "[No Variations]"
Added Component: Designator=R20(RES-SMD-0603)
Add component (AddParameter): Name = "Class"; Value = "Passive"; VariantName = "[No Variations]"
Add component (AddParameter): Name = "Manufacturer"; Value = "Generic Components"; VariantName = "[No Variations]"
Add component (AddParameter): Name = "Published"; Value = "08/06/2000"; VariantName = "[No Variations]"
Add component (AddParameter): Name = "Publisher"; Value = "Altium Hobart Technology Centre"; VariantName = "[No Variations]"
Added Component: Designator=R21(RES-SMD-0603)
Add component (AddParameter): Name = "Class"; Value = "Passive"; VariantName = "[No Variations]"
Add component (AddParameter): Name = "Manufacturer"; Value = "Generic Components"; VariantName = "[No Variations]"
Add component (AddParameter): Name = "Published"; Value = "08/06/2000"; VariantName = "[No Variations]"
Add component (AddParameter): Name = "Publisher"; Value = "Altium Hobart Technology Centre"; VariantName = "[No Variations]"
Added Component: Designator=R22(RES-SMD-0603)
Add component (AddParameter): Name = "Class"; Value = "Passive"; VariantName = "[No Variations]"
Add component (AddParameter): Name = "Manufacturer"; Value = "Generic Components"; VariantName = "[No Variations]"
Add component (AddParameter): Name = "Published"; Value = "08/06/2000"; VariantName = "[No Variations]"
Add component (AddParameter): Name = "Publisher"; Value = "Altium Hobart Technology Centre"; VariantName = "[No Variations]"
Added Component: Designator=R23(RES-SMD-0603)
Add component (AddParameter): Name = "Class"; Value = "Passive"; VariantName = "[No Variations]"
Add component (AddParameter): Name = "Manufacturer"; Value = "Generic Components"; VariantName = "[No Variations]"
Add component (AddParameter): Name = "Published"; Value = "08/06/2000"; VariantName = "[No Variations]"
Add component (AddParameter): Name = "Publisher"; Value = "Altium Hobart Technology Centre"; VariantName = "[No Variations]"
Added Component: Designator=R24(RES-SMD-0603)
Add component (AddParameter): Name = "Class"; Value = "Passive"; VariantName = "[No Variations]"
Add component (AddParameter): Name = "Manufacturer"; Value = "Generic Components"; VariantName = "[No Variations]"
Add component (AddParameter): Name = "Published"; Value = "08/06/2000"; VariantName = "[No Variations]"
Add component (AddParameter): Name = "Publisher"; Value = "Altium Hobart Technology Centre"; VariantName = "[No Variations]"
Added Component: Designator=R25(RES-SMD-0603)
Add component (AddParameter): Name = "Class"; Value = "Passive"; VariantName = "[No Variations]"
Add component (AddParameter): Name = "Manufacturer"; Value = "Generic Components"; VariantName = "[No Variations]"
Add component (AddParameter): Name = "Published"; Value = "08/06/2000"; VariantName = "[No Variations]"
Add component (AddParameter): Name = "Publisher"; Value = "Altium Hobart Technology Centre"; VariantName = "[No Variations]"
Added Component: Designator=R26(RES-SMD-0603)
Add component (AddParameter): Name = "Class"; Value = "Passive"; VariantName = "[No Variations]"
Add component (AddParameter): Name = "Manufacturer"; Value = "Generic Components"; VariantName = "[No Variations]"
Add component (AddParameter): Name = "Published"; Value = "08/06/2000"; VariantName = "[No Variations]"
Add component (AddParameter): Name = "Publisher"; Value = "Altium Hobart Technology Centre"; VariantName = "[No Variations]"
Added Component: Designator=R27(RES-SMD-0603)
Add component (AddParameter): Name = "Class"; Value = "Passive"; VariantName = "[No Variations]"
Add component (AddParameter): Name = "Manufacturer"; Value = "Generic Components"; VariantName = "[No Variations]"
Add component (AddParameter): Name = "Published"; Value = "08/06/2000"; VariantName = "[No Variations]"
Add component (AddParameter): Name = "Publisher"; Value = "Altium Hobart Technology Centre"; VariantName = "[No Variations]"
Added Component: Designator=R36(RES-SMD-0603)
Add component (AddParameter): Name = "Class"; Value = "Passive"; VariantName = "[No Variations]"
Add component (AddParameter): Name = "Manufacturer"; Value = "Generic Components"; VariantName = "[No Variations]"
Add component (AddParameter): Name = "Published"; Value = "08/06/2000"; VariantName = "[No Variations]"
Add component (AddParameter): Name = "Publisher"; Value = "Altium Hobart Technology Centre"; VariantName = "[No Variations]"
Added Component: Designator=TP1(TESTPOINT)
Added Component: Designator=TP2(TESTPOINT)
Added Component: Designator=TP3(TESTPOINT)
Added Component: Designator=TP4(TESTPOINT)
Added Component: Designator=TP5(TESTPOINT)
Added Component: Designator=TP6(TESTPOINT)
Added Component: Designator=TP7(TESTPOINT)
Added Component: Designator=TP8(TESTPOINT)
Added Component: Designator=TP9(TESTPOINT)
Added Component: Designator=TP10(TESTPOINT)
Added Component: Designator=TP11(TESTPOINT)
Added Component: Designator=TP12(TESTPOINT)
Added Component: Designator=TP13(TESTPOINT)
Added Component: Designator=TP14(TESTPOINT)
Added Component: Designator=TP15(TESTPOINT)
Added Component: Designator=TP16(TESTPOINT)
Added Component: Designator=TP17(TESTPOINT)
Added Component: Designator=TP18(TESTPOINT)
Added Component: Designator=TP19(TESTPOINT)
Added Component: Designator=U1(SOT223-6)
Added Component: Designator=U2(TSSOP14)
Added Component: Designator=U3(SO8)
Add component (AddParameter): Name = "Value"; Value = "LM358"; VariantName = "[No Variations]"
Added Component: Designator=U4(SO8)
Add component (AddParameter): Name = "Value"; Value = "LM358"; VariantName = "[No Variations]"
Added Component: Designator=U5(ADGS1408BCPZ)
Added Component: Designator=U6(ADGS1408BCPZ)
Added Component: Designator=U7(ADGS1408BCPZ)
Added Component: Designator=U8(ADGS1408BCPZ)
Added Component: Designator=U9(ADGS1408BCPZ)
Added Component: Designator=U10(ADGS1408BCPZ)
Added Component: Designator=U11(HSOP8)
Added Pin To Net: NetName=NetC1_1 Pin=C1-1
Added Pin To Net: NetName=+3.3 Pin=C1-2
Added Pin To Net: NetName=NetC2_1 Pin=C2-1
Added Pin To Net: NetName=+5 Pin=C2-2
Added Pin To Net: NetName=+5 Pin=C3-1
Added Pin To Net: NetName=GND Pin=C3-2
Added Pin To Net: NetName=+3.3 Pin=C4-1
Added Pin To Net: NetName=GND Pin=C4-2
Added Pin To Net: NetName=GND Pin=C5-1
Added Pin To Net: NetName=NetC1_1 Pin=C5-2
Added Pin To Net: NetName=GND Pin=C6-1
Added Pin To Net: NetName=NetC2_1 Pin=C6-2
Added Pin To Net: NetName=NetC7_1 Pin=C7-1
Added Pin To Net: NetName=+3.3 Pin=C7-2
Added Pin To Net: NetName=GND Pin=C8-1
Added Pin To Net: NetName=NetC7_1 Pin=C8-2
Added Pin To Net: NetName=NetC9_1 Pin=C9-1
Added Pin To Net: NetName=VREF_DAC Pin=C9-2
Added Pin To Net: NetName=NetC10_1 Pin=C10-1
Added Pin To Net: NetName=+3.3 Pin=C10-2
Added Pin To Net: NetName=GND Pin=C11-1
Added Pin To Net: NetName=NetC9_1 Pin=C11-2
Added Pin To Net: NetName=GND Pin=C12-1
Added Pin To Net: NetName=NetC10_1 Pin=C12-2
Added Pin To Net: NetName=GND Pin=C13-1
Added Pin To Net: NetName=NetC13_2 Pin=C13-2
Added Pin To Net: NetName=NetC14_1 Pin=C14-1
Added Pin To Net: NetName=NetC14_2 Pin=C14-2
Added Pin To Net: NetName=GND Pin=C15-1
Added Pin To Net: NetName=I_MO_INT Pin=C15-2
Added Pin To Net: NetName=NetC16_1 Pin=C16-1
Added Pin To Net: NetName=+3.3 Pin=C16-2
Added Pin To Net: NetName=GND Pin=C17-1
Added Pin To Net: NetName=NetC16_1 Pin=C17-2
Added Pin To Net: NetName=GND Pin=C18-1
Added Pin To Net: NetName=NetC18_2 Pin=C18-2
Added Pin To Net: NetName=NetC19_1 Pin=C19-1
Added Pin To Net: NetName=NetC19_2 Pin=C19-2
Added Pin To Net: NetName=GND Pin=C20-1
Added Pin To Net: NetName=I_MO_EXT Pin=C20-2
Added Pin To Net: NetName=NetC21_1 Pin=C21-1
Added Pin To Net: NetName=+3.3 Pin=C21-2
Added Pin To Net: NetName=GND Pin=C22-1
Added Pin To Net: NetName=NetC21_1 Pin=C22-2
Added Pin To Net: NetName=NetC23_1 Pin=C23-1
Added Pin To Net: NetName=12V_EXP Pin=C23-2
Added Pin To Net: NetName=GND Pin=C24-1
Added Pin To Net: NetName=NetC23_1 Pin=C24-2
Added Pin To Net: NetName=NetC25_1 Pin=C25-1
Added Pin To Net: NetName=12V_EXP Pin=C25-2
Added Pin To Net: NetName=GND Pin=C26-1
Added Pin To Net: NetName=NetC25_1 Pin=C26-2
Added Pin To Net: NetName=NetC27_1 Pin=C27-1
Added Pin To Net: NetName=12V_EXP Pin=C27-2
Added Pin To Net: NetName=GND Pin=C28-1
Added Pin To Net: NetName=NetC27_1 Pin=C28-2
Added Pin To Net: NetName=NetC29_1 Pin=C29-1
Added Pin To Net: NetName=12V_EXP Pin=C29-2
Added Pin To Net: NetName=GND Pin=C30-1
Added Pin To Net: NetName=NetC29_1 Pin=C30-2
Added Pin To Net: NetName=NetC31_1 Pin=C31-1
Added Pin To Net: NetName=12V_EXP Pin=C31-2
Added Pin To Net: NetName=GND Pin=C32-1
Added Pin To Net: NetName=NetC31_1 Pin=C32-2
Added Pin To Net: NetName=NetC33_1 Pin=C33-1
Added Pin To Net: NetName=12V_EXP Pin=C33-2
Added Pin To Net: NetName=GND Pin=C34-1
Added Pin To Net: NetName=NetC33_1 Pin=C34-2
Added Pin To Net: NetName=12V_EXP Pin=C36-2
Added Pin To Net: NetName=+5 Pin=C37-2
Added Pin To Net: NetName=12V_EXP Pin=C38-1
Added Pin To Net: NetName=GND Pin=C38-2
Added Pin To Net: NetName=+5 Pin=C39-1
Added Pin To Net: NetName=GND Pin=C39-2
Added Pin To Net: NetName=GND Pin=C40-1
Added Pin To Net: NetName=GND Pin=C41-1
Added Pin To Net: NetName=I_LD_INT Pin=D1-1
Added Pin To Net: NetName=NetD1_2 Pin=D1-2
Added Pin To Net: NetName=I_LD_INT Pin=D2-1
Added Pin To Net: NetName=NetD2_2 Pin=D2-2
Added Pin To Net: NetName=I_LD_INT Pin=D3-1
Added Pin To Net: NetName=NetD3_2 Pin=D3-2
Added Pin To Net: NetName=I_LD_INT Pin=D4-1
Added Pin To Net: NetName=NetD4_2 Pin=D4-2
Added Pin To Net: NetName=I_LD_INT Pin=D5-1
Added Pin To Net: NetName=NetD5_2 Pin=D5-2
Added Pin To Net: NetName=I_LD_INT Pin=D6-1
Added Pin To Net: NetName=NetD6_2 Pin=D6-2
Added Pin To Net: NetName=I_LD_INT Pin=D7-1
Added Pin To Net: NetName=NetD7_2 Pin=D7-2
Added Pin To Net: NetName=I_LD_INT Pin=D8-1
Added Pin To Net: NetName=NetD8_2 Pin=D8-2
Added Pin To Net: NetName=I_LD_INT Pin=D9-1
Added Pin To Net: NetName=NetD9_2 Pin=D9-2
Added Pin To Net: NetName=I_LD_INT Pin=D10-1
Added Pin To Net: NetName=NetD10_2 Pin=D10-2
Added Pin To Net: NetName=I_LD_INT Pin=D11-1
Added Pin To Net: NetName=NetD11_2 Pin=D11-2
Added Pin To Net: NetName=I_LD_INT Pin=D12-1
Added Pin To Net: NetName=NetD12_2 Pin=D12-2
Added Pin To Net: NetName=I_LD_INT Pin=D13-1
Added Pin To Net: NetName=NetD13_2 Pin=D13-2
Added Pin To Net: NetName=I_LD_INT Pin=D14-1
Added Pin To Net: NetName=NetD14_2 Pin=D14-2
Added Pin To Net: NetName=I_LD_INT Pin=D15-1
Added Pin To Net: NetName=NetD15_2 Pin=D15-2
Added Pin To Net: NetName=I_LD_INT Pin=D16-1
Added Pin To Net: NetName=NetD16_2 Pin=D16-2
Added Pin To Net: NetName=I_LD_INT Pin=D17-1
Added Pin To Net: NetName=NetD17_2 Pin=D17-2
Added Pin To Net: NetName=I_LD_INT Pin=D18-1
Added Pin To Net: NetName=NetD18_2 Pin=D18-2
Added Pin To Net: NetName=I_LD_INT Pin=D19-1
Added Pin To Net: NetName=NetD19_2 Pin=D19-2
Added Pin To Net: NetName=I_LD_INT Pin=D20-1
Added Pin To Net: NetName=NetD20_2 Pin=D20-2
Added Pin To Net: NetName=I_LD_INT Pin=D21-1
Added Pin To Net: NetName=NetD21_2 Pin=D21-2
Added Pin To Net: NetName=I_LD_INT Pin=D22-1
Added Pin To Net: NetName=NetD22_2 Pin=D22-2
Added Pin To Net: NetName=I_LD_INT Pin=D23-1
Added Pin To Net: NetName=NetD23_2 Pin=D23-2
Added Pin To Net: NetName=I_LD_INT Pin=D24-1
Added Pin To Net: NetName=NetD24_2 Pin=D24-2
Added Pin To Net: NetName=I_LD_INT Pin=D25-1
Added Pin To Net: NetName=NetD25_2 Pin=D25-2
Added Pin To Net: NetName=I_LD_INT Pin=D26-1
Added Pin To Net: NetName=NetD26_2 Pin=D26-2
Added Pin To Net: NetName=I_LD_INT Pin=D27-1
Added Pin To Net: NetName=NetD27_2 Pin=D27-2
Added Pin To Net: NetName=I_LD_INT Pin=D28-1
Added Pin To Net: NetName=NetD28_2 Pin=D28-2
Added Pin To Net: NetName=I_LD_INT Pin=D29-1
Added Pin To Net: NetName=NetD29_2 Pin=D29-2
Added Pin To Net: NetName=I_LD_INT Pin=D30-1
Added Pin To Net: NetName=NetD30_2 Pin=D30-2
Added Pin To Net: NetName=I_LD_INT Pin=D31-1
Added Pin To Net: NetName=NetD31_2 Pin=D31-2
Added Pin To Net: NetName=I_LD_INT Pin=D32-1
Added Pin To Net: NetName=NetD32_2 Pin=D32-2
Added Pin To Net: NetName=I_LD_INT Pin=D33-1
Added Pin To Net: NetName=NetD33_2 Pin=D33-2
Added Pin To Net: NetName=I_LD_INT Pin=D34-1
Added Pin To Net: NetName=NetD34_2 Pin=D34-2
Added Pin To Net: NetName=I_LD_INT Pin=D35-1
Added Pin To Net: NetName=NetD35_2 Pin=D35-2
Added Pin To Net: NetName=I_LD_INT Pin=D36-1
Added Pin To Net: NetName=NetD36_2 Pin=D36-2
Added Pin To Net: NetName=I_LD_INT Pin=D37-1
Added Pin To Net: NetName=NetD37_2 Pin=D37-2
Added Pin To Net: NetName=I_LD_INT Pin=D38-1
Added Pin To Net: NetName=NetD38_2 Pin=D38-2
Added Pin To Net: NetName=I_LD_INT Pin=D39-1
Added Pin To Net: NetName=NetD39_2 Pin=D39-2
Added Pin To Net: NetName=I_LD_INT Pin=D40-1
Added Pin To Net: NetName=NetD40_2 Pin=D40-2
Added Pin To Net: NetName=I_LD_INT Pin=D41-1
Added Pin To Net: NetName=NetD41_2 Pin=D41-2
Added Pin To Net: NetName=I_LD_INT Pin=D42-1
Added Pin To Net: NetName=NetD42_2 Pin=D42-2
Added Pin To Net: NetName=I_LD_INT Pin=D43-1
Added Pin To Net: NetName=NetD43_2 Pin=D43-2
Added Pin To Net: NetName=I_LD_INT Pin=D44-1
Added Pin To Net: NetName=NetD44_2 Pin=D44-2
Added Pin To Net: NetName=I_LD_INT Pin=D45-1
Added Pin To Net: NetName=NetD45_2 Pin=D45-2
Added Pin To Net: NetName=I_LD_INT Pin=D46-1
Added Pin To Net: NetName=NetD46_2 Pin=D46-2
Added Pin To Net: NetName=I_LD_INT Pin=D47-1
Added Pin To Net: NetName=NetD47_2 Pin=D47-2
Added Pin To Net: NetName=I_LD_INT Pin=D48-1
Added Pin To Net: NetName=NetD48_2 Pin=D48-2
Added Pin To Net: NetName=12V_EXP Pin=D49-1
Added Pin To Net: NetName=GND Pin=D49-2
Added Pin To Net: NetName=12V_EXP Pin=D49-3
Added Pin To Net: NetName=MOSI_LD Pin=D50-1
Added Pin To Net: NetName=GND Pin=D50-2
Added Pin To Net: NetName=SCK_LD Pin=D50-3
Added Pin To Net: NetName=SW_EXT_CS Pin=D51-1
Added Pin To Net: NetName=GND Pin=D51-2
Added Pin To Net: NetName=MISO_LD Pin=D51-3
Added Pin To Net: NetName=12V_EXP Pin=D52-1
Added Pin To Net: NetName=GND Pin=D52-2
Added Pin To Net: NetName=12V_EXP Pin=D52-3
Added Pin To Net: NetName=LATCH Pin=D53-1
Added Pin To Net: NetName=GND Pin=D53-2
Added Pin To Net: NetName=SW_EXT_CS Pin=D53-3
Added Pin To Net: NetName=DAC_CS Pin=D54-1
Added Pin To Net: NetName=GND Pin=D54-2
Added Pin To Net: NetName=SW_INT_CS Pin=D54-3
Added Pin To Net: NetName=SCK_LD Pin=D55-1
Added Pin To Net: NetName=GND Pin=D55-2
Added Pin To Net: NetName=MISO_LD Pin=D55-3
Added Pin To Net: NetName=MOSI_LD Pin=D56-1
Added Pin To Net: NetName=GND Pin=D56-2
Added Pin To Net: NetName=MOSI_LD Pin=D56-3
Added Pin To Net: NetName=+3.3 Pin=D57-1
Added Pin To Net: NetName=GND Pin=D57-2
Added Pin To Net: NetName=+3.3 Pin=D57-3
Added Pin To Net: NetName=GND Pin=D58-1
Added Pin To Net: NetName=NetDS1_1 Pin=DS1-1
Added Pin To Net: NetName=GND Pin=DS1-2
Added Pin To Net: NetName=NetDS2_1 Pin=DS2-1
Added Pin To Net: NetName=GND Pin=DS2-2
Added Pin To Net: NetName=VREF_DAC Pin=L1-1
Added Pin To Net: NetName=+3.3 Pin=L1-2
Added Pin To Net: NetName=+5 Pin=L2-2
Added Pin To Net: NetName=NetD1_2 Pin=LD1-1
Added Pin To Net: NetName=I_LD_INT Pin=LD1-3
Added Pin To Net: NetName=NetD4_2 Pin=LD2-1
Added Pin To Net: NetName=I_LD_INT Pin=LD2-3
Added Pin To Net: NetName=NetD6_2 Pin=LD3-1
Added Pin To Net: NetName=I_LD_INT Pin=LD3-3
Added Pin To Net: NetName=NetD8_2 Pin=LD4-1
Added Pin To Net: NetName=I_LD_INT Pin=LD4-3
Added Pin To Net: NetName=NetD2_2 Pin=LD5-1
Added Pin To Net: NetName=I_LD_INT Pin=LD5-3
Added Pin To Net: NetName=NetD3_2 Pin=LD6-1
Added Pin To Net: NetName=I_LD_INT Pin=LD6-3
Added Pin To Net: NetName=NetD5_2 Pin=LD7-1
Added Pin To Net: NetName=I_LD_INT Pin=LD7-3
Added Pin To Net: NetName=NetD7_2 Pin=LD8-1
Added Pin To Net: NetName=I_LD_INT Pin=LD8-3
Added Pin To Net: NetName=NetD10_2 Pin=LD9-1
Added Pin To Net: NetName=I_LD_INT Pin=LD9-3
Added Pin To Net: NetName=NetD12_2 Pin=LD10-1
Added Pin To Net: NetName=I_LD_INT Pin=LD10-3
Added Pin To Net: NetName=NetD14_2 Pin=LD11-1
Added Pin To Net: NetName=I_LD_INT Pin=LD11-3
Added Pin To Net: NetName=NetD16_2 Pin=LD12-1
Added Pin To Net: NetName=I_LD_INT Pin=LD12-3
Added Pin To Net: NetName=NetD9_2 Pin=LD13-1
Added Pin To Net: NetName=I_LD_INT Pin=LD13-3
Added Pin To Net: NetName=NetD11_2 Pin=LD14-1
Added Pin To Net: NetName=I_LD_INT Pin=LD14-3
Added Pin To Net: NetName=NetD13_2 Pin=LD15-1
Added Pin To Net: NetName=I_LD_INT Pin=LD15-3
Added Pin To Net: NetName=NetD15_2 Pin=LD16-1
Added Pin To Net: NetName=I_LD_INT Pin=LD16-3
Added Pin To Net: NetName=NetD18_2 Pin=LD17-1
Added Pin To Net: NetName=I_LD_INT Pin=LD17-3
Added Pin To Net: NetName=NetD19_2 Pin=LD18-1
Added Pin To Net: NetName=I_LD_INT Pin=LD18-3
Added Pin To Net: NetName=NetD22_2 Pin=LD19-1
Added Pin To Net: NetName=I_LD_INT Pin=LD19-3
Added Pin To Net: NetName=NetD24_2 Pin=LD20-1
Added Pin To Net: NetName=I_LD_INT Pin=LD20-3
Added Pin To Net: NetName=NetD17_2 Pin=LD21-1
Added Pin To Net: NetName=I_LD_INT Pin=LD21-3
Added Pin To Net: NetName=NetD20_2 Pin=LD22-1
Added Pin To Net: NetName=I_LD_INT Pin=LD22-3
Added Pin To Net: NetName=NetD21_2 Pin=LD23-1
Added Pin To Net: NetName=I_LD_INT Pin=LD23-3
Added Pin To Net: NetName=NetD23_2 Pin=LD24-1
Added Pin To Net: NetName=I_LD_INT Pin=LD24-3
Added Pin To Net: NetName=NetD26_2 Pin=LD25-1
Added Pin To Net: NetName=I_LD_INT Pin=LD25-3
Added Pin To Net: NetName=NetD27_2 Pin=LD26-1
Added Pin To Net: NetName=I_LD_INT Pin=LD26-3
Added Pin To Net: NetName=NetD30_2 Pin=LD27-1
Added Pin To Net: NetName=I_LD_INT Pin=LD27-3
Added Pin To Net: NetName=NetD32_2 Pin=LD28-1
Added Pin To Net: NetName=I_LD_INT Pin=LD28-3
Added Pin To Net: NetName=NetD25_2 Pin=LD29-1
Added Pin To Net: NetName=I_LD_INT Pin=LD29-3
Added Pin To Net: NetName=NetD28_2 Pin=LD30-1
Added Pin To Net: NetName=I_LD_INT Pin=LD30-3
Added Pin To Net: NetName=NetD29_2 Pin=LD31-1
Added Pin To Net: NetName=I_LD_INT Pin=LD31-3
Added Pin To Net: NetName=NetD31_2 Pin=LD32-1
Added Pin To Net: NetName=I_LD_INT Pin=LD32-3
Added Pin To Net: NetName=NetD34_2 Pin=LD33-1
Added Pin To Net: NetName=I_LD_INT Pin=LD33-3
Added Pin To Net: NetName=NetD35_2 Pin=LD34-1
Added Pin To Net: NetName=I_LD_INT Pin=LD34-3
Added Pin To Net: NetName=NetD38_2 Pin=LD35-1
Added Pin To Net: NetName=I_LD_INT Pin=LD35-3
Added Pin To Net: NetName=NetD40_2 Pin=LD36-1
Added Pin To Net: NetName=I_LD_INT Pin=LD36-3
Added Pin To Net: NetName=NetD33_2 Pin=LD37-1
Added Pin To Net: NetName=I_LD_INT Pin=LD37-3
Added Pin To Net: NetName=NetD36_2 Pin=LD38-1
Added Pin To Net: NetName=I_LD_INT Pin=LD38-3
Added Pin To Net: NetName=NetD37_2 Pin=LD39-1
Added Pin To Net: NetName=I_LD_INT Pin=LD39-3
Added Pin To Net: NetName=NetD39_2 Pin=LD40-1
Added Pin To Net: NetName=I_LD_INT Pin=LD40-3
Added Pin To Net: NetName=NetD42_2 Pin=LD41-1
Added Pin To Net: NetName=I_LD_INT Pin=LD41-3
Added Pin To Net: NetName=NetD43_2 Pin=LD42-1
Added Pin To Net: NetName=I_LD_INT Pin=LD42-3
Added Pin To Net: NetName=NetD46_2 Pin=LD43-1
Added Pin To Net: NetName=I_LD_INT Pin=LD43-3
Added Pin To Net: NetName=NetD48_2 Pin=LD44-1
Added Pin To Net: NetName=I_LD_INT Pin=LD44-3
Added Pin To Net: NetName=NetD41_2 Pin=LD45-1
Added Pin To Net: NetName=I_LD_INT Pin=LD45-3
Added Pin To Net: NetName=NetD44_2 Pin=LD46-1
Added Pin To Net: NetName=I_LD_INT Pin=LD46-3
Added Pin To Net: NetName=NetD45_2 Pin=LD47-1
Added Pin To Net: NetName=I_LD_INT Pin=LD47-3
Added Pin To Net: NetName=NetD47_2 Pin=LD48-1
Added Pin To Net: NetName=I_LD_INT Pin=LD48-3
Added Pin To Net: NetName=NetQ1_1 Pin=Q1-1
Added Pin To Net: NetName=NetQ1_2 Pin=Q1-2
Added Pin To Net: NetName=I_LD_INT Pin=Q1-3
Added Pin To Net: NetName=NetQ2_1 Pin=Q2-1
Added Pin To Net: NetName=NetQ2_2 Pin=Q2-2
Added Pin To Net: NetName=I_LD_EXT Pin=Q2-3
Added Pin To Net: NetName=NetDS1_1 Pin=R1-1
Added Pin To Net: NetName=+3.3 Pin=R1-2
Added Pin To Net: NetName=+3.3 Pin=R2-1
Added Pin To Net: NetName=NetR2_2 Pin=R2-2
Added Pin To Net: NetName=NetDS2_1 Pin=R3-1
Added Pin To Net: NetName=12V_EXP Pin=R3-2
Added Pin To Net: NetName=DAC_CS Pin=R4-1
Added Pin To Net: NetName=+3.3 Pin=R4-2
Added Pin To Net: NetName=DAC_DRV_INT Pin=R5-1
Added Pin To Net: NetName=NetC13_2 Pin=R5-2
Added Pin To Net: NetName=NetC14_2 Pin=R6-1
Added Pin To Net: NetName=NetQ1_1 Pin=R6-2
Added Pin To Net: NetName=NetC14_1 Pin=R7-1
Added Pin To Net: NetName=NetQ1_2 Pin=R7-2
Added Pin To Net: NetName=NetR8_1 Pin=R8-1
Added Pin To Net: NetName=I_MO_INT Pin=R8-2
Added Pin To Net: NetName=GND Pin=R9-1
Added Pin To Net: NetName=NetQ1_2 Pin=R9-2
Added Pin To Net: NetName=DAC_DRV_EXT Pin=R10-1
Added Pin To Net: NetName=NetC18_2 Pin=R10-2
Added Pin To Net: NetName=NetC19_2 Pin=R11-1
Added Pin To Net: NetName=NetQ2_1 Pin=R11-2
Added Pin To Net: NetName=NetC19_1 Pin=R12-1
Added Pin To Net: NetName=NetQ2_2 Pin=R12-2
Added Pin To Net: NetName=NetR13_1 Pin=R13-1
Added Pin To Net: NetName=I_MO_EXT Pin=R13-2
Added Pin To Net: NetName=GND Pin=R14-1
Added Pin To Net: NetName=NetQ2_2 Pin=R14-2
Added Pin To Net: NetName=NetR15_1 Pin=R15-1
Added Pin To Net: NetName=+3.3 Pin=R15-2
Added Pin To Net: NetName=NetR16_1 Pin=R16-1
Added Pin To Net: NetName=+3.3 Pin=R16-2
Added Pin To Net: NetName=NetR17_1 Pin=R17-1
Added Pin To Net: NetName=+3.3 Pin=R17-2
Added Pin To Net: NetName=NetR18_1 Pin=R18-1
Added Pin To Net: NetName=+3.3 Pin=R18-2
Added Pin To Net: NetName=NetR19_1 Pin=R19-1
Added Pin To Net: NetName=+3.3 Pin=R19-2
Added Pin To Net: NetName=SDO_1 Pin=R20-1
Added Pin To Net: NetName=+3.3 Pin=R20-2
Added Pin To Net: NetName=SDO_2 Pin=R21-1
Added Pin To Net: NetName=+3.3 Pin=R21-2
Added Pin To Net: NetName=SDO_3 Pin=R22-1
Added Pin To Net: NetName=+3.3 Pin=R22-2
Added Pin To Net: NetName=SDO_4 Pin=R23-1
Added Pin To Net: NetName=+3.3 Pin=R23-2
Added Pin To Net: NetName=SDO_5 Pin=R24-1
Added Pin To Net: NetName=+3.3 Pin=R24-2
Added Pin To Net: NetName=+3.3 Pin=R25-1
Added Pin To Net: NetName=LATCH Pin=R25-2
Added Pin To Net: NetName=+5 Pin=R26-2
Added Pin To Net: NetName=GND Pin=R27-1
Added Pin To Net: NetName=NetR36_1 Pin=R36-1
Added Pin To Net: NetName=+3.3 Pin=R36-2
Added Pin To Net: NetName=DAC_DRV_INT Pin=TP1-1
Added Pin To Net: NetName=DAC_DRV_EXT Pin=TP2-1
Added Pin To Net: NetName=VREF_DAC Pin=TP3-1
Added Pin To Net: NetName=SW_INT_CS Pin=TP4-1
Added Pin To Net: NetName=MOSI_LD Pin=TP5-1
Added Pin To Net: NetName=MISO_LD Pin=TP6-1
Added Pin To Net: NetName=SCK_LD Pin=TP7-1
Added Pin To Net: NetName=SW_EXT_CS Pin=TP8-1
Added Pin To Net: NetName=LATCH Pin=TP9-1
Added Pin To Net: NetName=DAC_CS Pin=TP10-1
Added Pin To Net: NetName=I_MO_INT Pin=TP11-1
Added Pin To Net: NetName=I_MO_EXT Pin=TP12-1
Added Pin To Net: NetName=I_LD_INT Pin=TP13-1
Added Pin To Net: NetName=NetD1_2 Pin=TP14-1
Added Pin To Net: NetName=SDO_3 Pin=TP15-1
Added Pin To Net: NetName=SDO_1 Pin=TP16-1
Added Pin To Net: NetName=SDO_4 Pin=TP17-1
Added Pin To Net: NetName=SDO_2 Pin=TP18-1
Added Pin To Net: NetName=SDO_5 Pin=TP19-1
Added Pin To Net: NetName=+5 Pin=U1-1
Added Pin To Net: NetName=+5 Pin=U1-2
Added Pin To Net: NetName=GND Pin=U1-3
Added Pin To Net: NetName=+3.3 Pin=U1-4
Added Pin To Net: NetName=+3.3 Pin=U1-5
Added Pin To Net: NetName=GND Pin=U1-6
Added Pin To Net: NetName=+3.3 Pin=U2-1
Added Pin To Net: NetName=DAC_CS Pin=U2-3
Added Pin To Net: NetName=SCK_LD Pin=U2-4
Added Pin To Net: NetName=MOSI_LD Pin=U2-5
Added Pin To Net: NetName=LATCH Pin=U2-8
Added Pin To Net: NetName=NetR2_2 Pin=U2-9
Added Pin To Net: NetName=DAC_DRV_EXT Pin=U2-10
Added Pin To Net: NetName=VREF_DAC Pin=U2-11
Added Pin To Net: NetName=GND Pin=U2-12
Added Pin To Net: NetName=VREF_DAC Pin=U2-13
Added Pin To Net: NetName=DAC_DRV_INT Pin=U2-14
Added Pin To Net: NetName=NetC14_2 Pin=U3-1
Added Pin To Net: NetName=NetC14_1 Pin=U3-2
Added Pin To Net: NetName=NetC13_2 Pin=U3-3
Added Pin To Net: NetName=GND Pin=U3-4
Added Pin To Net: NetName=NetQ1_2 Pin=U3-5
Added Pin To Net: NetName=NetR8_1 Pin=U3-6
Added Pin To Net: NetName=NetR8_1 Pin=U3-7
Added Pin To Net: NetName=+3.3 Pin=U3-8
Added Pin To Net: NetName=NetC19_2 Pin=U4-1
Added Pin To Net: NetName=NetC19_1 Pin=U4-2
Added Pin To Net: NetName=NetC18_2 Pin=U4-3
Added Pin To Net: NetName=GND Pin=U4-4
Added Pin To Net: NetName=NetQ2_2 Pin=U4-5
Added Pin To Net: NetName=NetR13_1 Pin=U4-6
Added Pin To Net: NetName=NetR13_1 Pin=U4-7
Added Pin To Net: NetName=+3.3 Pin=U4-8
Added Pin To Net: NetName=GND Pin=U5-1
Added Pin To Net: NetName=GND Pin=U5-1
Added Pin To Net: NetName=NetD1_2 Pin=U5-2
Added Pin To Net: NetName=NetD4_2 Pin=U5-3
Added Pin To Net: NetName=GND Pin=U5-4
Added Pin To Net: NetName=NetD6_2 Pin=U5-5
Added Pin To Net: NetName=NetD8_2 Pin=U5-7
Added Pin To Net: NetName=12V_EXP Pin=U5-10
Added Pin To Net: NetName=NetD7_2 Pin=U5-12
Added Pin To Net: NetName=NetD5_2 Pin=U5-13
Added Pin To Net: NetName=NetR19_1 Pin=U5-14
Added Pin To Net: NetName=NetD3_2 Pin=U5-15
Added Pin To Net: NetName=NetD2_2 Pin=U5-17
Added Pin To Net: NetName=12V_EXP Pin=U5-18
Added Pin To Net: NetName=SDO_1 Pin=U5-20
Added Pin To Net: NetName=SW_INT_CS Pin=U5-21
Added Pin To Net: NetName=SCK_LD Pin=U5-22
Added Pin To Net: NetName=MOSI_LD Pin=U5-23
Added Pin To Net: NetName=GND Pin=U6-1
Added Pin To Net: NetName=GND Pin=U6-1
Added Pin To Net: NetName=NetD10_2 Pin=U6-2
Added Pin To Net: NetName=NetD12_2 Pin=U6-3
Added Pin To Net: NetName=GND Pin=U6-4
Added Pin To Net: NetName=NetD14_2 Pin=U6-5
Added Pin To Net: NetName=NetD16_2 Pin=U6-7
Added Pin To Net: NetName=12V_EXP Pin=U6-10
Added Pin To Net: NetName=NetD15_2 Pin=U6-12
Added Pin To Net: NetName=NetD13_2 Pin=U6-13
Added Pin To Net: NetName=NetR15_1 Pin=U6-14
Added Pin To Net: NetName=NetD11_2 Pin=U6-15
Added Pin To Net: NetName=NetD9_2 Pin=U6-17
Added Pin To Net: NetName=12V_EXP Pin=U6-18
Added Pin To Net: NetName=SDO_2 Pin=U6-20
Added Pin To Net: NetName=SW_INT_CS Pin=U6-21
Added Pin To Net: NetName=SCK_LD Pin=U6-22
Added Pin To Net: NetName=SDO_1 Pin=U6-23
Added Pin To Net: NetName=GND Pin=U7-1
Added Pin To Net: NetName=GND Pin=U7-1
Added Pin To Net: NetName=NetD18_2 Pin=U7-2
Added Pin To Net: NetName=NetD19_2 Pin=U7-3
Added Pin To Net: NetName=GND Pin=U7-4
Added Pin To Net: NetName=NetD22_2 Pin=U7-5
Added Pin To Net: NetName=NetD24_2 Pin=U7-7
Added Pin To Net: NetName=12V_EXP Pin=U7-10
Added Pin To Net: NetName=NetD23_2 Pin=U7-12
Added Pin To Net: NetName=NetD21_2 Pin=U7-13
Added Pin To Net: NetName=NetR16_1 Pin=U7-14
Added Pin To Net: NetName=NetD20_2 Pin=U7-15
Added Pin To Net: NetName=NetD17_2 Pin=U7-17
Added Pin To Net: NetName=12V_EXP Pin=U7-18
Added Pin To Net: NetName=SDO_3 Pin=U7-20
Added Pin To Net: NetName=SW_INT_CS Pin=U7-21
Added Pin To Net: NetName=SCK_LD Pin=U7-22
Added Pin To Net: NetName=SDO_2 Pin=U7-23
Added Pin To Net: NetName=GND Pin=U8-1
Added Pin To Net: NetName=GND Pin=U8-1
Added Pin To Net: NetName=NetD26_2 Pin=U8-2
Added Pin To Net: NetName=NetD27_2 Pin=U8-3
Added Pin To Net: NetName=GND Pin=U8-4
Added Pin To Net: NetName=NetD30_2 Pin=U8-5
Added Pin To Net: NetName=NetD32_2 Pin=U8-7
Added Pin To Net: NetName=12V_EXP Pin=U8-10
Added Pin To Net: NetName=NetD31_2 Pin=U8-12
Added Pin To Net: NetName=NetD29_2 Pin=U8-13
Added Pin To Net: NetName=NetR17_1 Pin=U8-14
Added Pin To Net: NetName=NetD28_2 Pin=U8-15
Added Pin To Net: NetName=NetD25_2 Pin=U8-17
Added Pin To Net: NetName=12V_EXP Pin=U8-18
Added Pin To Net: NetName=SDO_4 Pin=U8-20
Added Pin To Net: NetName=SW_INT_CS Pin=U8-21
Added Pin To Net: NetName=SCK_LD Pin=U8-22
Added Pin To Net: NetName=SDO_3 Pin=U8-23
Added Pin To Net: NetName=GND Pin=U9-1
Added Pin To Net: NetName=GND Pin=U9-1
Added Pin To Net: NetName=NetD34_2 Pin=U9-2
Added Pin To Net: NetName=NetD35_2 Pin=U9-3
Added Pin To Net: NetName=GND Pin=U9-4
Added Pin To Net: NetName=NetD38_2 Pin=U9-5
Added Pin To Net: NetName=NetD40_2 Pin=U9-7
Added Pin To Net: NetName=12V_EXP Pin=U9-10
Added Pin To Net: NetName=NetD39_2 Pin=U9-12
Added Pin To Net: NetName=NetD37_2 Pin=U9-13
Added Pin To Net: NetName=NetR18_1 Pin=U9-14
Added Pin To Net: NetName=NetD36_2 Pin=U9-15
Added Pin To Net: NetName=NetD33_2 Pin=U9-17
Added Pin To Net: NetName=12V_EXP Pin=U9-18
Added Pin To Net: NetName=SDO_5 Pin=U9-20
Added Pin To Net: NetName=SW_INT_CS Pin=U9-21
Added Pin To Net: NetName=SCK_LD Pin=U9-22
Added Pin To Net: NetName=SDO_4 Pin=U9-23
Added Pin To Net: NetName=GND Pin=U10-1
Added Pin To Net: NetName=GND Pin=U10-1
Added Pin To Net: NetName=NetD42_2 Pin=U10-2
Added Pin To Net: NetName=NetD43_2 Pin=U10-3
Added Pin To Net: NetName=GND Pin=U10-4
Added Pin To Net: NetName=NetD46_2 Pin=U10-5
Added Pin To Net: NetName=NetD48_2 Pin=U10-7
Added Pin To Net: NetName=12V_EXP Pin=U10-10
Added Pin To Net: NetName=NetD47_2 Pin=U10-12
Added Pin To Net: NetName=NetD45_2 Pin=U10-13
Added Pin To Net: NetName=NetR36_1 Pin=U10-14
Added Pin To Net: NetName=NetD44_2 Pin=U10-15
Added Pin To Net: NetName=NetD41_2 Pin=U10-17
Added Pin To Net: NetName=12V_EXP Pin=U10-18
Added Pin To Net: NetName=SW_INT_CS Pin=U10-21
Added Pin To Net: NetName=SCK_LD Pin=U10-22
Added Pin To Net: NetName=SDO_5 Pin=U10-23
Added Pin To Net: NetName=GND Pin=U11-6
Added Pin To Net: NetName=12V_EXP Pin=U11-7
Added Pin To Net: NetName=GND Pin=U11-9
Added Pin To Net: NetName=NetC35_1 Pin=C35-1
Added Pin To Net: NetName=NetC35_1 Pin=D58-2
Added Pin To Net: NetName=NetC35_1 Pin=L2-1
Added Pin To Net: NetName=NetC35_1 Pin=U11-8
Added Net: Name=NetC35_1
Added Pin To Net: NetName=NetC35_2 Pin=C35-2
Added Pin To Net: NetName=NetC35_2 Pin=U11-1
Added Net: Name=NetC35_2
Added Pin To Net: NetName=NetC36_1 Pin=C36-1
Added Pin To Net: NetName=NetC36_1 Pin=C40-2
Added Net: Name=NetC36_1
Added Pin To Net: NetName=NetC37_1 Pin=C37-1
Added Pin To Net: NetName=NetC37_1 Pin=C41-2
Added Net: Name=NetC37_1
Added Pin To Net: NetName=NetR26_1 Pin=R26-1
Added Pin To Net: NetName=NetR26_1 Pin=R27-2
Added Pin To Net: NetName=NetR26_1 Pin=U11-4
Added Net: Name=NetR26_1
Added Class: Name=POWER SWITCH AND LDO
Added Member To Class: ClassName=COMMUNICATION Member=Component C7 0.22uF/25V
Added Member To Class: ClassName=COMMUNICATION Member=Component C8 0.22uF/25V
Added Member To Class: ClassName=COMMUNICATION Member=Component C9 0.22uF/25V
Added Member To Class: ClassName=COMMUNICATION Member=Component C10 0.22uF/25V
Added Member To Class: ClassName=COMMUNICATION Member=Component C11 0.22uF/25V
Added Member To Class: ClassName=COMMUNICATION Member=Component C12 0.22uF/25V
Added Member To Class: ClassName=CURRENT_SOURCE Member=Component C13 470pF/50V
Added Member To Class: ClassName=CURRENT_SOURCE Member=Component C14 0.22uF/25V
Added Member To Class: ClassName=CURRENT_SOURCE Member=Component C15 470pF/50V
Added Member To Class: ClassName=CURRENT_SOURCE Member=Component C16 0.22uF/25V
Added Member To Class: ClassName=CURRENT_SOURCE Member=Component C17 0.22uF/25V
Added Member To Class: ClassName=CURRENT_SOURCE Member=Component C18 470pF/50V
Added Member To Class: ClassName=CURRENT_SOURCE Member=Component C19 0.22uF/25V
Added Member To Class: ClassName=CURRENT_SOURCE Member=Component C20 470pF/50V
Added Member To Class: ClassName=CURRENT_SOURCE Member=Component C21 0.22uF/25V
Added Member To Class: ClassName=CURRENT_SOURCE Member=Component C22 0.22uF/25V
Added Member To Class: ClassName=SWITCHING Member=Component C23 0.22uF/25V
Added Member To Class: ClassName=SWITCHING Member=Component C24 0.22uF/25V
Added Member To Class: ClassName=SWITCHING Member=Component C25 0.22uF/25V
Added Member To Class: ClassName=SWITCHING Member=Component C26 0.22uF/25V
Added Member To Class: ClassName=SWITCHING Member=Component C27 0.22uF/25V
Added Member To Class: ClassName=SWITCHING Member=Component C28 0.22uF/25V
Added Member To Class: ClassName=SWITCHING Member=Component C29 0.22uF/25V
Added Member To Class: ClassName=SWITCHING Member=Component C30 0.22uF/25V
Added Member To Class: ClassName=SWITCHING Member=Component C31 0.22uF/25V
Added Member To Class: ClassName=SWITCHING Member=Component C32 0.22uF/25V
Added Member To Class: ClassName=SWITCHING Member=Component C33 0.22uF/25V
Added Member To Class: ClassName=SWITCHING Member=Component C34 0.22uF/25V
Added Member To Class: ClassName=SWITCHING Member=Component D1 1N4148W-TP
Added Member To Class: ClassName=SWITCHING Member=Component D2 1N4148W-TP
Added Member To Class: ClassName=SWITCHING Member=Component D3 1N4148W-TP
Added Member To Class: ClassName=SWITCHING Member=Component D4 1N4148W-TP
Added Member To Class: ClassName=SWITCHING Member=Component D5 1N4148W-TP
Added Member To Class: ClassName=SWITCHING Member=Component D6 1N4148W-TP
Added Member To Class: ClassName=SWITCHING Member=Component D7 1N4148W-TP
Added Member To Class: ClassName=SWITCHING Member=Component D8 1N4148W-TP
Added Member To Class: ClassName=SWITCHING Member=Component D9 1N4148W-TP
Added Member To Class: ClassName=SWITCHING Member=Component D10 1N4148W-TP
Added Member To Class: ClassName=SWITCHING Member=Component D11 1N4148W-TP
Added Member To Class: ClassName=SWITCHING Member=Component D12 1N4148W-TP
Added Member To Class: ClassName=SWITCHING Member=Component D13 1N4148W-TP
Added Member To Class: ClassName=SWITCHING Member=Component D14 1N4148W-TP
Added Member To Class: ClassName=SWITCHING Member=Component D15 1N4148W-TP
Added Member To Class: ClassName=SWITCHING Member=Component D16 1N4148W-TP
Added Member To Class: ClassName=SWITCHING Member=Component D17 1N4148W-TP
Added Member To Class: ClassName=SWITCHING Member=Component D18 1N4148W-TP
Added Member To Class: ClassName=SWITCHING Member=Component D19 1N4148W-TP
Added Member To Class: ClassName=SWITCHING Member=Component D20 1N4148W-TP
Added Member To Class: ClassName=SWITCHING Member=Component D21 1N4148W-TP
Added Member To Class: ClassName=SWITCHING Member=Component D22 1N4148W-TP
Added Member To Class: ClassName=SWITCHING Member=Component D23 1N4148W-TP
Added Member To Class: ClassName=SWITCHING Member=Component D24 1N4148W-TP
Added Member To Class: ClassName=SWITCHING Member=Component D25 1N4148W-TP
Added Member To Class: ClassName=SWITCHING Member=Component D26 1N4148W-TP
Added Member To Class: ClassName=SWITCHING Member=Component D27 1N4148W-TP
Added Member To Class: ClassName=SWITCHING Member=Component D28 1N4148W-TP
Added Member To Class: ClassName=SWITCHING Member=Component D29 1N4148W-TP
Added Member To Class: ClassName=SWITCHING Member=Component D30 1N4148W-TP
Added Member To Class: ClassName=SWITCHING Member=Component D31 1N4148W-TP
Added Member To Class: ClassName=SWITCHING Member=Component D32 1N4148W-TP
Added Member To Class: ClassName=SWITCHING Member=Component D33 1N4148W-TP
Added Member To Class: ClassName=SWITCHING Member=Component D34 1N4148W-TP
Added Member To Class: ClassName=SWITCHING Member=Component D35 1N4148W-TP
Added Member To Class: ClassName=SWITCHING Member=Component D36 1N4148W-TP
Added Member To Class: ClassName=SWITCHING Member=Component D37 1N4148W-TP
Added Member To Class: ClassName=SWITCHING Member=Component D38 1N4148W-TP
Added Member To Class: ClassName=SWITCHING Member=Component D39 1N4148W-TP
Added Member To Class: ClassName=SWITCHING Member=Component D40 1N4148W-TP
Added Member To Class: ClassName=SWITCHING Member=Component D41 1N4148W-TP
Added Member To Class: ClassName=SWITCHING Member=Component D42 1N4148W-TP
Added Member To Class: ClassName=SWITCHING Member=Component D43 1N4148W-TP
Added Member To Class: ClassName=SWITCHING Member=Component D44 1N4148W-TP
Added Member To Class: ClassName=SWITCHING Member=Component D45 1N4148W-TP
Added Member To Class: ClassName=SWITCHING Member=Component D46 1N4148W-TP
Added Member To Class: ClassName=SWITCHING Member=Component D47 1N4148W-TP
Added Member To Class: ClassName=SWITCHING Member=Component D48 1N4148W-TP
Added Member To Class: ClassName=COMMUNICATION Member=Component D49 S2312
Added Member To Class: ClassName=COMMUNICATION Member=Component D50 S2303
Added Member To Class: ClassName=COMMUNICATION Member=Component D51 S2303
Added Member To Class: ClassName=COMMUNICATION Member=Component D52 S2312
Added Member To Class: ClassName=COMMUNICATION Member=Component D53 S2303
Added Member To Class: ClassName=COMMUNICATION Member=Component D54 S2303
Added Member To Class: ClassName=COMMUNICATION Member=Component D55 S2303
Added Member To Class: ClassName=COMMUNICATION Member=Component D56 S2303
Added Member To Class: ClassName=COMMUNICATION Member=Component D57 S2303
Added Member To Class: ClassName=COMMUNICATION Member=Component L1 10uH
Added Member To Class: ClassName=SWITCHING Member=Component LD1 LaserDiode
Added Member To Class: ClassName=SWITCHING Member=Component LD2 LaserDiode
Added Member To Class: ClassName=SWITCHING Member=Component LD3 LaserDiode
Added Member To Class: ClassName=SWITCHING Member=Component LD4 LaserDiode
Added Member To Class: ClassName=SWITCHING Member=Component LD5 LaserDiode
Added Member To Class: ClassName=SWITCHING Member=Component LD6 LaserDiode
Added Member To Class: ClassName=SWITCHING Member=Component LD7 LaserDiode
Added Member To Class: ClassName=SWITCHING Member=Component LD8 LaserDiode
Added Member To Class: ClassName=SWITCHING Member=Component LD9 LaserDiode
Added Member To Class: ClassName=SWITCHING Member=Component LD10 LaserDiode
Added Member To Class: ClassName=SWITCHING Member=Component LD11 LaserDiode
Added Member To Class: ClassName=SWITCHING Member=Component LD12 LaserDiode
Added Member To Class: ClassName=SWITCHING Member=Component LD13 LaserDiode
Added Member To Class: ClassName=SWITCHING Member=Component LD14 LaserDiode
Added Member To Class: ClassName=SWITCHING Member=Component LD15 LaserDiode
Added Member To Class: ClassName=SWITCHING Member=Component LD16 LaserDiode
Added Member To Class: ClassName=SWITCHING Member=Component LD17 LaserDiode
Added Member To Class: ClassName=SWITCHING Member=Component LD18 LaserDiode
Added Member To Class: ClassName=SWITCHING Member=Component LD19 LaserDiode
Added Member To Class: ClassName=SWITCHING Member=Component LD20 LaserDiode
Added Member To Class: ClassName=SWITCHING Member=Component LD21 LaserDiode
Added Member To Class: ClassName=SWITCHING Member=Component LD22 LaserDiode
Added Member To Class: ClassName=SWITCHING Member=Component LD23 LaserDiode
Added Member To Class: ClassName=SWITCHING Member=Component LD24 LaserDiode
Added Member To Class: ClassName=SWITCHING Member=Component LD25 LaserDiode
Added Member To Class: ClassName=SWITCHING Member=Component LD26 LaserDiode
Added Member To Class: ClassName=SWITCHING Member=Component LD27 LaserDiode
Added Member To Class: ClassName=SWITCHING Member=Component LD28 LaserDiode
Added Member To Class: ClassName=SWITCHING Member=Component LD29 LaserDiode
Added Member To Class: ClassName=SWITCHING Member=Component LD30 LaserDiode
Added Member To Class: ClassName=SWITCHING Member=Component LD31 LaserDiode
Added Member To Class: ClassName=SWITCHING Member=Component LD32 LaserDiode
Added Member To Class: ClassName=SWITCHING Member=Component LD33 LaserDiode
Added Member To Class: ClassName=SWITCHING Member=Component LD34 LaserDiode
Added Member To Class: ClassName=SWITCHING Member=Component LD35 LaserDiode
Added Member To Class: ClassName=SWITCHING Member=Component LD36 LaserDiode
Added Member To Class: ClassName=SWITCHING Member=Component LD37 LaserDiode
Added Member To Class: ClassName=SWITCHING Member=Component LD38 LaserDiode
Added Member To Class: ClassName=SWITCHING Member=Component LD39 LaserDiode
Added Member To Class: ClassName=SWITCHING Member=Component LD40 LaserDiode
Added Member To Class: ClassName=SWITCHING Member=Component LD41 LaserDiode
Added Member To Class: ClassName=SWITCHING Member=Component LD42 LaserDiode
Added Member To Class: ClassName=SWITCHING Member=Component LD43 LaserDiode
Added Member To Class: ClassName=SWITCHING Member=Component LD44 LaserDiode
Added Member To Class: ClassName=SWITCHING Member=Component LD45 LaserDiode
Added Member To Class: ClassName=SWITCHING Member=Component LD46 LaserDiode
Added Member To Class: ClassName=SWITCHING Member=Component LD47 LaserDiode
Added Member To Class: ClassName=SWITCHING Member=Component LD48 LaserDiode
Added Member To Class: ClassName=CURRENT_SOURCE Member=Component Q1 AO3400
Added Member To Class: ClassName=CURRENT_SOURCE Member=Component Q2 AO3400
Added Member To Class: ClassName=COMMUNICATION Member=Component R2 4.7K 1%
Added Member To Class: ClassName=COMMUNICATION Member=Component R4 4.7K 1%
Added Member To Class: ClassName=CURRENT_SOURCE Member=Component R5 50R 1%
Added Member To Class: ClassName=CURRENT_SOURCE Member=Component R6 100R 1%
Added Member To Class: ClassName=CURRENT_SOURCE Member=Component R7 1K 1%
Added Member To Class: ClassName=CURRENT_SOURCE Member=Component R8 50R 1%
Added Member To Class: ClassName=CURRENT_SOURCE Member=Component R9 120R 1%
Added Member To Class: ClassName=CURRENT_SOURCE Member=Component R10 50R 1%
Added Member To Class: ClassName=CURRENT_SOURCE Member=Component R11 100R 1%
Added Member To Class: ClassName=CURRENT_SOURCE Member=Component R12 1K 1%
Added Member To Class: ClassName=CURRENT_SOURCE Member=Component R13 50R 1%
Added Member To Class: ClassName=CURRENT_SOURCE Member=Component R14 120R 1%
Added Member To Class: ClassName=SWITCHING Member=Component R15 4.7K 1%
Added Member To Class: ClassName=SWITCHING Member=Component R16 4.7K 1%
Added Member To Class: ClassName=SWITCHING Member=Component R17 4.7K 1%
Added Member To Class: ClassName=SWITCHING Member=Component R18 4.7K 1%
Added Member To Class: ClassName=SWITCHING Member=Component R19 4.7K 1%
Added Member To Class: ClassName=SWITCHING Member=Component R20 4.7K 1%
Added Member To Class: ClassName=SWITCHING Member=Component R21 4.7K 1%
Added Member To Class: ClassName=SWITCHING Member=Component R22 4.7K 1%
Added Member To Class: ClassName=SWITCHING Member=Component R23 4.7K 1%
Added Member To Class: ClassName=SWITCHING Member=Component R24 4.7K 1%
Added Member To Class: ClassName=COMMUNICATION Member=Component R25 4.7K 1%
Added Member To Class: ClassName=SWITCHING Member=Component R36 4.7K 1%
Added Member To Class: ClassName=COMMUNICATION Member=Component TP1 Test_Point
Added Member To Class: ClassName=COMMUNICATION Member=Component TP2 Test_Point
Added Member To Class: ClassName=COMMUNICATION Member=Component TP3 Test_Point
Added Member To Class: ClassName=COMMUNICATION Member=Component TP4 Test_Point
Added Member To Class: ClassName=COMMUNICATION Member=Component TP5 Test_Point
Added Member To Class: ClassName=COMMUNICATION Member=Component TP6 Test_Point
Added Member To Class: ClassName=COMMUNICATION Member=Component TP7 Test_Point
Added Member To Class: ClassName=COMMUNICATION Member=Component TP8 Test_Point
Added Member To Class: ClassName=COMMUNICATION Member=Component TP9 Test_Point
Added Member To Class: ClassName=COMMUNICATION Member=Component TP10 Test_Point
Added Member To Class: ClassName=CURRENT_SOURCE Member=Component TP11 Test_Point
Added Member To Class: ClassName=CURRENT_SOURCE Member=Component TP12 Test_Point
Added Member To Class: ClassName=SWITCHING Member=Component TP13 Test_Point
Added Member To Class: ClassName=SWITCHING Member=Component TP14 Test_Point
Added Member To Class: ClassName=SWITCHING Member=Component TP15 Test_Point
Added Member To Class: ClassName=SWITCHING Member=Component TP16 Test_Point
Added Member To Class: ClassName=SWITCHING Member=Component TP17 Test_Point
Added Member To Class: ClassName=SWITCHING Member=Component TP18 Test_Point
Added Member To Class: ClassName=SWITCHING Member=Component TP19 Test_Point
Added Member To Class: ClassName=COMMUNICATION Member=Component U2 MCP4902-E/ST
Added Member To Class: ClassName=CURRENT_SOURCE Member=Component U3 OPA2340UA
Added Member To Class: ClassName=CURRENT_SOURCE Member=Component U4 OPA2340UA
Added Member To Class: ClassName=SWITCHING Member=Component U5 ADGS1408BCPZ
Added Member To Class: ClassName=SWITCHING Member=Component U6 ADGS1408BCPZ
Added Member To Class: ClassName=SWITCHING Member=Component U7 ADGS1408BCPZ
Added Member To Class: ClassName=SWITCHING Member=Component U8 ADGS1408BCPZ
Added Member To Class: ClassName=SWITCHING Member=Component U9 ADGS1408BCPZ
Added Member To Class: ClassName=SWITCHING Member=Component U10 ADGS1408BCPZ
