Removed Pin From Net: NetName=12V_EXP Pin=J2-1
Removed Pin From Net: NetName=12V_EXP Pin=J2-2
Removed Pin From Net: NetName=SCK_LD Pin=J2-3
Removed Pin From Net: NetName=MISO_LD Pin=J2-4
Removed Pin From Net: NetName=MOSI_LD Pin=J2-5
Removed Pin From Net: NetName=I_MO_INT Pin=J2-6
Removed Pin From Net: NetName=I_MO_EXT Pin=J2-7
Removed Pin From Net: NetName=LATCH Pin=J2-9
Removed Pin From Net: NetName=DAC_CS Pin=J2-10
Removed Pin From Net: NetName=SW_EXT_CS Pin=J2-11
Removed Pin From Net: NetName=SW_INT_CS Pin=J2-12
Removed Pin From Net: NetName=GND Pin=J2-13
Removed Pin From Net: NetName=GND Pin=J2-14
Added Pin To Net: NetName=GND Pin=J2-1
Added Pin To Net: NetName=GND Pin=J2-2
Added Pin To Net: NetName=SW_INT_CS Pin=J2-3
Added Pin To Net: NetName=SW_EXT_CS Pin=J2-4
Added Pin To Net: NetName=DAC_CS Pin=J2-5
Added Pin To Net: NetName=LATCH Pin=J2-6
Added Pin To Net: NetName=I_MO_EXT Pin=J2-8
Added Pin To Net: NetName=I_MO_INT Pin=J2-9
Added Pin To Net: NetName=MOSI_LD Pin=J2-10
Added Pin To Net: NetName=MISO_LD Pin=J2-11
Added Pin To Net: NetName=SCK_LD Pin=J2-12
Added Pin To Net: NetName=12V_EXP Pin=J2-13
Added Pin To Net: NetName=12V_EXP Pin=J2-14
