Removed Pin From Net: NetName=I_LD_INT Pin=D33-1
Removed Pin From Net: NetName=I_LD_INT Pin=D36-1
Removed Pin From Net: NetName=I_LD_INT Pin=D37-1
Removed Pin From Net: NetName=I_LD_INT Pin=D39-1
Removed Pin From Net: NetName=I_LD_INT Pin=D42-1
Removed Pin From Net: NetName=I_LD_INT Pin=D43-1
Removed Pin From Net: NetName=NetD2_2 Pin=LD5-1
Removed Pin From Net: NetName=NetD5_2 Pin=LD7-1
Removed Pin From Net: NetName=I_LD_INT Pin=LD37-3
Removed Pin From Net: NetName=I_LD_INT Pin=LD38-3
Removed Pin From Net: NetName=I_LD_INT Pin=LD39-3
Removed Pin From Net: NetName=I_LD_INT Pin=LD40-3
Removed Pin From Net: NetName=I_LD_INT Pin=LD41-3
Removed Pin From Net: NetName=I_LD_INT Pin=LD42-3
Removed Pin From Net: NetName=GND Pin=U5-1
Removed Pin From Net: NetName=GND Pin=U5-1
Removed Pin From Net: NetName=NetD1_2 Pin=U5-2
Removed Pin From Net: NetName=NetD4_2 Pin=U5-3
Removed Pin From Net: NetName=GND Pin=U5-4
Removed Pin From Net: NetName=NetD6_2 Pin=U5-5
Removed Pin From Net: NetName=NetD8_2 Pin=U5-7
Removed Pin From Net: NetName=12V_EXP Pin=U5-10
Removed Pin From Net: NetName=NetD5_2 Pin=U5-13
Removed Pin From Net: NetName=NetR19_1 Pin=U5-14
Removed Pin From Net: NetName=NetD3_2 Pin=U5-15
Removed Pin From Net: NetName=NetD2_2 Pin=U5-17
Removed Pin From Net: NetName=12V_EXP Pin=U5-18
Removed Pin From Net: NetName=SDO_1 Pin=U5-20
Removed Pin From Net: NetName=SW_INT_CS Pin=U5-21
Removed Pin From Net: NetName=SCK_LD Pin=U5-22
Removed Pin From Net: NetName=MOSI_LD Pin=U5-23
Removed Pin From Net: NetName=GND Pin=U6-1
Removed Pin From Net: NetName=GND Pin=U6-1
Removed Pin From Net: NetName=NetD7_2 Pin=U6-2
Removed Pin From Net: NetName=NetD10_2 Pin=U6-3
Removed Pin From Net: NetName=GND Pin=U6-4
Removed Pin From Net: NetName=NetD12_2 Pin=U6-5
Removed Pin From Net: NetName=NetD14_2 Pin=U6-7
Removed Pin From Net: NetName=12V_EXP Pin=U6-10
Removed Pin From Net: NetName=NetD11_2 Pin=U6-13
Removed Pin From Net: NetName=NetR15_1 Pin=U6-14
Removed Pin From Net: NetName=NetD9_2 Pin=U6-15
Removed Pin From Net: NetName=NetD16_2 Pin=U6-17
Removed Pin From Net: NetName=12V_EXP Pin=U6-18
Removed Pin From Net: NetName=SDO_2 Pin=U6-20
Removed Pin From Net: NetName=SW_INT_CS Pin=U6-21
Removed Pin From Net: NetName=SCK_LD Pin=U6-22
Removed Pin From Net: NetName=SDO_1 Pin=U6-23
Removed Pin From Net: NetName=GND Pin=U7-1
Removed Pin From Net: NetName=GND Pin=U7-1
Removed Pin From Net: NetName=NetD13_2 Pin=U7-2
Removed Pin From Net: NetName=NetD15_2 Pin=U7-3
Removed Pin From Net: NetName=GND Pin=U7-4
Removed Pin From Net: NetName=NetD18_2 Pin=U7-5
Removed Pin From Net: NetName=NetD19_2 Pin=U7-7
Removed Pin From Net: NetName=12V_EXP Pin=U7-10
Removed Pin From Net: NetName=NetD17_2 Pin=U7-13
Removed Pin From Net: NetName=NetR16_1 Pin=U7-14
Removed Pin From Net: NetName=NetD24_2 Pin=U7-15
Removed Pin From Net: NetName=NetD22_2 Pin=U7-17
Removed Pin From Net: NetName=12V_EXP Pin=U7-18
Removed Pin From Net: NetName=SDO_3 Pin=U7-20
Removed Pin From Net: NetName=SW_INT_CS Pin=U7-21
Removed Pin From Net: NetName=SCK_LD Pin=U7-22
Removed Pin From Net: NetName=SDO_2 Pin=U7-23
Removed Pin From Net: NetName=GND Pin=U8-1
Removed Pin From Net: NetName=GND Pin=U8-1
Removed Pin From Net: NetName=NetD20_2 Pin=U8-2
Removed Pin From Net: NetName=NetD21_2 Pin=U8-3
Removed Pin From Net: NetName=GND Pin=U8-4
Removed Pin From Net: NetName=NetD23_2 Pin=U8-5
Removed Pin From Net: NetName=NetD26_2 Pin=U8-7
Removed Pin From Net: NetName=12V_EXP Pin=U8-10
Removed Pin From Net: NetName=NetD32_2 Pin=U8-13
Removed Pin From Net: NetName=NetR17_1 Pin=U8-14
Removed Pin From Net: NetName=NetD30_2 Pin=U8-15
Removed Pin From Net: NetName=NetD27_2 Pin=U8-17
Removed Pin From Net: NetName=12V_EXP Pin=U8-18
Removed Pin From Net: NetName=SDO_4 Pin=U8-20
Removed Pin From Net: NetName=SW_INT_CS Pin=U8-21
Removed Pin From Net: NetName=SCK_LD Pin=U8-22
Removed Pin From Net: NetName=SDO_3 Pin=U8-23
Removed Pin From Net: NetName=GND Pin=U9-1
Removed Pin From Net: NetName=GND Pin=U9-1
Removed Pin From Net: NetName=NetD25_2 Pin=U9-2
Removed Pin From Net: NetName=NetD28_2 Pin=U9-3
Removed Pin From Net: NetName=GND Pin=U9-4
Removed Pin From Net: NetName=NetD29_2 Pin=U9-5
Removed Pin From Net: NetName=NetD31_2 Pin=U9-7
Removed Pin From Net: NetName=12V_EXP Pin=U9-10
Removed Pin From Net: NetName=NetD38_2 Pin=U9-13
Removed Pin From Net: NetName=NetR18_1 Pin=U9-14
Removed Pin From Net: NetName=NetD35_2 Pin=U9-15
Removed Pin From Net: NetName=NetD34_2 Pin=U9-17
Removed Pin From Net: NetName=12V_EXP Pin=U9-18
Removed Pin From Net: NetName=SDO_5 Pin=U9-20
Removed Pin From Net: NetName=SW_INT_CS Pin=U9-21
Removed Pin From Net: NetName=SCK_LD Pin=U9-22
Removed Pin From Net: NetName=SDO_4 Pin=U9-23
Removed Pin From Net: NetName=GND Pin=U10-1
Removed Pin From Net: NetName=GND Pin=U10-1
Removed Pin From Net: NetName=NetD40_2 Pin=U10-2
Removed Pin From Net: NetName=GND Pin=U10-4
Removed Pin From Net: NetName=12V_EXP Pin=U10-10
Removed Pin From Net: NetName=NetR36_1 Pin=U10-14
Removed Pin From Net: NetName=12V_EXP Pin=U10-18
Removed Pin From Net: NetName=SW_INT_CS Pin=U10-21
Removed Pin From Net: NetName=SCK_LD Pin=U10-22
Removed Pin From Net: NetName=SDO_5 Pin=U10-23
Removed Member From Class: ClassName=SWITCHING Member=D33
Removed Member From Class: ClassName=SWITCHING Member=D36
Removed Member From Class: ClassName=SWITCHING Member=D37
Removed Member From Class: ClassName=SWITCHING Member=D39
Removed Member From Class: ClassName=SWITCHING Member=D42
Removed Member From Class: ClassName=SWITCHING Member=D43
Removed Member From Class: ClassName=SWITCHING Member=LD37
Removed Member From Class: ClassName=SWITCHING Member=LD38
Removed Member From Class: ClassName=SWITCHING Member=LD39
Removed Member From Class: ClassName=SWITCHING Member=LD40
Removed Member From Class: ClassName=SWITCHING Member=LD41
Removed Member From Class: ClassName=SWITCHING Member=LD42
Removed Member From Class: ClassName=SWITCHING Member=U5
Removed Member From Class: ClassName=SWITCHING Member=U6
Removed Member From Class: ClassName=SWITCHING Member=U7
Removed Member From Class: ClassName=SWITCHING Member=U8
Removed Member From Class: ClassName=SWITCHING Member=U9
Removed Member From Class: ClassName=SWITCHING Member=U10
Added Component: Designator=U?(ADG1414BCPZ)
Added Component: Designator=U?(ADG1414BCPZ)
Added Component: Designator=U?(ADG1414BCPZ)
Added Component: Designator=U?(ADG1414BCPZ)
Added Component: Designator=U?(ADG1414BCPZ)
Added Component: Designator=U?(ADG1414BCPZ)
Added Pin To Net: NetName=NetD5_2 Pin=LD5-1
Added Pin To Net: NetName=NetD2_2 Pin=LD7-1
Added Pin To Net: NetName=GND Pin=U?-1
Added Pin To Net: NetName=GND Pin=U?-1
Added Pin To Net: NetName=GND Pin=U?-1
Added Pin To Net: NetName=GND Pin=U?-1
Added Pin To Net: NetName=GND Pin=U?-1
Added Pin To Net: NetName=GND Pin=U?-1
Added Pin To Net: NetName=NetD1_2 Pin=U?-2
Added Pin To Net: NetName=NetD2_2 Pin=U?-2
Added Pin To Net: NetName=NetD9_2 Pin=U?-2
Added Pin To Net: NetName=NetD22_2 Pin=U?-2
Added Pin To Net: NetName=NetD26_2 Pin=U?-2
Added Pin To Net: NetName=NetD29_2 Pin=U?-2
Added Pin To Net: NetName=12V_EXP Pin=U?-3
Added Pin To Net: NetName=12V_EXP Pin=U?-3
Added Pin To Net: NetName=12V_EXP Pin=U?-3
Added Pin To Net: NetName=12V_EXP Pin=U?-3
Added Pin To Net: NetName=12V_EXP Pin=U?-3
Added Pin To Net: NetName=12V_EXP Pin=U?-3
Added Pin To Net: NetName=NetD4_2 Pin=U?-4
Added Pin To Net: NetName=NetD7_2 Pin=U?-4
Added Pin To Net: NetName=NetD11_2 Pin=U?-4
Added Pin To Net: NetName=NetD24_2 Pin=U?-4
Added Pin To Net: NetName=NetD27_2 Pin=U?-4
Added Pin To Net: NetName=NetD31_2 Pin=U?-4
Added Pin To Net: NetName=12V_EXP Pin=U?-5
Added Pin To Net: NetName=12V_EXP Pin=U?-5
Added Pin To Net: NetName=12V_EXP Pin=U?-5
Added Pin To Net: NetName=12V_EXP Pin=U?-5
Added Pin To Net: NetName=12V_EXP Pin=U?-5
Added Pin To Net: NetName=12V_EXP Pin=U?-5
Added Pin To Net: NetName=NetD6_2 Pin=U?-6
Added Pin To Net: NetName=NetD10_2 Pin=U?-6
Added Pin To Net: NetName=NetD13_2 Pin=U?-6
Added Pin To Net: NetName=NetD17_2 Pin=U?-6
Added Pin To Net: NetName=NetD30_2 Pin=U?-6
Added Pin To Net: NetName=NetD34_2 Pin=U?-6
Added Pin To Net: NetName=12V_EXP Pin=U?-7
Added Pin To Net: NetName=12V_EXP Pin=U?-7
Added Pin To Net: NetName=12V_EXP Pin=U?-7
Added Pin To Net: NetName=12V_EXP Pin=U?-7
Added Pin To Net: NetName=12V_EXP Pin=U?-7
Added Pin To Net: NetName=12V_EXP Pin=U?-7
Added Pin To Net: NetName=NetD8_2 Pin=U?-8
Added Pin To Net: NetName=NetD12_2 Pin=U?-8
Added Pin To Net: NetName=NetD15_2 Pin=U?-8
Added Pin To Net: NetName=NetD20_2 Pin=U?-8
Added Pin To Net: NetName=NetD32_2 Pin=U?-8
Added Pin To Net: NetName=NetD35_2 Pin=U?-8
Added Pin To Net: NetName=12V_EXP Pin=U?-9
Added Pin To Net: NetName=12V_EXP Pin=U?-9
Added Pin To Net: NetName=12V_EXP Pin=U?-9
Added Pin To Net: NetName=12V_EXP Pin=U?-9
Added Pin To Net: NetName=12V_EXP Pin=U?-9
Added Pin To Net: NetName=12V_EXP Pin=U?-9
Added Pin To Net: NetName=12V_EXP Pin=U?-10
Added Pin To Net: NetName=12V_EXP Pin=U?-10
Added Pin To Net: NetName=12V_EXP Pin=U?-10
Added Pin To Net: NetName=12V_EXP Pin=U?-10
Added Pin To Net: NetName=12V_EXP Pin=U?-10
Added Pin To Net: NetName=12V_EXP Pin=U?-10
Added Pin To Net: NetName=NetD5_2 Pin=U?-11
Added Pin To Net: NetName=NetD14_2 Pin=U?-11
Added Pin To Net: NetName=NetD18_2 Pin=U?-11
Added Pin To Net: NetName=NetD21_2 Pin=U?-11
Added Pin To Net: NetName=NetD25_2 Pin=U?-11
Added Pin To Net: NetName=NetD38_2 Pin=U?-11
Added Pin To Net: NetName=12V_EXP Pin=U?-12
Added Pin To Net: NetName=12V_EXP Pin=U?-12
Added Pin To Net: NetName=12V_EXP Pin=U?-12
Added Pin To Net: NetName=12V_EXP Pin=U?-12
Added Pin To Net: NetName=12V_EXP Pin=U?-12
Added Pin To Net: NetName=12V_EXP Pin=U?-12
Added Pin To Net: NetName=NetD3_2 Pin=U?-13
Added Pin To Net: NetName=NetD16_2 Pin=U?-13
Added Pin To Net: NetName=NetD19_2 Pin=U?-13
Added Pin To Net: NetName=NetD23_2 Pin=U?-13
Added Pin To Net: NetName=NetD28_2 Pin=U?-13
Added Pin To Net: NetName=NetD40_2 Pin=U?-13
Added Pin To Net: NetName=GND Pin=U?-18
Added Pin To Net: NetName=GND Pin=U?-18
Added Pin To Net: NetName=GND Pin=U?-18
Added Pin To Net: NetName=GND Pin=U?-18
Added Pin To Net: NetName=GND Pin=U?-18
Added Pin To Net: NetName=GND Pin=U?-18
Added Pin To Net: NetName=SDO_1 Pin=U?-19
Added Pin To Net: NetName=SDO_2 Pin=U?-19
Added Pin To Net: NetName=SDO_3 Pin=U?-19
Added Pin To Net: NetName=SDO_4 Pin=U?-19
Added Pin To Net: NetName=SDO_5 Pin=U?-19
Added Pin To Net: NetName=NetR15_1 Pin=U?-20
Added Pin To Net: NetName=NetR16_1 Pin=U?-20
Added Pin To Net: NetName=NetR17_1 Pin=U?-20
Added Pin To Net: NetName=NetR18_1 Pin=U?-20
Added Pin To Net: NetName=NetR19_1 Pin=U?-20
Added Pin To Net: NetName=NetR36_1 Pin=U?-20
Added Pin To Net: NetName=SW_INT_CS Pin=U?-21
Added Pin To Net: NetName=SW_INT_CS Pin=U?-21
Added Pin To Net: NetName=SW_INT_CS Pin=U?-21
Added Pin To Net: NetName=SW_INT_CS Pin=U?-21
Added Pin To Net: NetName=SW_INT_CS Pin=U?-21
Added Pin To Net: NetName=SW_INT_CS Pin=U?-21
Added Pin To Net: NetName=SCK_LD Pin=U?-22
Added Pin To Net: NetName=SCK_LD Pin=U?-22
Added Pin To Net: NetName=SCK_LD Pin=U?-22
Added Pin To Net: NetName=SCK_LD Pin=U?-22
Added Pin To Net: NetName=SCK_LD Pin=U?-22
Added Pin To Net: NetName=SCK_LD Pin=U?-22
Added Pin To Net: NetName=12V_EXP Pin=U?-23
Added Pin To Net: NetName=12V_EXP Pin=U?-23
Added Pin To Net: NetName=12V_EXP Pin=U?-23
Added Pin To Net: NetName=12V_EXP Pin=U?-23
Added Pin To Net: NetName=12V_EXP Pin=U?-23
Added Pin To Net: NetName=12V_EXP Pin=U?-23
Added Pin To Net: NetName=MOSI_LD Pin=U?-24
Added Pin To Net: NetName=SDO_1 Pin=U?-24
Added Pin To Net: NetName=SDO_2 Pin=U?-24
Added Pin To Net: NetName=SDO_3 Pin=U?-24
Added Pin To Net: NetName=SDO_4 Pin=U?-24
Added Pin To Net: NetName=SDO_5 Pin=U?-24
Added Member To Class: ClassName=SWITCHING Member=Component U? ADG1414BCPZ
Added Member To Class: ClassName=SWITCHING Member=Component U? ADG1414BCPZ
Added Member To Class: ClassName=SWITCHING Member=Component U? ADG1414BCPZ
Added Member To Class: ClassName=SWITCHING Member=Component U? ADG1414BCPZ
Added Member To Class: ClassName=SWITCHING Member=Component U? ADG1414BCPZ
Added Member To Class: ClassName=SWITCHING Member=Component U? ADG1414BCPZ
