Removed Pin From Net: NetName=GND_AUX Pin=C2-2
Removed Pin From Net: NetName=GND_AUX Pin=C3-1
Removed Pin From Net: NetName=GND_AUX Pin=C4-1
Removed Pin From Net: NetName=GND_AUX Pin=C7-2
Removed Pin From Net: NetName=GND_AUX Pin=C8-2
Removed Pin From Net: NetName=+5 Pin=C9-1
Removed Pin From Net: NetName=GND_AUX Pin=C10-2
Removed Pin From Net: NetName=+5 Pin=C11-1
Removed Pin From Net: NetName=GND_AUX Pin=C11-2
Removed Pin From Net: NetName=GND_AUX Pin=C12-2
Removed Pin From Net: NetName=+5 Pin=C14-1
Removed Pin From Net: NetName=GND_AUX Pin=C15-2
Removed Pin From Net: NetName=+5 Pin=C22-1
Removed Pin From Net: NetName=GND_AUX Pin=C26-2
Removed Pin From Net: NetName=+5 Pin=C27-2
Removed Pin From Net: NetName=GND_AUX Pin=C32-2
Removed Pin From Net: NetName=+5 Pin=C38-1
Removed Pin From Net: NetName=+5 Pin=C39-1
Removed Pin From Net: NetName=GND_AUX Pin=C41-2
Removed Pin From Net: NetName=GND_AUX Pin=C42-2
Removed Pin From Net: NetName=+5 Pin=C44-1
Removed Pin From Net: NetName=+5 Pin=C45-1
Removed Pin From Net: NetName=GND_AUX Pin=C46-2
Removed Pin From Net: NetName=GND_AUX Pin=C47-2
Removed Pin From Net: NetName=GND_AUX Pin=C48-2
Removed Pin From Net: NetName=GND_AUX Pin=C49-2
Removed Pin From Net: NetName=GND_AUX Pin=C50-2
Removed Pin From Net: NetName=+5 Pin=C53-2
Removed Pin From Net: NetName=GND_AUX Pin=C55-1
Removed Pin From Net: NetName=GND_AUX Pin=C57-1
Removed Pin From Net: NetName=GND_AUX Pin=C58-1
Removed Pin From Net: NetName=GND_AUX Pin=C60-2
Removed Pin From Net: NetName=GND_AUX Pin=C68-1
Removed Pin From Net: NetName=NetC1_1 Pin=C68-2
Removed Pin From Net: NetName=GND_AUX Pin=D1-1
Removed Pin From Net: NetName=GND_AUX Pin=D2-1
Removed Pin From Net: NetName=I_LD_INT Pin=DIO1-1
Removed Pin From Net: NetName=I_LD_INT Pin=DIO2-1
Removed Pin From Net: NetName=I_LD_INT Pin=DIO3-1
Removed Pin From Net: NetName=I_LD_INT Pin=DIO4-1
Removed Pin From Net: NetName=I_LD_INT Pin=DIO5-1
Removed Pin From Net: NetName=I_LD_INT Pin=DIO6-1
Removed Pin From Net: NetName=I_LD_INT Pin=DIO7-1
Removed Pin From Net: NetName=I_LD_INT Pin=DIO8-1
Removed Pin From Net: NetName=I_LD_INT Pin=DIO9-1
Removed Pin From Net: NetName=I_LD_INT Pin=DIO10-1
Removed Pin From Net: NetName=I_LD_INT Pin=DIO11-1
Removed Pin From Net: NetName=I_LD_INT Pin=DIO12-1
Removed Pin From Net: NetName=I_LD_INT Pin=DIO13-1
Removed Pin From Net: NetName=I_LD_INT Pin=DIO14-1
Removed Pin From Net: NetName=I_LD_INT Pin=DIO15-1
Removed Pin From Net: NetName=I_LD_INT Pin=DIO16-1
Removed Pin From Net: NetName=I_LD_INT Pin=DIO17-1
Removed Pin From Net: NetName=I_LD_INT Pin=DIO18-1
Removed Pin From Net: NetName=I_LD_INT Pin=DIO19-1
Removed Pin From Net: NetName=I_LD_INT Pin=DIO20-1
Removed Pin From Net: NetName=I_LD_INT Pin=DIO21-1
Removed Pin From Net: NetName=I_LD_INT Pin=DIO22-1
Removed Pin From Net: NetName=I_LD_INT Pin=DIO23-1
Removed Pin From Net: NetName=I_LD_INT Pin=DIO24-1
Removed Pin From Net: NetName=I_LD_INT Pin=DIO25-1
Removed Pin From Net: NetName=I_LD_INT Pin=DIO26-1
Removed Pin From Net: NetName=I_LD_INT Pin=DIO27-1
Removed Pin From Net: NetName=I_LD_INT Pin=DIO28-1
Removed Pin From Net: NetName=I_LD_INT Pin=DIO29-1
Removed Pin From Net: NetName=I_LD_INT Pin=DIO30-1
Removed Pin From Net: NetName=I_LD_INT Pin=DIO31-1
Removed Pin From Net: NetName=I_LD_INT Pin=DIO32-1
Removed Pin From Net: NetName=I_LD_INT Pin=DIO33-1
Removed Pin From Net: NetName=I_LD_INT Pin=DIO34-1
Removed Pin From Net: NetName=I_LD_INT Pin=DIO35-1
Removed Pin From Net: NetName=I_LD_INT Pin=DIO36-1
Removed Pin From Net: NetName=I_LD_INT Pin=DIO37-1
Removed Pin From Net: NetName=I_LD_INT Pin=DIO38-1
Removed Pin From Net: NetName=I_LD_INT Pin=DIO39-1
Removed Pin From Net: NetName=I_LD_INT Pin=DIO40-1
Removed Pin From Net: NetName=I_LD_INT Pin=DIO41-1
Removed Pin From Net: NetName=I_LD_INT Pin=DIO42-1
Removed Pin From Net: NetName=I_LD_INT Pin=DIO43-1
Removed Pin From Net: NetName=I_LD_INT Pin=DIO44-1
Removed Pin From Net: NetName=I_LD_INT Pin=DIO45-1
Removed Pin From Net: NetName=I_LD_INT Pin=DIO46-1
Removed Pin From Net: NetName=I_LD_INT Pin=DIO47-1
Removed Pin From Net: NetName=I_LD_INT Pin=DIO48-1
Removed Pin From Net: NetName=I_LD_EXT Pin=DIO65-1
Removed Pin From Net: NetName=I_LD_EXT Pin=DIO66-1
Removed Pin From Net: NetName=I_LD_EXT Pin=DIO67-1
Removed Pin From Net: NetName=I_LD_EXT Pin=DIO68-1
Removed Pin From Net: NetName=GND_AUX Pin=JP1-4
Removed Pin From Net: NetName=GND_AUX Pin=JP1-5
Removed Pin From Net: NetName=GND_AUX Pin=JP1-6
Removed Pin From Net: NetName=+5 Pin=JP3-1
Removed Pin From Net: NetName=GND_AUX Pin=JP3-2
Removed Pin From Net: NetName=GND_AUX Pin=JP5-1
Removed Pin From Net: NetName=+5 Pin=L1-2
Removed Pin From Net: NetName=+5 Pin=L2-2
Removed Pin From Net: NetName=I_LD_INT Pin=LD3-3
Removed Pin From Net: NetName=+5 Pin=LED1-1
Removed Pin From Net: NetName=GND_AUX Pin=LED2-2
Removed Pin From Net: NetName=GND_AUX Pin=Q11-2
Removed Pin From Net: NetName=GND_AUX Pin=Q12-2
Removed Pin From Net: NetName=GND_AUX Pin=Q13-2
Removed Pin From Net: NetName=GND_AUX Pin=Q14-2
Removed Pin From Net: NetName=GND_AUX Pin=Q15-2
Removed Pin From Net: NetName=GND_AUX Pin=Q16-2
Removed Pin From Net: NetName=GND_AUX Pin=Q17-2
Removed Pin From Net: NetName=GND_AUX Pin=Q18-2
Removed Pin From Net: NetName=GND_AUX Pin=Q19-2
Removed Pin From Net: NetName=GND_AUX Pin=Q29-2
Removed Pin From Net: NetName=GND_AUX Pin=Q30-2
Removed Pin From Net: NetName=GND_AUX Pin=Q31-2
Removed Pin From Net: NetName=GND_AUX Pin=Q32-2
Removed Pin From Net: NetName=GND_AUX Pin=Q33-2
Removed Pin From Net: NetName=GND_AUX Pin=Q34-2
Removed Pin From Net: NetName=GND_AUX Pin=Q35-2
Removed Pin From Net: NetName=GND_AUX Pin=Q36-2
Removed Pin From Net: NetName=GND_AUX Pin=Q37-2
Removed Pin From Net: NetName=GND_AUX Pin=Q47-2
Removed Pin From Net: NetName=GND_AUX Pin=Q48-2
Removed Pin From Net: NetName=GND_AUX Pin=Q49-2
Removed Pin From Net: NetName=GND_AUX Pin=Q50-2
Removed Pin From Net: NetName=GND_AUX Pin=Q51-2
Removed Pin From Net: NetName=GND_AUX Pin=Q52-2
Removed Pin From Net: NetName=GND_AUX Pin=Q53-2
Removed Pin From Net: NetName=GND_AUX Pin=Q54-2
Removed Pin From Net: NetName=GND_AUX Pin=Q55-2
Removed Pin From Net: NetName=GND_AUX Pin=Q63-2
Removed Pin From Net: NetName=GND_AUX Pin=Q64-2
Removed Pin From Net: NetName=GND_AUX Pin=Q65-2
Removed Pin From Net: NetName=GND_AUX Pin=Q66-2
Removed Pin From Net: NetName=GND_AUX Pin=Q67-2
Removed Pin From Net: NetName=GND_AUX Pin=Q75-2
Removed Pin From Net: NetName=GND_AUX Pin=Q76-2
Removed Pin From Net: NetName=GND_AUX Pin=Q77-2
Removed Pin From Net: NetName=GND_AUX Pin=Q78-2
Removed Pin From Net: NetName=GND_AUX Pin=Q79-2
Removed Pin From Net: NetName=GND_AUX Pin=Q80-2
Removed Pin From Net: NetName=GND_AUX Pin=Q81-2
Removed Pin From Net: NetName=GND_AUX Pin=Q82-2
Removed Pin From Net: NetName=GND_AUX Pin=Q83-2
Removed Pin From Net: NetName=GND_AUX Pin=Q93-2
Removed Pin From Net: NetName=GND_AUX Pin=Q94-2
Removed Pin From Net: NetName=GND_AUX Pin=Q95-2
Removed Pin From Net: NetName=GND_AUX Pin=Q96-2
Removed Pin From Net: NetName=GND_AUX Pin=Q97-2
Removed Pin From Net: NetName=GND_AUX Pin=Q98-2
Removed Pin From Net: NetName=GND_AUX Pin=Q99-2
Removed Pin From Net: NetName=GND_AUX Pin=Q134-2
Removed Pin From Net: NetName=GND_AUX Pin=Q135-2
Removed Pin From Net: NetName=GND_AUX Pin=Q136-2
Removed Pin From Net: NetName=GND_AUX Pin=Q137-2
Removed Pin From Net: NetName=GND_AUX Pin=R3-1
Removed Pin From Net: NetName=GND_AUX Pin=R4-1
Removed Pin From Net: NetName=+5 Pin=R5-2
Removed Pin From Net: NetName=GND_AUX Pin=R6-2
Removed Pin From Net: NetName=GND_AUX Pin=R7-1
Removed Pin From Net: NetName=GND_AUX Pin=R105-2
Removed Pin From Net: NetName=GND_AUX Pin=R111-2
Removed Pin From Net: NetName=GND_AUX Pin=R117-2
Removed Pin From Net: NetName=GND_AUX Pin=R118-2
Removed Pin From Net: NetName=GND_AUX Pin=R119-2
Removed Pin From Net: NetName=GND_AUX Pin=R120-2
Removed Pin From Net: NetName=GND_AUX Pin=R121-2
Removed Pin From Net: NetName=GND_AUX Pin=R122-2
Removed Pin From Net: NetName=GND_AUX Pin=R123-2
Removed Pin From Net: NetName=GND_AUX Pin=R124-2
Removed Pin From Net: NetName=GND_AUX Pin=R125-2
Removed Pin From Net: NetName=GND_AUX Pin=R126-2
Removed Pin From Net: NetName=GND_AUX Pin=R127-2
Removed Pin From Net: NetName=GND_AUX Pin=R128-2
Removed Pin From Net: NetName=GND_AUX Pin=R129-2
Removed Pin From Net: NetName=GND_AUX Pin=R130-2
Removed Pin From Net: NetName=GND_AUX Pin=R131-2
Removed Pin From Net: NetName=GND_AUX Pin=R132-2
Removed Pin From Net: NetName=GND_AUX Pin=R133-2
Removed Pin From Net: NetName=GND_AUX Pin=R134-2
Removed Pin From Net: NetName=GND_AUX Pin=R135-2
Removed Pin From Net: NetName=GND_AUX Pin=R136-2
Removed Pin From Net: NetName=GND_AUX Pin=R137-2
Removed Pin From Net: NetName=GND_AUX Pin=R138-2
Removed Pin From Net: NetName=GND_AUX Pin=R139-2
Removed Pin From Net: NetName=GND_AUX Pin=R140-2
Removed Pin From Net: NetName=GND_AUX Pin=R141-2
Removed Pin From Net: NetName=GND_AUX Pin=R142-2
Removed Pin From Net: NetName=GND_AUX Pin=R143-2
Removed Pin From Net: NetName=GND_AUX Pin=R144-2
Removed Pin From Net: NetName=GND_AUX Pin=R145-2
Removed Pin From Net: NetName=GND_AUX Pin=R146-2
Removed Pin From Net: NetName=GND_AUX Pin=R174-2
Removed Pin From Net: NetName=GND_AUX Pin=R175-2
Removed Pin From Net: NetName=GND_AUX Pin=R176-2
Removed Pin From Net: NetName=GND_AUX Pin=R177-2
Removed Pin From Net: NetName=GND_AUX Pin=R178-2
Removed Pin From Net: NetName=GND_AUX Pin=R179-2
Removed Pin From Net: NetName=GND_AUX Pin=R180-2
Removed Pin From Net: NetName=GND_AUX Pin=R181-2
Removed Pin From Net: NetName=GND_AUX Pin=R182-2
Removed Pin From Net: NetName=GND_AUX Pin=R210-2
Removed Pin From Net: NetName=GND_AUX Pin=R211-2
Removed Pin From Net: NetName=GND_AUX Pin=R212-2
Removed Pin From Net: NetName=GND_AUX Pin=R213-2
Removed Pin From Net: NetName=GND_AUX Pin=R214-2
Removed Pin From Net: NetName=GND_AUX Pin=R215-2
Removed Pin From Net: NetName=GND_AUX Pin=R216-2
Removed Pin From Net: NetName=GND_AUX Pin=R217-2
Removed Pin From Net: NetName=+5 Pin=R218-1
Removed Pin From Net: NetName=LATCH Pin=R218-2
Removed Pin From Net: NetName=+5 Pin=R284-1
Removed Pin From Net: NetName=+5 Pin=R285-1
Removed Pin From Net: NetName=+5 Pin=R288-1
Removed Pin From Net: NetName=GND_AUX Pin=R296-2
Removed Pin From Net: NetName=GND_AUX Pin=R297-2
Removed Pin From Net: NetName=GND_AUX Pin=R298-2
Removed Pin From Net: NetName=GND_AUX Pin=R299-2
Removed Pin From Net: NetName=DAC_CS Pin=R310-1
Removed Pin From Net: NetName=+5 Pin=R310-2
Removed Pin From Net: NetName=+5 Pin=R312-2
Removed Pin From Net: NetName=+5 Pin=R316-1
Removed Pin From Net: NetName=GND_AUX Pin=R322-1
Removed Pin From Net: NetName=GND_AUX Pin=TVS3-2
Removed Pin From Net: NetName=GND_AUX Pin=TVS4-2
Removed Pin From Net: NetName=GND_AUX Pin=TVS5-2
Removed Pin From Net: NetName=+5 Pin=TVS5-3
Removed Pin From Net: NetName=GND_AUX Pin=TVS6-2
Removed Pin From Net: NetName=GND_AUX Pin=TVS9-2
Removed Pin From Net: NetName=GND_AUX Pin=U1-9
Removed Pin From Net: NetName=+5 Pin=U3-1
Removed Pin From Net: NetName=GND_AUX Pin=U3-4
Removed Pin From Net: NetName=+5 Pin=U4-8
Removed Pin From Net: NetName=+5 Pin=U6-1
Removed Pin From Net: NetName=GND_AUX Pin=U6-2
Removed Pin From Net: NetName=+5 Pin=U7-10
Removed Pin From Net: NetName=GND_AUX Pin=U7-11
Removed Pin From Net: NetName=+5 Pin=U7-31
Removed Pin From Net: NetName=GND_AUX Pin=U7-32
Removed Pin From Net: NetName=+5 Pin=U7-61
Removed Pin From Net: NetName=GND_AUX Pin=U7-62
Removed Pin From Net: NetName=DAC_CS Pin=U7-78
Removed Pin From Net: NetName=+5 Pin=U7-80
Removed Pin From Net: NetName=GND_AUX Pin=U7-81
Removed Pin From Net: NetName=LATCH Pin=U7-85
Removed Pin From Net: NetName=I_MO_EXT Pin=U7-96
Removed Pin From Net: NetName=I_MO_INT Pin=U7-97
Removed Pin From Net: NetName=GND_AUX Pin=U7-99
Removed Pin From Net: NetName=GND_AUX Pin=U8-8
Removed Pin From Net: NetName=+5 Pin=U9-1
Removed Pin From Net: NetName=GND_AUX Pin=U10-10
Removed Pin From Net: NetName=+5 Pin=U10-20
Removed Pin From Net: NetName=GND_AUX Pin=X1-2
Removed Pin From Net: NetName=GND_AUX Pin=X1-4
Removed Pin From Net: NetName=GND_AUX Pin=X2-2
Removed Pin From Net: NetName=GND_AUX Pin=X2-4
Removed Member From Class: ClassName=SWITCHING Member=C16
Removed Member From Class: ClassName=SWITCHING Member=C18
Removed Member From Class: ClassName=SWITCHING Member=C19
Removed Member From Class: ClassName=SWITCHING Member=C21
Change Component Footprint: Designator=D1 Old Footprint=DIO-SMD-A New Footprint=SOD23
Change Component Footprint: Designator=D2 Old Footprint=DIO-SMD-A New Footprint=SOD23
Change Component Footprint: Designator=U1 Old Footprint=HSOP8 New Footprint=SOT223-6
Change Component Footprint: Designator=C3 Old Footprint=SM-0603 New Footprint=CAP_TANT_1206
Change Component Footprint: Designator=C4 Old Footprint=SM-0603 New Footprint=CAP_TANT_1206
Change Component Footprint: Designator=U9 Old Footprint=SO8 New Footprint=ADGS1408BCPZ
Change Component Footprint: Designator=U6 Old Footprint=SOT23-6 New Footprint=ADGS1408BCPZ
Change Component Footprint: Designator=C2 Old Footprint=TANT 2312 New Footprint=SM-0603
Change Component Footprint: Designator=U8 Old Footprint=TPS259470 New Footprint=ADGS1408BCPZ
Change Component Footprint: Designator=U7 Old Footprint=TQFP100L New Footprint=ADGS1408BCPZ
Change Component Footprint: Designator=U10 Old Footprint=TSSOP20 New Footprint=ADGS1408BCPZ
Change Component Comment : Designator=C5 Old Comment=0.01uF/25V New Comment=0.22uF/25V
Change Component Comment : Designator=C23 Old Comment=0.22uF/25V New Comment=0.1uF/25V
Change Component Comment : Designator=C26 Old Comment=0.22uF/25V New Comment=0.1uF/25V
Change Component Comment : Designator=C28 Old Comment=0.22uF/25V New Comment=0.1uF/25V
Change Component Comment : Designator=C32 Old Comment=0.22uF/25V New Comment=0.1uF/25V
Change Component Comment : Designator=R36 Old Comment=1K 1% New Comment=4.7K 1%
Change Component Comment : Designator=C4 Old Comment=2.2nF/25V New Comment=100uF 10V
Change Component Comment : Designator=C3 Old Comment=2.2nF/25V New Comment=100uF 16V
Change Component Comment : Designator=R16 Old Comment=10K 1% New Comment=4.7K 1%
Change Component Comment : Designator=R18 Old Comment=10K 1% New Comment=4.7K 1%
Change Component Comment : Designator=R19 Old Comment=10K 1% New Comment=4.7K 1%
Change Component Comment : Designator=R20 Old Comment=10K 1% New Comment=4.7K 1%
Change Component Comment : Designator=R21 Old Comment=10K 1% New Comment=4.7K 1%
Change Component Comment : Designator=R22 Old Comment=10K 1% New Comment=4.7K 1%
Change Component Comment : Designator=R23 Old Comment=10K 1% New Comment=4.7K 1%
Change Component Comment : Designator=R24 Old Comment=10K 1% New Comment=4.7K 1%
Change Component Comment : Designator=R25 Old Comment=10K 1% New Comment=4.7K 1%
Change Component Comment : Designator=R185 Old Comment=10K 1% New Comment=4.7K 1%
Change Component Comment : Designator=R17 Old Comment=30R 1% New Comment=120R 1%
Change Component Comment : Designator=R306 Old Comment=30R 1% New Comment=120R 1%
Change Component Comment : Designator=R3 Old Comment=47K 1% New Comment=10K 1%
Change Component Comment : Designator=C2 Old Comment=100uF/16V New Comment=0.22uF/25V
Change Component Comment : Designator=R1 Old Comment=470K 1% New Comment=1K 1%
Change Component Comment : Designator=R4 Old Comment=549R 1% New Comment=4.7K 1%
Change Component Comment : Designator=U9 Old Comment=ADUM1250 New Comment=ADGS1408BCPZ
Change Component Comment : Designator=U7 Old Comment=ATmega2560-AU New Comment=ADGS1408BCPZ
Change Component Comment : Designator=U10 Old Comment=MCP2515 New Comment=ADGS1408BCPZ
Change Component Comment : Designator=D1 Old Comment=SS54 New Comment=1N4148W-TP
Change Component Comment : Designator=D2 Old Comment=SS54 New Comment=1N4148W-TP
Change Component Comment : Designator=U6 Old Comment=TPL5010DDCR New Comment=ADGS1408BCPZ
Change Component Comment : Designator=U1 Old Comment=TPS5430DDAR New Comment=TPS7A4533DCQR
Change Component Comment : Designator=U8 Old Comment=TPS259470LRPWR New Comment=ADGS1408BCPZ
Change Component Designator: OldDesignator=C16 NewDesignator=C15
Change Component Designator: OldDesignator=C18 NewDesignator=C20
Change Component Designator: OldDesignator=C19 NewDesignator=C9
Change Component Designator: OldDesignator=C20 NewDesignator=C7
Change Component Designator: OldDesignator=C21 NewDesignator=C8
Change Component Designator: OldDesignator=C24 NewDesignator=C18
Change Component Designator: OldDesignator=C25 NewDesignator=C19
Change Component Designator: OldDesignator=C27 NewDesignator=C21
Change Component Designator: OldDesignator=C29 NewDesignator=C22
Change Component Designator: OldDesignator=C30 NewDesignator=C10
Change Component Designator: OldDesignator=C33 NewDesignator=C16
Change Component Designator: OldDesignator=C34 NewDesignator=C13
Change Component Designator: OldDesignator=C35 NewDesignator=C17
Change Component Designator: OldDesignator=C37 NewDesignator=C14
Change Component Designator: OldDesignator=C63 NewDesignator=C11
Change Component Designator: OldDesignator=C64 NewDesignator=C12
Change Component Designator: OldDesignator=L3 NewDesignator=L1
Change Component Designator: OldDesignator=LD28 NewDesignator=LD3
Change Component Designator: OldDesignator=Q138 NewDesignator=Q2
Change Component Designator: OldDesignator=R14 NewDesignator=R6
Change Component Designator: OldDesignator=R15 NewDesignator=R7
Change Component Designator: OldDesignator=R17 NewDesignator=R9
Change Component Designator: OldDesignator=R99 NewDesignator=R5
Change Component Designator: OldDesignator=R185 NewDesignator=R2
Change Component Designator: OldDesignator=R304 NewDesignator=R8
Change Component Designator: OldDesignator=R305 NewDesignator=R13
Change Component Designator: OldDesignator=R306 NewDesignator=R14
Change Component Designator: OldDesignator=R309 NewDesignator=R10
Change Component Designator: OldDesignator=R311 NewDesignator=R11
Change Component Designator: OldDesignator=R314 NewDesignator=R12
Change Component Designator: OldDesignator=U5 NewDesignator=U3
Added Component: Designator=C24(SM-0603)
Add component (AddParameter): Name = "Value"; Value = "103"; VariantName = "[No Variations]"
Added Component: Designator=C25(SM-0603)
Add component (AddParameter): Name = "Value"; Value = "103"; VariantName = "[No Variations]"
Added Component: Designator=C27(SM-0603)
Add component (AddParameter): Name = "Value"; Value = "103"; VariantName = "[No Variations]"
Added Component: Designator=C29(SM-0603)
Add component (AddParameter): Name = "Value"; Value = "103"; VariantName = "[No Variations]"
Added Component: Designator=C30(SM-0603)
Add component (AddParameter): Name = "Value"; Value = "103"; VariantName = "[No Variations]"
Added Component: Designator=C31(SM-0603)
Add component (AddParameter): Name = "Value"; Value = "103"; VariantName = "[No Variations]"
Added Component: Designator=C33(SM-0603)
Add component (AddParameter): Name = "Value"; Value = "103"; VariantName = "[No Variations]"
Added Component: Designator=C34(SM-0603)
Add component (AddParameter): Name = "Value"; Value = "103"; VariantName = "[No Variations]"
Added Component: Designator=D3(SOD23)
Add component (AddParameter): Name = "Code - JEDEC"; Value = "DO-214-AB"; VariantName = "[No Variations]"
Add component (AddParameter): Name = "Published"; Value = "8-Jun-2000"; VariantName = "[No Variations]"
Add component (AddParameter): Name = "Publisher"; Value = "Altium Limited"; VariantName = "[No Variations]"
Add component (AddParameter): Name = "Revision"; Value = "July-2002: Re-released for DXP Platform."; VariantName = "[No Variations]"
Add component (AddParameter): Name = "Value"; Value = "1N5007"; VariantName = "[No Variations]"
Added Component: Designator=D4(SOD23)
Add component (AddParameter): Name = "Code - JEDEC"; Value = "DO-214-AB"; VariantName = "[No Variations]"
Add component (AddParameter): Name = "Published"; Value = "8-Jun-2000"; VariantName = "[No Variations]"
Add component (AddParameter): Name = "Publisher"; Value = "Altium Limited"; VariantName = "[No Variations]"
Add component (AddParameter): Name = "Revision"; Value = "July-2002: Re-released for DXP Platform."; VariantName = "[No Variations]"
Add component (AddParameter): Name = "Value"; Value = "1N5007"; VariantName = "[No Variations]"
Added Component: Designator=D5(SOD23)
Add component (AddParameter): Name = "Code - JEDEC"; Value = "DO-214-AB"; VariantName = "[No Variations]"
Add component (AddParameter): Name = "Published"; Value = "8-Jun-2000"; VariantName = "[No Variations]"
Add component (AddParameter): Name = "Publisher"; Value = "Altium Limited"; VariantName = "[No Variations]"
Add component (AddParameter): Name = "Revision"; Value = "July-2002: Re-released for DXP Platform."; VariantName = "[No Variations]"
Add component (AddParameter): Name = "Value"; Value = "1N5007"; VariantName = "[No Variations]"
Added Component: Designator=D6(SOD23)
Add component (AddParameter): Name = "Code - JEDEC"; Value = "DO-214-AB"; VariantName = "[No Variations]"
Add component (AddParameter): Name = "Published"; Value = "8-Jun-2000"; VariantName = "[No Variations]"
Add component (AddParameter): Name = "Publisher"; Value = "Altium Limited"; VariantName = "[No Variations]"
Add component (AddParameter): Name = "Revision"; Value = "July-2002: Re-released for DXP Platform."; VariantName = "[No Variations]"
Add component (AddParameter): Name = "Value"; Value = "1N5007"; VariantName = "[No Variations]"
Added Component: Designator=D7(SOD23)
Add component (AddParameter): Name = "Code - JEDEC"; Value = "DO-214-AB"; VariantName = "[No Variations]"
Add component (AddParameter): Name = "Published"; Value = "8-Jun-2000"; VariantName = "[No Variations]"
Add component (AddParameter): Name = "Publisher"; Value = "Altium Limited"; VariantName = "[No Variations]"
Add component (AddParameter): Name = "Revision"; Value = "July-2002: Re-released for DXP Platform."; VariantName = "[No Variations]"
Add component (AddParameter): Name = "Value"; Value = "1N5007"; VariantName = "[No Variations]"
Added Component: Designator=D8(SOD23)
Add component (AddParameter): Name = "Code - JEDEC"; Value = "DO-214-AB"; VariantName = "[No Variations]"
Add component (AddParameter): Name = "Published"; Value = "8-Jun-2000"; VariantName = "[No Variations]"
Add component (AddParameter): Name = "Publisher"; Value = "Altium Limited"; VariantName = "[No Variations]"
Add component (AddParameter): Name = "Revision"; Value = "July-2002: Re-released for DXP Platform."; VariantName = "[No Variations]"
Add component (AddParameter): Name = "Value"; Value = "1N5007"; VariantName = "[No Variations]"
Added Component: Designator=D9(SOD23)
Add component (AddParameter): Name = "Code - JEDEC"; Value = "DO-214-AB"; VariantName = "[No Variations]"
Add component (AddParameter): Name = "Published"; Value = "8-Jun-2000"; VariantName = "[No Variations]"
Add component (AddParameter): Name = "Publisher"; Value = "Altium Limited"; VariantName = "[No Variations]"
Add component (AddParameter): Name = "Revision"; Value = "July-2002: Re-released for DXP Platform."; VariantName = "[No Variations]"
Add component (AddParameter): Name = "Value"; Value = "1N5007"; VariantName = "[No Variations]"
Added Component: Designator=D10(SOD23)
Add component (AddParameter): Name = "Code - JEDEC"; Value = "DO-214-AB"; VariantName = "[No Variations]"
Add component (AddParameter): Name = "Published"; Value = "8-Jun-2000"; VariantName = "[No Variations]"
Add component (AddParameter): Name = "Publisher"; Value = "Altium Limited"; VariantName = "[No Variations]"
Add component (AddParameter): Name = "Revision"; Value = "July-2002: Re-released for DXP Platform."; VariantName = "[No Variations]"
Add component (AddParameter): Name = "Value"; Value = "1N5007"; VariantName = "[No Variations]"
Added Component: Designator=D11(SOD23)
Add component (AddParameter): Name = "Code - JEDEC"; Value = "DO-214-AB"; VariantName = "[No Variations]"
Add component (AddParameter): Name = "Published"; Value = "8-Jun-2000"; VariantName = "[No Variations]"
Add component (AddParameter): Name = "Publisher"; Value = "Altium Limited"; VariantName = "[No Variations]"
Add component (AddParameter): Name = "Revision"; Value = "July-2002: Re-released for DXP Platform."; VariantName = "[No Variations]"
Add component (AddParameter): Name = "Value"; Value = "1N5007"; VariantName = "[No Variations]"
Added Component: Designator=D12(SOD23)
Add component (AddParameter): Name = "Code - JEDEC"; Value = "DO-214-AB"; VariantName = "[No Variations]"
Add component (AddParameter): Name = "Published"; Value = "8-Jun-2000"; VariantName = "[No Variations]"
Add component (AddParameter): Name = "Publisher"; Value = "Altium Limited"; VariantName = "[No Variations]"
Add component (AddParameter): Name = "Revision"; Value = "July-2002: Re-released for DXP Platform."; VariantName = "[No Variations]"
Add component (AddParameter): Name = "Value"; Value = "1N5007"; VariantName = "[No Variations]"
Added Component: Designator=D13(SOD23)
Add component (AddParameter): Name = "Code - JEDEC"; Value = "DO-214-AB"; VariantName = "[No Variations]"
Add component (AddParameter): Name = "Published"; Value = "8-Jun-2000"; VariantName = "[No Variations]"
Add component (AddParameter): Name = "Publisher"; Value = "Altium Limited"; VariantName = "[No Variations]"
Add component (AddParameter): Name = "Revision"; Value = "July-2002: Re-released for DXP Platform."; VariantName = "[No Variations]"
Add component (AddParameter): Name = "Value"; Value = "1N5007"; VariantName = "[No Variations]"
Added Component: Designator=D14(SOD23)
Add component (AddParameter): Name = "Code - JEDEC"; Value = "DO-214-AB"; VariantName = "[No Variations]"
Add component (AddParameter): Name = "Published"; Value = "8-Jun-2000"; VariantName = "[No Variations]"
Add component (AddParameter): Name = "Publisher"; Value = "Altium Limited"; VariantName = "[No Variations]"
Add component (AddParameter): Name = "Revision"; Value = "July-2002: Re-released for DXP Platform."; VariantName = "[No Variations]"
Add component (AddParameter): Name = "Value"; Value = "1N5007"; VariantName = "[No Variations]"
Added Component: Designator=D15(SOD23)
Add component (AddParameter): Name = "Code - JEDEC"; Value = "DO-214-AB"; VariantName = "[No Variations]"
Add component (AddParameter): Name = "Published"; Value = "8-Jun-2000"; VariantName = "[No Variations]"
Add component (AddParameter): Name = "Publisher"; Value = "Altium Limited"; VariantName = "[No Variations]"
Add component (AddParameter): Name = "Revision"; Value = "July-2002: Re-released for DXP Platform."; VariantName = "[No Variations]"
Add component (AddParameter): Name = "Value"; Value = "1N5007"; VariantName = "[No Variations]"
Added Component: Designator=D16(SOD23)
Add component (AddParameter): Name = "Code - JEDEC"; Value = "DO-214-AB"; VariantName = "[No Variations]"
Add component (AddParameter): Name = "Published"; Value = "8-Jun-2000"; VariantName = "[No Variations]"
Add component (AddParameter): Name = "Publisher"; Value = "Altium Limited"; VariantName = "[No Variations]"
Add component (AddParameter): Name = "Revision"; Value = "July-2002: Re-released for DXP Platform."; VariantName = "[No Variations]"
Add component (AddParameter): Name = "Value"; Value = "1N5007"; VariantName = "[No Variations]"
Added Component: Designator=D17(SOD23)
Add component (AddParameter): Name = "Code - JEDEC"; Value = "DO-214-AB"; VariantName = "[No Variations]"
Add component (AddParameter): Name = "Published"; Value = "8-Jun-2000"; VariantName = "[No Variations]"
Add component (AddParameter): Name = "Publisher"; Value = "Altium Limited"; VariantName = "[No Variations]"
Add component (AddParameter): Name = "Revision"; Value = "July-2002: Re-released for DXP Platform."; VariantName = "[No Variations]"
Add component (AddParameter): Name = "Value"; Value = "1N5007"; VariantName = "[No Variations]"
Added Component: Designator=D18(SOD23)
Add component (AddParameter): Name = "Code - JEDEC"; Value = "DO-214-AB"; VariantName = "[No Variations]"
Add component (AddParameter): Name = "Published"; Value = "8-Jun-2000"; VariantName = "[No Variations]"
Add component (AddParameter): Name = "Publisher"; Value = "Altium Limited"; VariantName = "[No Variations]"
Add component (AddParameter): Name = "Revision"; Value = "July-2002: Re-released for DXP Platform."; VariantName = "[No Variations]"
Add component (AddParameter): Name = "Value"; Value = "1N5007"; VariantName = "[No Variations]"
Added Component: Designator=D19(SOD23)
Add component (AddParameter): Name = "Code - JEDEC"; Value = "DO-214-AB"; VariantName = "[No Variations]"
Add component (AddParameter): Name = "Published"; Value = "8-Jun-2000"; VariantName = "[No Variations]"
Add component (AddParameter): Name = "Publisher"; Value = "Altium Limited"; VariantName = "[No Variations]"
Add component (AddParameter): Name = "Revision"; Value = "July-2002: Re-released for DXP Platform."; VariantName = "[No Variations]"
Add component (AddParameter): Name = "Value"; Value = "1N5007"; VariantName = "[No Variations]"
Added Component: Designator=D20(SOD23)
Add component (AddParameter): Name = "Code - JEDEC"; Value = "DO-214-AB"; VariantName = "[No Variations]"
Add component (AddParameter): Name = "Published"; Value = "8-Jun-2000"; VariantName = "[No Variations]"
Add component (AddParameter): Name = "Publisher"; Value = "Altium Limited"; VariantName = "[No Variations]"
Add component (AddParameter): Name = "Revision"; Value = "July-2002: Re-released for DXP Platform."; VariantName = "[No Variations]"
Add component (AddParameter): Name = "Value"; Value = "1N5007"; VariantName = "[No Variations]"
Added Component: Designator=D21(SOD23)
Add component (AddParameter): Name = "Code - JEDEC"; Value = "DO-214-AB"; VariantName = "[No Variations]"
Add component (AddParameter): Name = "Published"; Value = "8-Jun-2000"; VariantName = "[No Variations]"
Add component (AddParameter): Name = "Publisher"; Value = "Altium Limited"; VariantName = "[No Variations]"
Add component (AddParameter): Name = "Revision"; Value = "July-2002: Re-released for DXP Platform."; VariantName = "[No Variations]"
Add component (AddParameter): Name = "Value"; Value = "1N5007"; VariantName = "[No Variations]"
Added Component: Designator=D22(SOD23)
Add component (AddParameter): Name = "Code - JEDEC"; Value = "DO-214-AB"; VariantName = "[No Variations]"
Add component (AddParameter): Name = "Published"; Value = "8-Jun-2000"; VariantName = "[No Variations]"
Add component (AddParameter): Name = "Publisher"; Value = "Altium Limited"; VariantName = "[No Variations]"
Add component (AddParameter): Name = "Revision"; Value = "July-2002: Re-released for DXP Platform."; VariantName = "[No Variations]"
Add component (AddParameter): Name = "Value"; Value = "1N5007"; VariantName = "[No Variations]"
Added Component: Designator=D23(SOD23)
Add component (AddParameter): Name = "Code - JEDEC"; Value = "DO-214-AB"; VariantName = "[No Variations]"
Add component (AddParameter): Name = "Published"; Value = "8-Jun-2000"; VariantName = "[No Variations]"
Add component (AddParameter): Name = "Publisher"; Value = "Altium Limited"; VariantName = "[No Variations]"
Add component (AddParameter): Name = "Revision"; Value = "July-2002: Re-released for DXP Platform."; VariantName = "[No Variations]"
Add component (AddParameter): Name = "Value"; Value = "1N5007"; VariantName = "[No Variations]"
Added Component: Designator=D24(SOD23)
Add component (AddParameter): Name = "Code - JEDEC"; Value = "DO-214-AB"; VariantName = "[No Variations]"
Add component (AddParameter): Name = "Published"; Value = "8-Jun-2000"; VariantName = "[No Variations]"
Add component (AddParameter): Name = "Publisher"; Value = "Altium Limited"; VariantName = "[No Variations]"
Add component (AddParameter): Name = "Revision"; Value = "July-2002: Re-released for DXP Platform."; VariantName = "[No Variations]"
Add component (AddParameter): Name = "Value"; Value = "1N5007"; VariantName = "[No Variations]"
Added Component: Designator=D25(SOD23)
Add component (AddParameter): Name = "Code - JEDEC"; Value = "DO-214-AB"; VariantName = "[No Variations]"
Add component (AddParameter): Name = "Published"; Value = "8-Jun-2000"; VariantName = "[No Variations]"
Add component (AddParameter): Name = "Publisher"; Value = "Altium Limited"; VariantName = "[No Variations]"
Add component (AddParameter): Name = "Revision"; Value = "July-2002: Re-released for DXP Platform."; VariantName = "[No Variations]"
Add component (AddParameter): Name = "Value"; Value = "1N5007"; VariantName = "[No Variations]"
Added Component: Designator=D26(SOD23)
Add component (AddParameter): Name = "Code - JEDEC"; Value = "DO-214-AB"; VariantName = "[No Variations]"
Add component (AddParameter): Name = "Published"; Value = "8-Jun-2000"; VariantName = "[No Variations]"
Add component (AddParameter): Name = "Publisher"; Value = "Altium Limited"; VariantName = "[No Variations]"
Add component (AddParameter): Name = "Revision"; Value = "July-2002: Re-released for DXP Platform."; VariantName = "[No Variations]"
Add component (AddParameter): Name = "Value"; Value = "1N5007"; VariantName = "[No Variations]"
Added Component: Designator=D27(SOD23)
Add component (AddParameter): Name = "Code - JEDEC"; Value = "DO-214-AB"; VariantName = "[No Variations]"
Add component (AddParameter): Name = "Published"; Value = "8-Jun-2000"; VariantName = "[No Variations]"
Add component (AddParameter): Name = "Publisher"; Value = "Altium Limited"; VariantName = "[No Variations]"
Add component (AddParameter): Name = "Revision"; Value = "July-2002: Re-released for DXP Platform."; VariantName = "[No Variations]"
Add component (AddParameter): Name = "Value"; Value = "1N5007"; VariantName = "[No Variations]"
Added Component: Designator=D28(SOD23)
Add component (AddParameter): Name = "Code - JEDEC"; Value = "DO-214-AB"; VariantName = "[No Variations]"
Add component (AddParameter): Name = "Published"; Value = "8-Jun-2000"; VariantName = "[No Variations]"
Add component (AddParameter): Name = "Publisher"; Value = "Altium Limited"; VariantName = "[No Variations]"
Add component (AddParameter): Name = "Revision"; Value = "July-2002: Re-released for DXP Platform."; VariantName = "[No Variations]"
Add component (AddParameter): Name = "Value"; Value = "1N5007"; VariantName = "[No Variations]"
Added Component: Designator=D29(SOD23)
Add component (AddParameter): Name = "Code - JEDEC"; Value = "DO-214-AB"; VariantName = "[No Variations]"
Add component (AddParameter): Name = "Published"; Value = "8-Jun-2000"; VariantName = "[No Variations]"
Add component (AddParameter): Name = "Publisher"; Value = "Altium Limited"; VariantName = "[No Variations]"
Add component (AddParameter): Name = "Revision"; Value = "July-2002: Re-released for DXP Platform."; VariantName = "[No Variations]"
Add component (AddParameter): Name = "Value"; Value = "1N5007"; VariantName = "[No Variations]"
Added Component: Designator=D30(SOD23)
Add component (AddParameter): Name = "Code - JEDEC"; Value = "DO-214-AB"; VariantName = "[No Variations]"
Add component (AddParameter): Name = "Published"; Value = "8-Jun-2000"; VariantName = "[No Variations]"
Add component (AddParameter): Name = "Publisher"; Value = "Altium Limited"; VariantName = "[No Variations]"
Add component (AddParameter): Name = "Revision"; Value = "July-2002: Re-released for DXP Platform."; VariantName = "[No Variations]"
Add component (AddParameter): Name = "Value"; Value = "1N5007"; VariantName = "[No Variations]"
Added Component: Designator=D31(SOD23)
Add component (AddParameter): Name = "Code - JEDEC"; Value = "DO-214-AB"; VariantName = "[No Variations]"
Add component (AddParameter): Name = "Published"; Value = "8-Jun-2000"; VariantName = "[No Variations]"
Add component (AddParameter): Name = "Publisher"; Value = "Altium Limited"; VariantName = "[No Variations]"
Add component (AddParameter): Name = "Revision"; Value = "July-2002: Re-released for DXP Platform."; VariantName = "[No Variations]"
Add component (AddParameter): Name = "Value"; Value = "1N5007"; VariantName = "[No Variations]"
Added Component: Designator=D32(SOD23)
Add component (AddParameter): Name = "Code - JEDEC"; Value = "DO-214-AB"; VariantName = "[No Variations]"
Add component (AddParameter): Name = "Published"; Value = "8-Jun-2000"; VariantName = "[No Variations]"
Add component (AddParameter): Name = "Publisher"; Value = "Altium Limited"; VariantName = "[No Variations]"
Add component (AddParameter): Name = "Revision"; Value = "July-2002: Re-released for DXP Platform."; VariantName = "[No Variations]"
Add component (AddParameter): Name = "Value"; Value = "1N5007"; VariantName = "[No Variations]"
Added Component: Designator=D33(SOD23)
Add component (AddParameter): Name = "Code - JEDEC"; Value = "DO-214-AB"; VariantName = "[No Variations]"
Add component (AddParameter): Name = "Published"; Value = "8-Jun-2000"; VariantName = "[No Variations]"
Add component (AddParameter): Name = "Publisher"; Value = "Altium Limited"; VariantName = "[No Variations]"
Add component (AddParameter): Name = "Revision"; Value = "July-2002: Re-released for DXP Platform."; VariantName = "[No Variations]"
Add component (AddParameter): Name = "Value"; Value = "1N5007"; VariantName = "[No Variations]"
Added Component: Designator=D34(SOD23)
Add component (AddParameter): Name = "Code - JEDEC"; Value = "DO-214-AB"; VariantName = "[No Variations]"
Add component (AddParameter): Name = "Published"; Value = "8-Jun-2000"; VariantName = "[No Variations]"
Add component (AddParameter): Name = "Publisher"; Value = "Altium Limited"; VariantName = "[No Variations]"
Add component (AddParameter): Name = "Revision"; Value = "July-2002: Re-released for DXP Platform."; VariantName = "[No Variations]"
Add component (AddParameter): Name = "Value"; Value = "1N5007"; VariantName = "[No Variations]"
Added Component: Designator=D35(SOD23)
Add component (AddParameter): Name = "Code - JEDEC"; Value = "DO-214-AB"; VariantName = "[No Variations]"
Add component (AddParameter): Name = "Published"; Value = "8-Jun-2000"; VariantName = "[No Variations]"
Add component (AddParameter): Name = "Publisher"; Value = "Altium Limited"; VariantName = "[No Variations]"
Add component (AddParameter): Name = "Revision"; Value = "July-2002: Re-released for DXP Platform."; VariantName = "[No Variations]"
Add component (AddParameter): Name = "Value"; Value = "1N5007"; VariantName = "[No Variations]"
Added Component: Designator=D36(SOD23)
Add component (AddParameter): Name = "Code - JEDEC"; Value = "DO-214-AB"; VariantName = "[No Variations]"
Add component (AddParameter): Name = "Published"; Value = "8-Jun-2000"; VariantName = "[No Variations]"
Add component (AddParameter): Name = "Publisher"; Value = "Altium Limited"; VariantName = "[No Variations]"
Add component (AddParameter): Name = "Revision"; Value = "July-2002: Re-released for DXP Platform."; VariantName = "[No Variations]"
Add component (AddParameter): Name = "Value"; Value = "1N5007"; VariantName = "[No Variations]"
Added Component: Designator=D37(SOD23)
Add component (AddParameter): Name = "Code - JEDEC"; Value = "DO-214-AB"; VariantName = "[No Variations]"
Add component (AddParameter): Name = "Published"; Value = "8-Jun-2000"; VariantName = "[No Variations]"
Add component (AddParameter): Name = "Publisher"; Value = "Altium Limited"; VariantName = "[No Variations]"
Add component (AddParameter): Name = "Revision"; Value = "July-2002: Re-released for DXP Platform."; VariantName = "[No Variations]"
Add component (AddParameter): Name = "Value"; Value = "1N5007"; VariantName = "[No Variations]"
Added Component: Designator=D38(SOD23)
Add component (AddParameter): Name = "Code - JEDEC"; Value = "DO-214-AB"; VariantName = "[No Variations]"
Add component (AddParameter): Name = "Published"; Value = "8-Jun-2000"; VariantName = "[No Variations]"
Add component (AddParameter): Name = "Publisher"; Value = "Altium Limited"; VariantName = "[No Variations]"
Add component (AddParameter): Name = "Revision"; Value = "July-2002: Re-released for DXP Platform."; VariantName = "[No Variations]"
Add component (AddParameter): Name = "Value"; Value = "1N5007"; VariantName = "[No Variations]"
Added Component: Designator=D39(SOD23)
Add component (AddParameter): Name = "Code - JEDEC"; Value = "DO-214-AB"; VariantName = "[No Variations]"
Add component (AddParameter): Name = "Published"; Value = "8-Jun-2000"; VariantName = "[No Variations]"
Add component (AddParameter): Name = "Publisher"; Value = "Altium Limited"; VariantName = "[No Variations]"
Add component (AddParameter): Name = "Revision"; Value = "July-2002: Re-released for DXP Platform."; VariantName = "[No Variations]"
Add component (AddParameter): Name = "Value"; Value = "1N5007"; VariantName = "[No Variations]"
Added Component: Designator=D40(SOD23)
Add component (AddParameter): Name = "Code - JEDEC"; Value = "DO-214-AB"; VariantName = "[No Variations]"
Add component (AddParameter): Name = "Published"; Value = "8-Jun-2000"; VariantName = "[No Variations]"
Add component (AddParameter): Name = "Publisher"; Value = "Altium Limited"; VariantName = "[No Variations]"
Add component (AddParameter): Name = "Revision"; Value = "July-2002: Re-released for DXP Platform."; VariantName = "[No Variations]"
Add component (AddParameter): Name = "Value"; Value = "1N5007"; VariantName = "[No Variations]"
Added Component: Designator=D41(SOD23)
Add component (AddParameter): Name = "Code - JEDEC"; Value = "DO-214-AB"; VariantName = "[No Variations]"
Add component (AddParameter): Name = "Published"; Value = "8-Jun-2000"; VariantName = "[No Variations]"
Add component (AddParameter): Name = "Publisher"; Value = "Altium Limited"; VariantName = "[No Variations]"
Add component (AddParameter): Name = "Revision"; Value = "July-2002: Re-released for DXP Platform."; VariantName = "[No Variations]"
Add component (AddParameter): Name = "Value"; Value = "1N5007"; VariantName = "[No Variations]"
Added Component: Designator=D42(SOD23)
Add component (AddParameter): Name = "Code - JEDEC"; Value = "DO-214-AB"; VariantName = "[No Variations]"
Add component (AddParameter): Name = "Published"; Value = "8-Jun-2000"; VariantName = "[No Variations]"
Add component (AddParameter): Name = "Publisher"; Value = "Altium Limited"; VariantName = "[No Variations]"
Add component (AddParameter): Name = "Revision"; Value = "July-2002: Re-released for DXP Platform."; VariantName = "[No Variations]"
Add component (AddParameter): Name = "Value"; Value = "1N5007"; VariantName = "[No Variations]"
Added Component: Designator=D43(SOD23)
Add component (AddParameter): Name = "Code - JEDEC"; Value = "DO-214-AB"; VariantName = "[No Variations]"
Add component (AddParameter): Name = "Published"; Value = "8-Jun-2000"; VariantName = "[No Variations]"
Add component (AddParameter): Name = "Publisher"; Value = "Altium Limited"; VariantName = "[No Variations]"
Add component (AddParameter): Name = "Revision"; Value = "July-2002: Re-released for DXP Platform."; VariantName = "[No Variations]"
Add component (AddParameter): Name = "Value"; Value = "1N5007"; VariantName = "[No Variations]"
Added Component: Designator=D44(SOD23)
Add component (AddParameter): Name = "Code - JEDEC"; Value = "DO-214-AB"; VariantName = "[No Variations]"
Add component (AddParameter): Name = "Published"; Value = "8-Jun-2000"; VariantName = "[No Variations]"
Add component (AddParameter): Name = "Publisher"; Value = "Altium Limited"; VariantName = "[No Variations]"
Add component (AddParameter): Name = "Revision"; Value = "July-2002: Re-released for DXP Platform."; VariantName = "[No Variations]"
Add component (AddParameter): Name = "Value"; Value = "1N5007"; VariantName = "[No Variations]"
Added Component: Designator=D45(SOD23)
Add component (AddParameter): Name = "Code - JEDEC"; Value = "DO-214-AB"; VariantName = "[No Variations]"
Add component (AddParameter): Name = "Published"; Value = "8-Jun-2000"; VariantName = "[No Variations]"
Add component (AddParameter): Name = "Publisher"; Value = "Altium Limited"; VariantName = "[No Variations]"
Add component (AddParameter): Name = "Revision"; Value = "July-2002: Re-released for DXP Platform."; VariantName = "[No Variations]"
Add component (AddParameter): Name = "Value"; Value = "1N5007"; VariantName = "[No Variations]"
Added Component: Designator=D46(SOD23)
Add component (AddParameter): Name = "Code - JEDEC"; Value = "DO-214-AB"; VariantName = "[No Variations]"
Add component (AddParameter): Name = "Published"; Value = "8-Jun-2000"; VariantName = "[No Variations]"
Add component (AddParameter): Name = "Publisher"; Value = "Altium Limited"; VariantName = "[No Variations]"
Add component (AddParameter): Name = "Revision"; Value = "July-2002: Re-released for DXP Platform."; VariantName = "[No Variations]"
Add component (AddParameter): Name = "Value"; Value = "1N5007"; VariantName = "[No Variations]"
Added Component: Designator=D47(SOD23)
Add component (AddParameter): Name = "Code - JEDEC"; Value = "DO-214-AB"; VariantName = "[No Variations]"
Add component (AddParameter): Name = "Published"; Value = "8-Jun-2000"; VariantName = "[No Variations]"
Add component (AddParameter): Name = "Publisher"; Value = "Altium Limited"; VariantName = "[No Variations]"
Add component (AddParameter): Name = "Revision"; Value = "July-2002: Re-released for DXP Platform."; VariantName = "[No Variations]"
Add component (AddParameter): Name = "Value"; Value = "1N5007"; VariantName = "[No Variations]"
Added Component: Designator=D48(SOD23)
Add component (AddParameter): Name = "Code - JEDEC"; Value = "DO-214-AB"; VariantName = "[No Variations]"
Add component (AddParameter): Name = "Published"; Value = "8-Jun-2000"; VariantName = "[No Variations]"
Add component (AddParameter): Name = "Publisher"; Value = "Altium Limited"; VariantName = "[No Variations]"
Add component (AddParameter): Name = "Revision"; Value = "July-2002: Re-released for DXP Platform."; VariantName = "[No Variations]"
Add component (AddParameter): Name = "Value"; Value = "1N5007"; VariantName = "[No Variations]"
Added Component: Designator=D49(SOT23-123)
Added Component: Designator=D50(SOT23-123)
Added Component: Designator=D51(SOT23-123)
Added Component: Designator=D52(SOT23-123)
Added Component: Designator=D53(SOT23-123)
Added Component: Designator=D54(SOT23-123)
Added Component: Designator=D55(SOT23-123)
Added Component: Designator=D56(SOT23-123)
Added Component: Designator=D57(SOT23-123)
Added Component: Designator=DS1(GREENLED_0603)
Add component (AddParameter): Name = "Value"; Value = "LED 3 - 5 ly 2 Colour"; VariantName = "[No Variations]"
Added Component: Designator=DS2(GREENLED_0603)
Add component (AddParameter): Name = "Value"; Value = "LED 3 - 5 ly 2 Colour"; VariantName = "[No Variations]"
Added Component: Designator=J1(0532610871)
Add component (AddParameter): Name = "ComponentLink1 Description"; Value = "Manufacturer"; VariantName = "[No Variations]"
Add component (AddParameter): Name = "ComponentLink1URL"; Value = "http://www.we-online.com"; VariantName = "[No Variations]"
Add component (AddParameter): Name = "ComponentLink2 Description"; Value = "Datasheet"; VariantName = "[No Variations]"
Add component (AddParameter): Name = "ComponentLink2URL"; Value = "http://katalog.we-online.de/em/datasheet/6130xx143121.pdf"; VariantName = "[No Variations]"
Add component (AddParameter): Name = "Created by"; Value = "Karrer Zheng"; VariantName = "[No Variations]"
Add component (AddParameter): Name = "Created Date"; Value = "29 March 2013"; VariantName = "[No Variations]"
Add component (AddParameter): Name = "Manufacturer"; Value = "W¨¹rth Elektronik eiSos GmbH"; VariantName = "[No Variations]"
Add component (AddParameter): Name = "NoPins"; Value = "08"; VariantName = "[No Variations]"
Add component (AddParameter): Name = "partNo"; Value = "613008143121"; VariantName = "[No Variations]"
Added Component: Designator=J2(JP7-D2T)
Add component (AddParameter): Name = "ComponentLink1 Description"; Value = "Manufacturer"; VariantName = "[No Variations]"
Add component (AddParameter): Name = "ComponentLink1URL"; Value = "http://www.we-online.com"; VariantName = "[No Variations]"
Add component (AddParameter): Name = "ComponentLink2 Description"; Value = "Datasheet"; VariantName = "[No Variations]"
Add component (AddParameter): Name = "ComponentLink2URL"; Value = "http://katalog.we-online.de/em/datasheet/6130xx21821.pdf"; VariantName = "[No Variations]"
Add component (AddParameter): Name = "Created by"; Value = "Karrer Zheng"; VariantName = "[No Variations]"
Add component (AddParameter): Name = "Created Date"; Value = "29 March 2013"; VariantName = "[No Variations]"
Add component (AddParameter): Name = "Manufacturer"; Value = "W¨¹rth Elektronik eiSos GmbH"; VariantName = "[No Variations]"
Add component (AddParameter): Name = "NoPins"; Value = "14"; VariantName = "[No Variations]"
Add component (AddParameter): Name = "partNo"; Value = "61301421821"; VariantName = "[No Variations]"
Added Component: Designator=LD28(LASER)
Added Component: Designator=R15(RES-SMD-0603)
Add component (AddParameter): Name = "Class"; Value = "Passive"; VariantName = "[No Variations]"
Add component (AddParameter): Name = "Manufacturer"; Value = "Generic Components"; VariantName = "[No Variations]"
Add component (AddParameter): Name = "Published"; Value = "08/06/2000"; VariantName = "[No Variations]"
Add component (AddParameter): Name = "Publisher"; Value = "Altium Hobart Technology Centre"; VariantName = "[No Variations]"
Added Component: Designator=R17(RES-SMD-0603)
Add component (AddParameter): Name = "Class"; Value = "Passive"; VariantName = "[No Variations]"
Add component (AddParameter): Name = "Manufacturer"; Value = "Generic Components"; VariantName = "[No Variations]"
Add component (AddParameter): Name = "Published"; Value = "08/06/2000"; VariantName = "[No Variations]"
Add component (AddParameter): Name = "Publisher"; Value = "Altium Hobart Technology Centre"; VariantName = "[No Variations]"
Added Component: Designator=TP1(TESTPOINT)
Added Component: Designator=TP2(TESTPOINT)
Added Component: Designator=TP3(TESTPOINT)
Added Component: Designator=TP4(TESTPOINT)
Added Component: Designator=TP5(TESTPOINT)
Added Component: Designator=TP6(TESTPOINT)
Added Component: Designator=TP7(TESTPOINT)
Added Component: Designator=TP8(TESTPOINT)
Added Component: Designator=TP9(TESTPOINT)
Added Component: Designator=TP10(TESTPOINT)
Added Component: Designator=TP11(TESTPOINT)
Added Component: Designator=TP12(TESTPOINT)
Added Component: Designator=TP13(TESTPOINT)
Added Component: Designator=TP14(TESTPOINT)
Added Component: Designator=TP15(TESTPOINT)
Added Component: Designator=TP16(TESTPOINT)
Added Component: Designator=TP17(TESTPOINT)
Added Component: Designator=TP18(TESTPOINT)
Added Component: Designator=TP19(TESTPOINT)
Added Component: Designator=U5(ADGS1408BCPZ)
Added Pin To Net: NetName=+5 Pin=C1-2
Added Pin To Net: NetName=GND_AUX Pin=C3-2
Added Pin To Net: NetName=+5 Pin=C4-1
Added Pin To Net: NetName=GND_AUX Pin=C4-2
Added Pin To Net: NetName=GND_AUX Pin=C5-1
Added Pin To Net: NetName=NetC1_1 Pin=C5-2
Added Pin To Net: NetName=GND_AUX Pin=C6-1
Added Pin To Net: NetName=GND_AUX Pin=C24-1
Added Pin To Net: NetName=GND_AUX Pin=C26-1
Added Pin To Net: NetName=GND_AUX Pin=C28-1
Added Pin To Net: NetName=GND_AUX Pin=C30-1
Added Pin To Net: NetName=GND_AUX Pin=C32-1
Added Pin To Net: NetName=GND_AUX Pin=C34-1
Added Pin To Net: NetName=I_LD_INT Pin=D1-1
Added Pin To Net: NetName=I_LD_INT Pin=D2-1
Added Pin To Net: NetName=I_LD_INT Pin=D3-1
Added Pin To Net: NetName=I_LD_INT Pin=D4-1
Added Pin To Net: NetName=I_LD_INT Pin=D5-1
Added Pin To Net: NetName=I_LD_INT Pin=D6-1
Added Pin To Net: NetName=I_LD_INT Pin=D7-1
Added Pin To Net: NetName=I_LD_INT Pin=D8-1
Added Pin To Net: NetName=I_LD_INT Pin=D9-1
Added Pin To Net: NetName=I_LD_INT Pin=D10-1
Added Pin To Net: NetName=I_LD_INT Pin=D11-1
Added Pin To Net: NetName=I_LD_INT Pin=D12-1
Added Pin To Net: NetName=I_LD_INT Pin=D13-1
Added Pin To Net: NetName=I_LD_INT Pin=D14-1
Added Pin To Net: NetName=I_LD_INT Pin=D15-1
Added Pin To Net: NetName=I_LD_INT Pin=D16-1
Added Pin To Net: NetName=I_LD_INT Pin=D17-1
Added Pin To Net: NetName=I_LD_INT Pin=D18-1
Added Pin To Net: NetName=I_LD_INT Pin=D19-1
Added Pin To Net: NetName=I_LD_INT Pin=D20-1
Added Pin To Net: NetName=I_LD_INT Pin=D21-1
Added Pin To Net: NetName=I_LD_INT Pin=D22-1
Added Pin To Net: NetName=I_LD_INT Pin=D23-1
Added Pin To Net: NetName=I_LD_INT Pin=D24-1
Added Pin To Net: NetName=I_LD_INT Pin=D25-1
Added Pin To Net: NetName=I_LD_INT Pin=D26-1
Added Pin To Net: NetName=I_LD_INT Pin=D27-1
Added Pin To Net: NetName=I_LD_INT Pin=D28-1
Added Pin To Net: NetName=I_LD_INT Pin=D29-1
Added Pin To Net: NetName=I_LD_INT Pin=D30-1
Added Pin To Net: NetName=I_LD_INT Pin=D31-1
Added Pin To Net: NetName=I_LD_INT Pin=D32-1
Added Pin To Net: NetName=I_LD_INT Pin=D33-1
Added Pin To Net: NetName=I_LD_INT Pin=D34-1
Added Pin To Net: NetName=I_LD_INT Pin=D35-1
Added Pin To Net: NetName=I_LD_INT Pin=D36-1
Added Pin To Net: NetName=I_LD_INT Pin=D37-1
Added Pin To Net: NetName=I_LD_INT Pin=D38-1
Added Pin To Net: NetName=I_LD_INT Pin=D39-1
Added Pin To Net: NetName=I_LD_INT Pin=D40-1
Added Pin To Net: NetName=I_LD_INT Pin=D41-1
Added Pin To Net: NetName=I_LD_INT Pin=D42-1
Added Pin To Net: NetName=I_LD_INT Pin=D43-1
Added Pin To Net: NetName=I_LD_INT Pin=D44-1
Added Pin To Net: NetName=I_LD_INT Pin=D45-1
Added Pin To Net: NetName=I_LD_INT Pin=D46-1
Added Pin To Net: NetName=I_LD_INT Pin=D47-1
Added Pin To Net: NetName=I_LD_INT Pin=D48-1
Added Pin To Net: NetName=GND_AUX Pin=D49-2
Added Pin To Net: NetName=GND_AUX Pin=D50-2
Added Pin To Net: NetName=GND_AUX Pin=D51-2
Added Pin To Net: NetName=GND_AUX Pin=D52-2
Added Pin To Net: NetName=LATCH Pin=D53-1
Added Pin To Net: NetName=GND_AUX Pin=D53-2
Added Pin To Net: NetName=DAC_CS Pin=D54-1
Added Pin To Net: NetName=GND_AUX Pin=D54-2
Added Pin To Net: NetName=GND_AUX Pin=D55-2
Added Pin To Net: NetName=GND_AUX Pin=D56-2
Added Pin To Net: NetName=+5 Pin=D57-1
Added Pin To Net: NetName=GND_AUX Pin=D57-2
Added Pin To Net: NetName=+5 Pin=D57-3
Added Pin To Net: NetName=GND_AUX Pin=DS1-2
Added Pin To Net: NetName=GND_AUX Pin=DS2-2
Added Pin To Net: NetName=GND_AUX Pin=J1-2
Added Pin To Net: NetName=I_LD_EXT Pin=J1-3
Added Pin To Net: NetName=+5 Pin=J1-4
Added Pin To Net: NetName=DAC_CS Pin=J2-5
Added Pin To Net: NetName=LATCH Pin=J2-7
Added Pin To Net: NetName=I_MO_EXT Pin=J2-8
Added Pin To Net: NetName=I_MO_INT Pin=J2-9
Added Pin To Net: NetName=GND_AUX Pin=J2-13
Added Pin To Net: NetName=GND_AUX Pin=J2-14
Added Pin To Net: NetName=I_LD_INT Pin=LD28-3
Added Pin To Net: NetName=+5 Pin=R1-2
Added Pin To Net: NetName=DAC_CS Pin=R4-1
Added Pin To Net: NetName=+5 Pin=R4-2
Added Pin To Net: NetName=+5 Pin=R15-2
Added Pin To Net: NetName=+5 Pin=R16-2
Added Pin To Net: NetName=+5 Pin=R17-2
Added Pin To Net: NetName=+5 Pin=R18-2
Added Pin To Net: NetName=+5 Pin=R19-2
Added Pin To Net: NetName=+5 Pin=R20-2
Added Pin To Net: NetName=+5 Pin=R21-2
Added Pin To Net: NetName=+5 Pin=R22-2
Added Pin To Net: NetName=+5 Pin=R23-2
Added Pin To Net: NetName=+5 Pin=R24-2
Added Pin To Net: NetName=+5 Pin=R25-1
Added Pin To Net: NetName=LATCH Pin=R25-2
Added Pin To Net: NetName=+5 Pin=R36-2
Added Pin To Net: NetName=DAC_DRV_INT Pin=TP1-1
Added Pin To Net: NetName=DAC_DRV_EXT Pin=TP2-1
Added Pin To Net: NetName=VREF_DAC Pin=TP3-1
Added Pin To Net: NetName=LATCH Pin=TP9-1
Added Pin To Net: NetName=DAC_CS Pin=TP10-1
Added Pin To Net: NetName=I_MO_INT Pin=TP11-1
Added Pin To Net: NetName=I_MO_EXT Pin=TP12-1
Added Pin To Net: NetName=I_LD_INT Pin=TP13-1
Added Pin To Net: NetName=GND_AUX Pin=U1-3
Added Pin To Net: NetName=+5 Pin=U1-4
Added Pin To Net: NetName=+5 Pin=U1-5
Added Pin To Net: NetName=GND_AUX Pin=U5-1
Added Pin To Net: NetName=GND_AUX Pin=U5-1
Added Pin To Net: NetName=GND_AUX Pin=U5-4
Added Pin To Net: NetName=GND_AUX Pin=U6-1
Added Pin To Net: NetName=GND_AUX Pin=U6-1
Added Pin To Net: NetName=GND_AUX Pin=U6-4
Added Pin To Net: NetName=GND_AUX Pin=U7-1
Added Pin To Net: NetName=GND_AUX Pin=U7-1
Added Pin To Net: NetName=GND_AUX Pin=U7-4
Added Pin To Net: NetName=GND_AUX Pin=U8-1
Added Pin To Net: NetName=GND_AUX Pin=U8-1
Added Pin To Net: NetName=GND_AUX Pin=U8-4
Added Pin To Net: NetName=GND_AUX Pin=U9-1
Added Pin To Net: NetName=GND_AUX Pin=U9-1
Added Pin To Net: NetName=GND_AUX Pin=U10-1
Added Pin To Net: NetName=GND_AUX Pin=U10-1
Added Pin To Net: NetName=GND_AUX Pin=U10-4
Change Net Name : Old Net Name=+5 New Net Name=+3.3
Change Net Name : Old Net Name=GND_AUX New Net Name=GND
Change Net Name : Old Net Name=NetC19_1 New Net Name=NetC9_1
Change Net Name : Old Net Name=NetC20_1 New Net Name=NetC7_1
Change Net Name : Old Net Name=NetC24_2 New Net Name=NetC18_2
Change Net Name : Old Net Name=NetC25_1 New Net Name=NetC19_1
Change Net Name : Old Net Name=NetC25_2 New Net Name=NetC19_2
Change Net Name : Old Net Name=NetC27_1 New Net Name=NetC21_1
Change Net Name : Old Net Name=NetC30_1 New Net Name=NetC10_1
Change Net Name : Old Net Name=NetC33_1 New Net Name=NetC16_1
Change Net Name : Old Net Name=NetC34_2 New Net Name=NetC13_2
Change Net Name : Old Net Name=NetC37_1 New Net Name=NetC14_1
Change Net Name : Old Net Name=NetC37_2 New Net Name=NetC14_2
Change Net Name : Old Net Name=NetQ138_1 New Net Name=NetQ2_1
Change Net Name : Old Net Name=NetQ138_2 New Net Name=NetQ2_2
Change Net Name : Old Net Name=NetR185_2 New Net Name=NetR2_2
Change Net Name : Old Net Name=NetR304_1 New Net Name=NetR8_1
Change Net Name : Old Net Name=NetR305_1 New Net Name=NetR13_1
Added Pin To Net: NetName=+5 Pin=C21-2
Added Pin To Net: NetName=+5 Pin=U4-8
Added Net: Name=+5
Added Pin To Net: NetName=12V_EXP Pin=C2-2
Added Pin To Net: NetName=12V_EXP Pin=C3-1
Added Pin To Net: NetName=12V_EXP Pin=C23-2
Added Pin To Net: NetName=12V_EXP Pin=C25-2
Added Pin To Net: NetName=12V_EXP Pin=C27-2
Added Pin To Net: NetName=12V_EXP Pin=C29-2
Added Pin To Net: NetName=12V_EXP Pin=C31-2
Added Pin To Net: NetName=12V_EXP Pin=C33-2
Added Pin To Net: NetName=12V_EXP Pin=D49-1
Added Pin To Net: NetName=12V_EXP Pin=D49-3
Added Pin To Net: NetName=12V_EXP Pin=D52-1
Added Pin To Net: NetName=12V_EXP Pin=D52-3
Added Pin To Net: NetName=12V_EXP Pin=J1-1
Added Pin To Net: NetName=12V_EXP Pin=J2-1
Added Pin To Net: NetName=12V_EXP Pin=J2-2
Added Pin To Net: NetName=12V_EXP Pin=J2-3
Added Pin To Net: NetName=12V_EXP Pin=R3-2
Added Pin To Net: NetName=12V_EXP Pin=U1-1
Added Pin To Net: NetName=12V_EXP Pin=U1-2
Added Pin To Net: NetName=12V_EXP Pin=U5-10
Added Pin To Net: NetName=12V_EXP Pin=U5-18
Added Pin To Net: NetName=12V_EXP Pin=U6-10
Added Pin To Net: NetName=12V_EXP Pin=U6-18
Added Pin To Net: NetName=12V_EXP Pin=U7-10
Added Pin To Net: NetName=12V_EXP Pin=U7-18
Added Pin To Net: NetName=12V_EXP Pin=U8-10
Added Pin To Net: NetName=12V_EXP Pin=U8-18
Added Pin To Net: NetName=12V_EXP Pin=U9-10
Added Pin To Net: NetName=12V_EXP Pin=U9-18
Added Pin To Net: NetName=12V_EXP Pin=U10-10
Added Pin To Net: NetName=12V_EXP Pin=U10-18
Added Net: Name=12V_EXP
Added Pin To Net: NetName=MISO_LD Pin=D51-3
Added Pin To Net: NetName=MISO_LD Pin=D55-3
Added Pin To Net: NetName=MISO_LD Pin=J1-7
Added Pin To Net: NetName=MISO_LD Pin=J2-11
Added Pin To Net: NetName=MISO_LD Pin=TP6-1
Added Net: Name=MISO_LD
Added Pin To Net: NetName=MOSI_LD Pin=D50-1
Added Pin To Net: NetName=MOSI_LD Pin=D56-1
Added Pin To Net: NetName=MOSI_LD Pin=D56-3
Added Pin To Net: NetName=MOSI_LD Pin=J1-6
Added Pin To Net: NetName=MOSI_LD Pin=J2-12
Added Pin To Net: NetName=MOSI_LD Pin=TP5-1
Added Pin To Net: NetName=MOSI_LD Pin=U2-5
Added Pin To Net: NetName=MOSI_LD Pin=U5-23
Added Net: Name=MOSI_LD
Added Pin To Net: NetName=NetC2_1 Pin=C2-1
Added Pin To Net: NetName=NetC2_1 Pin=C6-2
Added Net: Name=NetC2_1
Added Pin To Net: NetName=NetC23_1 Pin=C23-1
Added Pin To Net: NetName=NetC23_1 Pin=C24-2
Added Net: Name=NetC23_1
Added Pin To Net: NetName=NetC25_1 Pin=C25-1
Added Pin To Net: NetName=NetC25_1 Pin=C26-2
Added Net: Name=NetC25_1
Added Pin To Net: NetName=NetC27_1 Pin=C27-1
Added Pin To Net: NetName=NetC27_1 Pin=C28-2
Added Net: Name=NetC27_1
Added Pin To Net: NetName=NetC29_1 Pin=C29-1
Added Pin To Net: NetName=NetC29_1 Pin=C30-2
Added Net: Name=NetC29_1
Added Pin To Net: NetName=NetC31_1 Pin=C31-1
Added Pin To Net: NetName=NetC31_1 Pin=C32-2
Added Net: Name=NetC31_1
Added Pin To Net: NetName=NetC33_1 Pin=C33-1
Added Pin To Net: NetName=NetC33_1 Pin=C34-2
Added Net: Name=NetC33_1
Added Pin To Net: NetName=NetD1_2 Pin=D1-2
Added Pin To Net: NetName=NetD1_2 Pin=LD1-1
Added Pin To Net: NetName=NetD1_2 Pin=TP14-1
Added Pin To Net: NetName=NetD1_2 Pin=U5-2
Added Net: Name=NetD1_2
Added Pin To Net: NetName=NetD2_2 Pin=D2-2
Added Pin To Net: NetName=NetD2_2 Pin=LD5-1
Added Pin To Net: NetName=NetD2_2 Pin=U5-17
Added Net: Name=NetD2_2
Added Pin To Net: NetName=NetD3_2 Pin=D3-2
Added Pin To Net: NetName=NetD3_2 Pin=LD6-1
Added Pin To Net: NetName=NetD3_2 Pin=U5-15
Added Net: Name=NetD3_2
Added Pin To Net: NetName=NetD4_2 Pin=D4-2
Added Pin To Net: NetName=NetD4_2 Pin=LD2-1
Added Pin To Net: NetName=NetD4_2 Pin=U5-3
Added Net: Name=NetD4_2
Added Pin To Net: NetName=NetD5_2 Pin=D5-2
Added Pin To Net: NetName=NetD5_2 Pin=LD7-1
Added Pin To Net: NetName=NetD5_2 Pin=U5-13
Added Net: Name=NetD5_2
Added Pin To Net: NetName=NetD6_2 Pin=D6-2
Added Pin To Net: NetName=NetD6_2 Pin=LD3-1
Added Pin To Net: NetName=NetD6_2 Pin=U5-5
Added Net: Name=NetD6_2
Added Pin To Net: NetName=NetD7_2 Pin=D7-2
Added Pin To Net: NetName=NetD7_2 Pin=LD8-1
Added Pin To Net: NetName=NetD7_2 Pin=U5-12
Added Net: Name=NetD7_2
Added Pin To Net: NetName=NetD8_2 Pin=D8-2
Added Pin To Net: NetName=NetD8_2 Pin=LD4-1
Added Pin To Net: NetName=NetD8_2 Pin=U5-7
Added Net: Name=NetD8_2
Added Pin To Net: NetName=NetD9_2 Pin=D9-2
Added Pin To Net: NetName=NetD9_2 Pin=LD13-1
Added Pin To Net: NetName=NetD9_2 Pin=U6-17
Added Net: Name=NetD9_2
Added Pin To Net: NetName=NetD10_2 Pin=D10-2
Added Pin To Net: NetName=NetD10_2 Pin=LD9-1
Added Pin To Net: NetName=NetD10_2 Pin=U6-2
Added Net: Name=NetD10_2
Added Pin To Net: NetName=NetD11_2 Pin=D11-2
Added Pin To Net: NetName=NetD11_2 Pin=LD14-1
Added Pin To Net: NetName=NetD11_2 Pin=U6-15
Added Net: Name=NetD11_2
Added Pin To Net: NetName=NetD12_2 Pin=D12-2
Added Pin To Net: NetName=NetD12_2 Pin=LD10-1
Added Pin To Net: NetName=NetD12_2 Pin=U6-3
Added Net: Name=NetD12_2
Added Pin To Net: NetName=NetD13_2 Pin=D13-2
Added Pin To Net: NetName=NetD13_2 Pin=LD15-1
Added Pin To Net: NetName=NetD13_2 Pin=U6-13
Added Net: Name=NetD13_2
Added Pin To Net: NetName=NetD14_2 Pin=D14-2
Added Pin To Net: NetName=NetD14_2 Pin=LD11-1
Added Pin To Net: NetName=NetD14_2 Pin=U6-5
Added Net: Name=NetD14_2
Added Pin To Net: NetName=NetD15_2 Pin=D15-2
Added Pin To Net: NetName=NetD15_2 Pin=LD16-1
Added Pin To Net: NetName=NetD15_2 Pin=U6-12
Added Net: Name=NetD15_2
Added Pin To Net: NetName=NetD16_2 Pin=D16-2
Added Pin To Net: NetName=NetD16_2 Pin=LD12-1
Added Pin To Net: NetName=NetD16_2 Pin=U6-7
Added Net: Name=NetD16_2
Added Pin To Net: NetName=NetD17_2 Pin=D17-2
Added Pin To Net: NetName=NetD17_2 Pin=LD21-1
Added Pin To Net: NetName=NetD17_2 Pin=U7-17
Added Net: Name=NetD17_2
Added Pin To Net: NetName=NetD18_2 Pin=D18-2
Added Pin To Net: NetName=NetD18_2 Pin=LD17-1
Added Pin To Net: NetName=NetD18_2 Pin=U7-2
Added Net: Name=NetD18_2
Added Pin To Net: NetName=NetD19_2 Pin=D19-2
Added Pin To Net: NetName=NetD19_2 Pin=LD18-1
Added Pin To Net: NetName=NetD19_2 Pin=U7-3
Added Net: Name=NetD19_2
Added Pin To Net: NetName=NetD20_2 Pin=D20-2
Added Pin To Net: NetName=NetD20_2 Pin=LD22-1
Added Pin To Net: NetName=NetD20_2 Pin=U7-15
Added Net: Name=NetD20_2
Added Pin To Net: NetName=NetD21_2 Pin=D21-2
Added Pin To Net: NetName=NetD21_2 Pin=LD23-1
Added Pin To Net: NetName=NetD21_2 Pin=U7-13
Added Net: Name=NetD21_2
Added Pin To Net: NetName=NetD22_2 Pin=D22-2
Added Pin To Net: NetName=NetD22_2 Pin=LD19-1
Added Pin To Net: NetName=NetD22_2 Pin=U7-5
Added Net: Name=NetD22_2
Added Pin To Net: NetName=NetD23_2 Pin=D23-2
Added Pin To Net: NetName=NetD23_2 Pin=LD24-1
Added Pin To Net: NetName=NetD23_2 Pin=U7-12
Added Net: Name=NetD23_2
Added Pin To Net: NetName=NetD24_2 Pin=D24-2
Added Pin To Net: NetName=NetD24_2 Pin=LD20-1
Added Pin To Net: NetName=NetD24_2 Pin=U7-7
Added Net: Name=NetD24_2
Added Pin To Net: NetName=NetD25_2 Pin=D25-2
Added Pin To Net: NetName=NetD25_2 Pin=LD29-1
Added Pin To Net: NetName=NetD25_2 Pin=U8-17
Added Net: Name=NetD25_2
Added Pin To Net: NetName=NetD26_2 Pin=D26-2
Added Pin To Net: NetName=NetD26_2 Pin=LD25-1
Added Pin To Net: NetName=NetD26_2 Pin=U8-2
Added Net: Name=NetD26_2
Added Pin To Net: NetName=NetD27_2 Pin=D27-2
Added Pin To Net: NetName=NetD27_2 Pin=LD26-1
Added Pin To Net: NetName=NetD27_2 Pin=U8-3
Added Net: Name=NetD27_2
Added Pin To Net: NetName=NetD28_2 Pin=D28-2
Added Pin To Net: NetName=NetD28_2 Pin=LD30-1
Added Pin To Net: NetName=NetD28_2 Pin=U8-15
Added Net: Name=NetD28_2
Added Pin To Net: NetName=NetD29_2 Pin=D29-2
Added Pin To Net: NetName=NetD29_2 Pin=LD31-1
Added Pin To Net: NetName=NetD29_2 Pin=U8-13
Added Net: Name=NetD29_2
Added Pin To Net: NetName=NetD30_2 Pin=D30-2
Added Pin To Net: NetName=NetD30_2 Pin=LD27-1
Added Pin To Net: NetName=NetD30_2 Pin=U8-5
Added Net: Name=NetD30_2
Added Pin To Net: NetName=NetD31_2 Pin=D31-2
Added Pin To Net: NetName=NetD31_2 Pin=LD32-1
Added Pin To Net: NetName=NetD31_2 Pin=U8-12
Added Net: Name=NetD31_2
Added Pin To Net: NetName=NetD32_2 Pin=D32-2
Added Pin To Net: NetName=NetD32_2 Pin=LD28-1
Added Pin To Net: NetName=NetD32_2 Pin=U8-7
Added Net: Name=NetD32_2
Added Pin To Net: NetName=NetD33_2 Pin=D33-2
Added Pin To Net: NetName=NetD33_2 Pin=LD37-1
Added Pin To Net: NetName=NetD33_2 Pin=U9-17
Added Net: Name=NetD33_2
Added Pin To Net: NetName=NetD34_2 Pin=D34-2
Added Pin To Net: NetName=NetD34_2 Pin=LD33-1
Added Pin To Net: NetName=NetD34_2 Pin=U9-2
Added Net: Name=NetD34_2
Added Pin To Net: NetName=NetD35_2 Pin=D35-2
Added Pin To Net: NetName=NetD35_2 Pin=LD34-1
Added Pin To Net: NetName=NetD35_2 Pin=U9-3
Added Net: Name=NetD35_2
Added Pin To Net: NetName=NetD36_2 Pin=D36-2
Added Pin To Net: NetName=NetD36_2 Pin=LD38-1
Added Pin To Net: NetName=NetD36_2 Pin=U9-15
Added Net: Name=NetD36_2
Added Pin To Net: NetName=NetD37_2 Pin=D37-2
Added Pin To Net: NetName=NetD37_2 Pin=LD39-1
Added Pin To Net: NetName=NetD37_2 Pin=U9-13
Added Net: Name=NetD37_2
Added Pin To Net: NetName=NetD38_2 Pin=D38-2
Added Pin To Net: NetName=NetD38_2 Pin=LD35-1
Added Pin To Net: NetName=NetD38_2 Pin=U9-5
Added Net: Name=NetD38_2
Added Pin To Net: NetName=NetD39_2 Pin=D39-2
Added Pin To Net: NetName=NetD39_2 Pin=LD40-1
Added Pin To Net: NetName=NetD39_2 Pin=U9-12
Added Net: Name=NetD39_2
Added Pin To Net: NetName=NetD40_2 Pin=D40-2
Added Pin To Net: NetName=NetD40_2 Pin=LD36-1
Added Pin To Net: NetName=NetD40_2 Pin=U9-7
Added Net: Name=NetD40_2
Added Pin To Net: NetName=NetD41_2 Pin=D41-2
Added Pin To Net: NetName=NetD41_2 Pin=LD45-1
Added Pin To Net: NetName=NetD41_2 Pin=U10-17
Added Net: Name=NetD41_2
Added Pin To Net: NetName=NetD42_2 Pin=D42-2
Added Pin To Net: NetName=NetD42_2 Pin=LD41-1
Added Pin To Net: NetName=NetD42_2 Pin=U10-2
Added Net: Name=NetD42_2
Added Pin To Net: NetName=NetD43_2 Pin=D43-2
Added Pin To Net: NetName=NetD43_2 Pin=LD42-1
Added Pin To Net: NetName=NetD43_2 Pin=U10-3
Added Net: Name=NetD43_2
Added Pin To Net: NetName=NetD44_2 Pin=D44-2
Added Pin To Net: NetName=NetD44_2 Pin=LD46-1
Added Pin To Net: NetName=NetD44_2 Pin=U10-15
Added Net: Name=NetD44_2
Added Pin To Net: NetName=NetD45_2 Pin=D45-2
Added Pin To Net: NetName=NetD45_2 Pin=LD47-1
Added Pin To Net: NetName=NetD45_2 Pin=U10-13
Added Net: Name=NetD45_2
Added Pin To Net: NetName=NetD46_2 Pin=D46-2
Added Pin To Net: NetName=NetD46_2 Pin=LD43-1
Added Pin To Net: NetName=NetD46_2 Pin=U10-5
Added Net: Name=NetD46_2
Added Pin To Net: NetName=NetD47_2 Pin=D47-2
Added Pin To Net: NetName=NetD47_2 Pin=LD48-1
Added Pin To Net: NetName=NetD47_2 Pin=U10-12
Added Net: Name=NetD47_2
Added Pin To Net: NetName=NetD48_2 Pin=D48-2
Added Pin To Net: NetName=NetD48_2 Pin=LD44-1
Added Pin To Net: NetName=NetD48_2 Pin=U10-7
Added Net: Name=NetD48_2
Added Pin To Net: NetName=NetDS1_1 Pin=DS1-1
Added Pin To Net: NetName=NetDS1_1 Pin=R1-1
Added Net: Name=NetDS1_1
Added Pin To Net: NetName=NetDS2_1 Pin=DS2-1
Added Pin To Net: NetName=NetDS2_1 Pin=R3-1
Added Net: Name=NetDS2_1
Added Pin To Net: NetName=NetR15_1 Pin=R15-1
Added Pin To Net: NetName=NetR15_1 Pin=U6-14
Added Net: Name=NetR15_1
Added Pin To Net: NetName=NetR16_1 Pin=R16-1
Added Pin To Net: NetName=NetR16_1 Pin=U7-14
Added Net: Name=NetR16_1
Added Pin To Net: NetName=NetR17_1 Pin=R17-1
Added Pin To Net: NetName=NetR17_1 Pin=U8-14
Added Net: Name=NetR17_1
Added Pin To Net: NetName=NetR18_1 Pin=R18-1
Added Pin To Net: NetName=NetR18_1 Pin=U9-14
Added Net: Name=NetR18_1
Added Pin To Net: NetName=NetR19_1 Pin=R19-1
Added Pin To Net: NetName=NetR19_1 Pin=U5-14
Added Net: Name=NetR19_1
Added Pin To Net: NetName=NetR36_1 Pin=R36-1
Added Pin To Net: NetName=NetR36_1 Pin=U10-14
Added Net: Name=NetR36_1
Added Pin To Net: NetName=SCK_LD Pin=D50-3
Added Pin To Net: NetName=SCK_LD Pin=D55-1
Added Pin To Net: NetName=SCK_LD Pin=J1-5
Added Pin To Net: NetName=SCK_LD Pin=J2-10
Added Pin To Net: NetName=SCK_LD Pin=TP7-1
Added Pin To Net: NetName=SCK_LD Pin=U2-4
Added Pin To Net: NetName=SCK_LD Pin=U5-22
Added Pin To Net: NetName=SCK_LD Pin=U6-22
Added Pin To Net: NetName=SCK_LD Pin=U7-22
Added Pin To Net: NetName=SCK_LD Pin=U8-22
Added Pin To Net: NetName=SCK_LD Pin=U9-22
Added Pin To Net: NetName=SCK_LD Pin=U10-22
Added Net: Name=SCK_LD
Added Pin To Net: NetName=SDO_1 Pin=R20-1
Added Pin To Net: NetName=SDO_1 Pin=TP16-1
Added Pin To Net: NetName=SDO_1 Pin=U5-20
Added Pin To Net: NetName=SDO_1 Pin=U6-23
Added Net: Name=SDO_1
Added Pin To Net: NetName=SDO_2 Pin=R21-1
Added Pin To Net: NetName=SDO_2 Pin=TP18-1
Added Pin To Net: NetName=SDO_2 Pin=U6-20
Added Pin To Net: NetName=SDO_2 Pin=U7-23
Added Net: Name=SDO_2
Added Pin To Net: NetName=SDO_3 Pin=R22-1
Added Pin To Net: NetName=SDO_3 Pin=TP15-1
Added Pin To Net: NetName=SDO_3 Pin=U7-20
Added Pin To Net: NetName=SDO_3 Pin=U8-23
Added Net: Name=SDO_3
Added Pin To Net: NetName=SDO_4 Pin=R23-1
Added Pin To Net: NetName=SDO_4 Pin=TP17-1
Added Pin To Net: NetName=SDO_4 Pin=U8-20
Added Pin To Net: NetName=SDO_4 Pin=U9-23
Added Net: Name=SDO_4
Added Pin To Net: NetName=SDO_5 Pin=R24-1
Added Pin To Net: NetName=SDO_5 Pin=TP19-1
Added Pin To Net: NetName=SDO_5 Pin=U9-20
Added Pin To Net: NetName=SDO_5 Pin=U10-23
Added Net: Name=SDO_5
Added Pin To Net: NetName=SW_EXT_CS Pin=D51-1
Added Pin To Net: NetName=SW_EXT_CS Pin=D53-3
Added Pin To Net: NetName=SW_EXT_CS Pin=J1-8
Added Pin To Net: NetName=SW_EXT_CS Pin=J2-6
Added Pin To Net: NetName=SW_EXT_CS Pin=TP8-1
Added Net: Name=SW_EXT_CS
Added Pin To Net: NetName=SW_INT_CS Pin=D54-3
Added Pin To Net: NetName=SW_INT_CS Pin=J2-4
Added Pin To Net: NetName=SW_INT_CS Pin=TP4-1
Added Pin To Net: NetName=SW_INT_CS Pin=U5-21
Added Pin To Net: NetName=SW_INT_CS Pin=U6-21
Added Pin To Net: NetName=SW_INT_CS Pin=U7-21
Added Pin To Net: NetName=SW_INT_CS Pin=U8-21
Added Pin To Net: NetName=SW_INT_CS Pin=U9-21
Added Pin To Net: NetName=SW_INT_CS Pin=U10-21
Added Net: Name=SW_INT_CS
Added Member To Class: ClassName=COMMUNICATION Member=Component C7 0.22uF/25V
Added Member To Class: ClassName=COMMUNICATION Member=Component C8 0.22uF/25V
Added Member To Class: ClassName=COMMUNICATION Member=Component C9 0.22uF/25V
Added Member To Class: ClassName=COMMUNICATION Member=Component C10 0.22uF/25V
Added Member To Class: ClassName=COMMUNICATION Member=Component C11 0.22uF/25V
Added Member To Class: ClassName=COMMUNICATION Member=Component C12 0.22uF/25V
Added Member To Class: ClassName=CURRENT_SOURCE Member=Component C13 470pF/50V
Added Member To Class: ClassName=CURRENT_SOURCE Member=Component C14 0.1uF/25V
Added Member To Class: ClassName=CURRENT_SOURCE Member=Component C16 0.22uF/25V
Added Member To Class: ClassName=CURRENT_SOURCE Member=Component C17 0.22uF/25V
Added Member To Class: ClassName=CURRENT_SOURCE Member=Component C18 470pF/50V
Added Member To Class: ClassName=CURRENT_SOURCE Member=Component C20 470pF/50V
Added Member To Class: ClassName=CURRENT_SOURCE Member=Component C22 0.22uF/25V
Added Member To Class: ClassName=SWITCHING Member=Component C24 0.1uF/25V
Added Member To Class: ClassName=SWITCHING Member=Component C25 0.1uF/25V
Added Member To Class: ClassName=SWITCHING Member=Component C27 0.1uF/25V
Added Member To Class: ClassName=SWITCHING Member=Component C29 0.1uF/25V
Added Member To Class: ClassName=SWITCHING Member=Component C30 0.1uF/25V
Added Member To Class: ClassName=SWITCHING Member=Component C31 0.1uF/25V
Added Member To Class: ClassName=SWITCHING Member=Component C33 0.1uF/25V
Added Member To Class: ClassName=SWITCHING Member=Component C34 0.1uF/25V
Added Member To Class: ClassName=SWITCHING Member=Component D3 1N4148W-TP
Added Member To Class: ClassName=SWITCHING Member=Component D4 1N4148W-TP
Added Member To Class: ClassName=SWITCHING Member=Component D5 1N4148W-TP
Added Member To Class: ClassName=SWITCHING Member=Component D6 1N4148W-TP
Added Member To Class: ClassName=SWITCHING Member=Component D7 1N4148W-TP
Added Member To Class: ClassName=SWITCHING Member=Component D8 1N4148W-TP
Added Member To Class: ClassName=SWITCHING Member=Component D9 1N4148W-TP
Added Member To Class: ClassName=SWITCHING Member=Component D10 1N4148W-TP
Added Member To Class: ClassName=SWITCHING Member=Component D11 1N4148W-TP
Added Member To Class: ClassName=SWITCHING Member=Component D12 1N4148W-TP
Added Member To Class: ClassName=SWITCHING Member=Component D13 1N4148W-TP
Added Member To Class: ClassName=SWITCHING Member=Component D14 1N4148W-TP
Added Member To Class: ClassName=SWITCHING Member=Component D15 1N4148W-TP
Added Member To Class: ClassName=SWITCHING Member=Component D16 1N4148W-TP
Added Member To Class: ClassName=SWITCHING Member=Component D17 1N4148W-TP
Added Member To Class: ClassName=SWITCHING Member=Component D18 1N4148W-TP
Added Member To Class: ClassName=SWITCHING Member=Component D19 1N4148W-TP
Added Member To Class: ClassName=SWITCHING Member=Component D20 1N4148W-TP
Added Member To Class: ClassName=SWITCHING Member=Component D21 1N4148W-TP
Added Member To Class: ClassName=SWITCHING Member=Component D22 1N4148W-TP
Added Member To Class: ClassName=SWITCHING Member=Component D23 1N4148W-TP
Added Member To Class: ClassName=SWITCHING Member=Component D24 1N4148W-TP
Added Member To Class: ClassName=SWITCHING Member=Component D25 1N4148W-TP
Added Member To Class: ClassName=SWITCHING Member=Component D26 1N4148W-TP
Added Member To Class: ClassName=SWITCHING Member=Component D27 1N4148W-TP
Added Member To Class: ClassName=SWITCHING Member=Component D28 1N4148W-TP
Added Member To Class: ClassName=SWITCHING Member=Component D29 1N4148W-TP
Added Member To Class: ClassName=SWITCHING Member=Component D30 1N4148W-TP
Added Member To Class: ClassName=SWITCHING Member=Component D31 1N4148W-TP
Added Member To Class: ClassName=SWITCHING Member=Component D32 1N4148W-TP
Added Member To Class: ClassName=SWITCHING Member=Component D33 1N4148W-TP
Added Member To Class: ClassName=SWITCHING Member=Component D34 1N4148W-TP
Added Member To Class: ClassName=SWITCHING Member=Component D35 1N4148W-TP
Added Member To Class: ClassName=SWITCHING Member=Component D36 1N4148W-TP
Added Member To Class: ClassName=SWITCHING Member=Component D37 1N4148W-TP
Added Member To Class: ClassName=SWITCHING Member=Component D38 1N4148W-TP
Added Member To Class: ClassName=SWITCHING Member=Component D39 1N4148W-TP
Added Member To Class: ClassName=SWITCHING Member=Component D40 1N4148W-TP
Added Member To Class: ClassName=SWITCHING Member=Component D41 1N4148W-TP
Added Member To Class: ClassName=SWITCHING Member=Component D42 1N4148W-TP
Added Member To Class: ClassName=SWITCHING Member=Component D43 1N4148W-TP
Added Member To Class: ClassName=SWITCHING Member=Component D44 1N4148W-TP
Added Member To Class: ClassName=SWITCHING Member=Component D45 1N4148W-TP
Added Member To Class: ClassName=SWITCHING Member=Component D46 1N4148W-TP
Added Member To Class: ClassName=SWITCHING Member=Component D47 1N4148W-TP
Added Member To Class: ClassName=SWITCHING Member=Component D48 1N4148W-TP
Added Member To Class: ClassName=COMMUNICATION Member=Component D49 S2312
Added Member To Class: ClassName=COMMUNICATION Member=Component D50 S2303
Added Member To Class: ClassName=COMMUNICATION Member=Component D51 S2303
Added Member To Class: ClassName=COMMUNICATION Member=Component D52 S2312
Added Member To Class: ClassName=COMMUNICATION Member=Component D53 S2303
Added Member To Class: ClassName=COMMUNICATION Member=Component D54 S2303
Added Member To Class: ClassName=COMMUNICATION Member=Component D55 S2303
Added Member To Class: ClassName=COMMUNICATION Member=Component D56 S2303
Added Member To Class: ClassName=COMMUNICATION Member=Component D57 S2303
Added Member To Class: ClassName=LDO Member=Component DS1 LED_3.3V
Added Member To Class: ClassName=LDO Member=Component DS2 LED_12V
Added Member To Class: ClassName=COMMUNICATION Member=Component H1 M3
Added Member To Class: ClassName=COMMUNICATION Member=Component H2 M3
Added Member To Class: ClassName=COMMUNICATION Member=Component H3 M3
Added Member To Class: ClassName=COMMUNICATION Member=Component H4 M3
Added Member To Class: ClassName=COMMUNICATION Member=Component J1 LASER EXT
Added Member To Class: ClassName=COMMUNICATION Member=Component J2 JP7x2
Added Member To Class: ClassName=COMMUNICATION Member=Component L1 10uH
Added Member To Class: ClassName=SWITCHING Member=Component LD3 LaserDiode
Added Member To Class: ClassName=SWITCHING Member=Component LD28 LaserDiode
Added Member To Class: ClassName=CURRENT_SOURCE Member=Component Q2 AO3400
Added Member To Class: ClassName=COMMUNICATION Member=Component R2 4.7K 1%
Added Member To Class: ClassName=CURRENT_SOURCE Member=Component R5 50R 1%
Added Member To Class: ClassName=CURRENT_SOURCE Member=Component R7 1K 1%
Added Member To Class: ClassName=CURRENT_SOURCE Member=Component R8 50R 1%
Added Member To Class: ClassName=CURRENT_SOURCE Member=Component R9 120R 1%
Added Member To Class: ClassName=CURRENT_SOURCE Member=Component R10 50R 1%
Added Member To Class: ClassName=CURRENT_SOURCE Member=Component R11 100R 1%
Added Member To Class: ClassName=CURRENT_SOURCE Member=Component R12 1K 1%
Added Member To Class: ClassName=CURRENT_SOURCE Member=Component R13 50R 1%
Added Member To Class: ClassName=CURRENT_SOURCE Member=Component R14 120R 1%
Added Member To Class: ClassName=SWITCHING Member=Component R15 4.7K 1%
Added Member To Class: ClassName=SWITCHING Member=Component R17 4.7K 1%
Added Member To Class: ClassName=COMMUNICATION Member=Component TP1 Test_Point
Added Member To Class: ClassName=COMMUNICATION Member=Component TP2 Test_Point
Added Member To Class: ClassName=COMMUNICATION Member=Component TP3 Test_Point
Added Member To Class: ClassName=COMMUNICATION Member=Component TP4 Test_Point
Added Member To Class: ClassName=COMMUNICATION Member=Component TP5 Test_Point
Added Member To Class: ClassName=COMMUNICATION Member=Component TP6 Test_Point
Added Member To Class: ClassName=COMMUNICATION Member=Component TP7 Test_Point
Added Member To Class: ClassName=COMMUNICATION Member=Component TP8 Test_Point
Added Member To Class: ClassName=COMMUNICATION Member=Component TP9 Test_Point
Added Member To Class: ClassName=COMMUNICATION Member=Component TP10 Test_Point
Added Member To Class: ClassName=CURRENT_SOURCE Member=Component TP11 Test_Point
Added Member To Class: ClassName=CURRENT_SOURCE Member=Component TP12 Test_Point
Added Member To Class: ClassName=SWITCHING Member=Component TP13 Test_Point
Added Member To Class: ClassName=SWITCHING Member=Component TP14 Test_Point
Added Member To Class: ClassName=SWITCHING Member=Component TP15 Test_Point
Added Member To Class: ClassName=SWITCHING Member=Component TP16 Test_Point
Added Member To Class: ClassName=SWITCHING Member=Component TP17 Test_Point
Added Member To Class: ClassName=SWITCHING Member=Component TP18 Test_Point
Added Member To Class: ClassName=SWITCHING Member=Component TP19 Test_Point
Added Member To Class: ClassName=CURRENT_SOURCE Member=Component U3 OPA2340UA
Added Member To Class: ClassName=SWITCHING Member=Component U5 ADGS1408BCPZ
