Removed Pin From Net: NetName=GND Pin=U3-4
Removed Pin From Net: NetName=+3.3 Pin=U3-8
Removed Pin From Net: NetName=NetC19_2 Pin=U4-1
Removed Pin From Net: NetName=NetC19_1 Pin=U4-2
Removed Pin From Net: NetName=NetC18_2 Pin=U4-3
Removed Pin From Net: NetName=GND Pin=U4-4
Removed Pin From Net: NetName=NetQ2_2 Pin=U4-5
Removed Pin From Net: NetName=NetR13_1 Pin=U4-6
Removed Pin From Net: NetName=NetR13_1 Pin=U4-7
Removed Pin From Net: NetName=+3.3 Pin=U4-8
Removed Member From Class: ClassName=CURRENT_SOURCE Member=U4
Change Component Footprint: Designator=U3 Old Footprint=SO8 New Footprint=SSOP16
Change Component Comment : Designator=U3 Old Comment=OPA2340UA New Comment=OPA4340
Change component parameters: Designator = "U3" ("U3"); Footprint = "SO8"; UniqueID = "\PTDNMNCP" ("\PTDNMNCP")
Change component parameters (AddParameter): Name = "Supplier 1"; Value = "Mouser"; VariantName = "[No Variations]"
Change component parameters (AddParameter): Name = "Supplier Part Number 1"; Value = "595-OPA4340UA/2K5"; VariantName = "[No Variations]"
Added Pin To Net: NetName=+3.3 Pin=U3-4
Added Pin To Net: NetName=NetC19_2 Pin=U3-10
Added Pin To Net: NetName=NetC19_1 Pin=U3-11
Added Pin To Net: NetName=NetC18_2 Pin=U3-12
Added Pin To Net: NetName=GND Pin=U3-13
Added Pin To Net: NetName=NetQ2_2 Pin=U3-14
Added Pin To Net: NetName=NetR13_1 Pin=U3-15
Added Pin To Net: NetName=NetR13_1 Pin=U3-16
Added Member To Class: ClassName=SWITCHING Member=Component D1 1N4148W-TP
Added Member To Class: ClassName=SWITCHING Member=Component D2 1N4148W-TP
Added Member To Class: ClassName=SWITCHING Member=Component D3 1N4148W-TP
Added Member To Class: ClassName=SWITCHING Member=Component D4 1N4148W-TP
Added Member To Class: ClassName=SWITCHING Member=Component D5 1N4148W-TP
Added Member To Class: ClassName=SWITCHING Member=Component D6 1N4148W-TP
Added Member To Class: ClassName=SWITCHING Member=Component D7 1N4148W-TP
Added Member To Class: ClassName=SWITCHING Member=Component D8 1N4148W-TP
Added Member To Class: ClassName=SWITCHING Member=Component D9 1N4148W-TP
Added Member To Class: ClassName=SWITCHING Member=Component D10 1N4148W-TP
Added Member To Class: ClassName=SWITCHING Member=Component D11 1N4148W-TP
Added Member To Class: ClassName=SWITCHING Member=Component D12 1N4148W-TP
Added Member To Class: ClassName=SWITCHING Member=Component D13 1N4148W-TP
Added Member To Class: ClassName=SWITCHING Member=Component D14 1N4148W-TP
Added Member To Class: ClassName=SWITCHING Member=Component D15 1N4148W-TP
Added Member To Class: ClassName=SWITCHING Member=Component D16 1N4148W-TP
Added Member To Class: ClassName=SWITCHING Member=Component D17 1N4148W-TP
Added Member To Class: ClassName=SWITCHING Member=Component D18 1N4148W-TP
Added Member To Class: ClassName=SWITCHING Member=Component D19 1N4148W-TP
Added Member To Class: ClassName=SWITCHING Member=Component D20 1N4148W-TP
Added Member To Class: ClassName=SWITCHING Member=Component D21 1N4148W-TP
Added Member To Class: ClassName=SWITCHING Member=Component D22 1N4148W-TP
Added Member To Class: ClassName=SWITCHING Member=Component D23 1N4148W-TP
Added Member To Class: ClassName=SWITCHING Member=Component D24 1N4148W-TP
Added Member To Class: ClassName=SWITCHING Member=Component D25 1N4148W-TP
Added Member To Class: ClassName=SWITCHING Member=Component D26 1N4148W-TP
Added Member To Class: ClassName=SWITCHING Member=Component D27 1N4148W-TP
Added Member To Class: ClassName=SWITCHING Member=Component D28 1N4148W-TP
Added Member To Class: ClassName=SWITCHING Member=Component D29 1N4148W-TP
Added Member To Class: ClassName=SWITCHING Member=Component D30 1N4148W-TP
Added Member To Class: ClassName=SWITCHING Member=Component D31 1N4148W-TP
Added Member To Class: ClassName=SWITCHING Member=Component D32 1N4148W-TP
Added Member To Class: ClassName=SWITCHING Member=Component D34 1N4148W-TP
Added Member To Class: ClassName=SWITCHING Member=Component D35 1N4148W-TP
Added Member To Class: ClassName=SWITCHING Member=Component D38 1N4148W-TP
Added Member To Class: ClassName=SWITCHING Member=Component D40 1N4148W-TP
